Log file open, 08/28/18 20:20:27
LogWindows: Failed to load 'aqProf.dll' (GetLastError=126)
LogWindows: File 'aqProf.dll' does not exist
LogWindows: Failed to load 'VtuneApi.dll' (GetLastError=126)
LogWindows: File 'VtuneApi.dll' does not exist
LogWindows: Failed to load 'VtuneApi32e.dll' (GetLastError=126)
LogWindows: File 'VtuneApi32e.dll' does not exist
LogInit: Display: Running engine for game: Maze_3D
LogPlatformFile: Not using cached read wrapper
LogTaskGraph: Started task graph with 5 named threads and 23 total threads with 3 sets of task threads.
LogStats: Stats thread started at 0.270297
LogD3D11RHI: Loaded GFSDK_Aftermath_Lib.x64.dll
LogICUInternationalization: Display: ICU TimeZone Detection - Raw Offset: -8:00, Platform Override: ''
LogPluginManager: Mounting plugin Paper2D
LogPluginManager: Mounting plugin AISupport
LogPluginManager: Mounting plugin LightPropagationVolume
LogPluginManager: Mounting plugin CLionSourceCodeAccess
LogPluginManager: Mounting plugin CodeLiteSourceCodeAccess
LogPluginManager: Mounting plugin GitSourceControl
LogPluginManager: Mounting plugin KDevelopSourceCodeAccess
LogPluginManager: Mounting plugin NullSourceCodeAccess
LogPluginManager: Mounting plugin PerforceSourceControl
LogPluginManager: Mounting plugin SubversionSourceControl
LogPluginManager: Mounting plugin UObjectPlugin
LogPluginManager: Mounting plugin VisualStudioCodeSourceCodeAccess
LogPluginManager: Mounting plugin VisualStudioSourceCodeAccess
LogPluginManager: Mounting plugin XCodeSourceCodeAccess
LogPluginManager: Mounting plugin AssetManagerEditor
LogPluginManager: Mounting plugin CryptoKeys
LogPluginManager: Mounting plugin DataValidation
LogPluginManager: Mounting plugin FacialAnimation
LogPluginManager: Mounting plugin GameplayTagsEditor
LogPluginManager: Mounting plugin MacGraphicsSwitching
LogPluginManager: Mounting plugin MeshEditor
LogPluginManager: Mounting plugin MobileLauncherProfileWizard
LogPluginManager: Mounting plugin PluginBrowser
LogPluginManager: Mounting plugin SpeedTreeImporter
LogPluginManager: Mounting plugin DatasmithContent
LogPluginManager: Mounting plugin AlembicImporter
LogPluginManager: Mounting plugin AppleImageUtils
LogPluginManager: Mounting plugin AppleVision
LogPluginManager: Mounting plugin BackChannel
LogPluginManager: Mounting plugin CharacterAI
LogPluginManager: Mounting plugin GeometryCache
LogPluginManager: Mounting plugin HTML5Networking
LogPluginManager: Mounting plugin ProxyLODPlugin
LogPluginManager: Mounting plugin MagicLeap
LogPluginManager: Mounting plugin MagicLeapEmulator
LogPluginManager: Mounting plugin MagicLeapMedia
LogPluginManager: Mounting plugin AndroidMedia
LogPluginManager: Mounting plugin AvfMedia
LogPluginManager: Mounting plugin ImgMedia
LogPluginManager: Mounting plugin LinearTimecode
LogPluginManager: Mounting plugin MediaCompositing
LogPluginManager: Mounting plugin MediaPlayerEditor
LogPluginManager: Mounting plugin WmfMedia
LogPluginManager: Mounting plugin TcpMessaging
LogPluginManager: Mounting plugin UdpMessaging
LogPluginManager: Mounting plugin ActorSequence
LogPluginManager: Mounting plugin LevelSequenceEditor
LogPluginManager: Mounting plugin MatineeToLevelSequence
LogPluginManager: Mounting plugin NetcodeUnitTest
LogPluginManager: Mounting plugin NUTUnrealEngine4
LogPluginManager: Mounting plugin OnlineSubsystemGooglePlay
LogPluginManager: Mounting plugin OnlineSubsystemIOS
LogPluginManager: Mounting plugin OnlineSubsystem
LogPluginManager: Mounting plugin OnlineSubsystemNull
LogPluginManager: Mounting plugin OnlineSubsystemUtils
LogPluginManager: Mounting plugin LauncherChunkInstaller
LogPluginManager: Mounting plugin AndroidDeviceProfileSelector
LogPluginManager: Mounting plugin AndroidMoviePlayer
LogPluginManager: Mounting plugin AndroidPermission
LogPluginManager: Mounting plugin AppleMoviePlayer
LogPluginManager: Mounting plugin ArchVisCharacter
LogPluginManager: Mounting plugin AudioCapture
LogPluginManager: Mounting plugin CableComponent
LogPluginManager: Mounting plugin CustomMeshComponent
LogPluginManager: Mounting plugin EditableMesh
LogPluginManager: Mounting plugin ExampleDeviceProfileSelector
LogPluginManager: Mounting plugin GoogleCloudMessaging
LogPluginManager: Mounting plugin ImmediatePhysics
LogPluginManager: Mounting plugin IOSDeviceProfileSelector
LogPluginManager: Mounting plugin LinuxDeviceProfileSelector
LogPluginManager: Mounting plugin LocationServicesBPLibrary
LogPluginManager: Mounting plugin MobilePatchingUtils
LogPluginManager: Mounting plugin OculusVR
LogPluginManager: Plugin shader directory ../../../Engine/Plugins/Runtime/Oculus/OculusVR/Shaders found
LogPluginManager: Mapping shader source directory ../../../Engine/Plugins/Runtime/Oculus/OculusVR/Shaders to virtual directory /Plugin/OculusVR
LogPluginManager: Mounting plugin PhysXVehicles
LogPluginManager: Mounting plugin ProceduralMeshComponent
LogPluginManager: Mounting plugin RuntimePhysXCooking
LogPluginManager: Mounting plugin SteamVR
LogPluginManager: Mounting plugin WindowsMoviePlayer
LogStreaming: Display: Took  0.141s to configure plugins.
LogInit: Using libcurl 7.55.1-DEV
LogInit:  - built for x86_64-pc-win32
LogInit:  - supports SSL with OpenSSL/1.0.2h
LogInit:  - supports HTTP deflate (compression) using libz 1.2.8
LogInit:  - other features:
LogInit:      CURL_VERSION_SSL
LogInit:      CURL_VERSION_LIBZ
LogInit:      CURL_VERSION_IPV6
LogInit:      CURL_VERSION_ASYNCHDNS
LogInit:      CURL_VERSION_LARGEFILE
LogInit:      CURL_VERSION_IDN
LogInit:  CurlRequestOptions (configurable via config and command line):
LogInit:  - bVerifyPeer = false  - Libcurl will NOT verify peer certificate
LogInit:  - bUseHttpProxy = false  - Libcurl will NOT use HTTP proxy
LogInit:  - bDontReuseConnections = false  - Libcurl will reuse connections
LogInit:  - CertBundlePath = nullptr  - Libcurl will use whatever was configured at build time.
LogInit:  - MaxHostConnections = 16  - Libcurl will limit the number of connections to a host
LogInit:  - LocalHostAddr = Default
LogInit:  - BufferSize = 65536
LogInit: WinSock: version 1.1 (2.2), MaxSocks=32767, MaxUdp=65467
LogInit: Build: ++UE4+Release-4.20-CL-4233996
LogInit: Engine Version: 4.20.1-4233996+++UE4+Release-4.20
LogInit: Compatible Engine Version: 4.20.0-4212847+++UE4+Release-4.20
LogInit: Net CL: 4212847
LogInit: OS: Windows 10 (), CPU: Intel(R) Core(TM) i7-6700 CPU @ 3.40GHz, GPU: NVIDIA GeForce GTX 1060 6GB
LogInit: Compiled (64-bit): Jul 26 2018 10:07:30
LogInit: Compiled with Visual C++: 19.13.26129.00
LogInit: Build Configuration: Development
LogInit: Branch Name: ++UE4+Release-4.20
LogInit: Command Line:  
LogInit: Base Directory: D:/Epic Games/UE_4.20/Engine/Binaries/Win64/
LogInit: Installed Engine Build: 1
LogDevObjectVersion: Number of dev versions registered: 20
LogDevObjectVersion:   Dev-Blueprints (B0D832E4-1F89-4F0D-ACCF-7EB736FD4AA2): 10
LogDevObjectVersion:   Dev-Build (E1C64328-A22C-4D53-A36C-8E866417BD8C): 0
LogDevObjectVersion:   Dev-Core (375EC13C-06E4-48FB-B500-84F0262A717E): 2
LogDevObjectVersion:   Dev-Editor (E4B068ED-F494-42E9-A231-DA0B2E46BB41): 24
LogDevObjectVersion:   Dev-Framework (CFFC743F-43B0-4480-9391-14DF171D2073): 34
LogDevObjectVersion:   Dev-Mobile (B02B49B5-BB20-44E9-A304-32B752E40360): 2
LogDevObjectVersion:   Dev-Networking (A4E4105C-59A1-49B5-A7C5-40C4547EDFEE): 0
LogDevObjectVersion:   Dev-Online (39C831C9-5AE6-47DC-9A44-9C173E1C8E7C): 0
LogDevObjectVersion:   Dev-Physics (78F01B33-EBEA-4F98-B9B4-84EACCB95AA2): 0
LogDevObjectVersion:   Dev-Platform (6631380F-2D4D-43E0-8009-CF276956A95A): 0
LogDevObjectVersion:   Dev-Rendering (12F88B9F-8875-4AFC-A67C-D90C383ABD29): 26
LogDevObjectVersion:   Dev-Sequencer (7B5AE74C-D270-4C10-A958-57980B212A5A): 9
LogDevObjectVersion:   Dev-VR (D7296918-1DD6-4BDD-9DE2-64A83CC13884): 2
LogDevObjectVersion:   Dev-LoadTimes (C2A15278-BFE7-4AFE-6C17-90FF531DF755): 1
LogDevObjectVersion:   Private-Geometry (6EACA3D4-40EC-4CC1-B786-8BED09428FC5): 3
LogDevObjectVersion:   Dev-AnimPhys (29E575DD-E0A3-4627-9D10-D276232CDCEA): 17
LogDevObjectVersion:   Dev-ReflectionCapture (6B266CEC-1EC7-4B8F-A30B-E4D90942FC07): 1
LogDevObjectVersion:   Dev-Automation (0DF73D61-A23F-47EA-B727-89E90C41499A): 1
LogDevObjectVersion:   FortniteMain (601D1886-AC64-4F84-AA16-D3DE0DEAC7D6): 12
LogDevObjectVersion:   Dev-Enterprise (9DFFBCD6-494F-0158-E221-12823C92A888): 1
LogStreaming: Display: Took  0.001s to delete old logs.
LogInit: Presizing for max 8388607 objects, including 0 objects not considered by GC, pre-allocating 0 bytes for permanent pool.
LogInit: Object subsystem initialized
[2018.08.29-03.20.28:034][  0]LogInit: Selected Device Profile: [Windows]
[2018.08.29-03.20.28:034][  0]LogInit: Applying CVar settings loaded from the selected device profile: [Windows]
[2018.08.29-03.20.28:042][  0]LogHAL: Display: Platform has ~ 16 GB [17136615424 / 17179869184 / 16], which maps to Larger [LargestMinGB=32, LargerMinGB=12, DefaultMinGB=8, SmallerMinGB=6, SmallestMinGB=0)
[2018.08.29-03.20.28:042][  0]LogInit: Setting Device Profile CVar: [[r.Vulkan.UseRealUBs:1]]
[2018.08.29-03.20.28:042][  0]LogInit: Going up to parent DeviceProfile []
[2018.08.29-03.20.28:043][  0]LogInit: Computer: IRONSIDE
[2018.08.29-03.20.28:043][  0]LogInit: User: User
[2018.08.29-03.20.28:043][  0]LogInit: CPU Page size=4096, Cores=4
[2018.08.29-03.20.28:043][  0]LogInit: High frequency timer resolution =3.328128 MHz
[2018.08.29-03.20.28:043][  0]LogMemory: Memory total: Physical=16.0GB (16GB approx)
[2018.08.29-03.20.28:043][  0]LogMemory: Platform Memory Stats for Windows
[2018.08.29-03.20.28:043][  0]LogMemory: Process Physical Memory: 101.91 MB used, 101.91 MB peak
[2018.08.29-03.20.28:043][  0]LogMemory: Process Virtual Memory: 89.40 MB used, 89.40 MB peak
[2018.08.29-03.20.28:043][  0]LogMemory: Physical Memory: 6035.99 MB used,  10306.76 MB free, 16342.75 MB total
[2018.08.29-03.20.28:043][  0]LogMemory: Virtual Memory: 4638.79 MB used,  10306.76 MB free, 134217728.00 MB total
[2018.08.29-03.20.28:063][  0]LogInit: Using OS detected language (en-US).
[2018.08.29-03.20.28:063][  0]LogInit: Using OS detected locale (en-US).
[2018.08.29-03.20.28:064][  0]LogTextLocalizationManager: No specific localization for 'en-US' exists, so the 'en' localization will be used.
[2018.08.29-03.20.28:402][  0]LogStreaming: Display: Took  0.340s to InitEngineTextLocalization.
[2018.08.29-03.20.28:402][  0]LogInit: Setting process to per monitor DPI aware
[2018.08.29-03.20.28:433][  0]LogSlate: New Slate User Created.  User Index 0, Is Virtual User: 0
[2018.08.29-03.20.28:433][  0]LogSlate: Slate User Registered.  User Index 0, Is Virtual User: 0
[2018.08.29-03.20.28:699][  0]LogHMD: Failed to initialize OpenVR with code 110
[2018.08.29-03.20.28:699][  0]LogD3D11RHI: D3D11 adapters:
[2018.08.29-03.20.28:764][  0]LogD3D11RHI:    0. 'NVIDIA GeForce GTX 1060 6GB' (Feature Level 11_0)
[2018.08.29-03.20.28:764][  0]LogD3D11RHI:       6052/0/8171 MB DedicatedVideo/DedicatedSystem/SharedSystem, Outputs:2, VendorId:0x10de
[2018.08.29-03.20.28:766][  0]LogD3D11RHI:    1. 'Microsoft Basic Render Driver' (Feature Level 11_0)
[2018.08.29-03.20.28:766][  0]LogD3D11RHI:       0/0/8171 MB DedicatedVideo/DedicatedSystem/SharedSystem, Outputs:0, VendorId:0x1414
[2018.08.29-03.20.28:766][  0]LogD3D11RHI: Chosen D3D11 Adapter: 0
[2018.08.29-03.20.28:773][  0]LogD3D11RHI: Creating new Direct3DDevice
[2018.08.29-03.20.28:773][  0]LogD3D11RHI:     GPU DeviceId: 0x1c03 (for the marketing name, search the web for "GPU Device Id")
[2018.08.29-03.20.28:773][  0]LogWindows: EnumDisplayDevices:
[2018.08.29-03.20.28:773][  0]LogWindows:    0. 'NVIDIA GeForce GTX 1060 6GB' (P:1 D:1)
[2018.08.29-03.20.28:773][  0]LogWindows:    1. 'NVIDIA GeForce GTX 1060 6GB' (P:0 D:1)
[2018.08.29-03.20.28:774][  0]LogWindows:    2. 'NVIDIA GeForce GTX 1060 6GB' (P:0 D:0)
[2018.08.29-03.20.28:774][  0]LogWindows:    3. 'NVIDIA GeForce GTX 1060 6GB' (P:0 D:0)
[2018.08.29-03.20.28:774][  0]LogWindows: DebugString: FoundDriverCount:4 
[2018.08.29-03.20.28:774][  0]LogD3D11RHI:     Adapter Name: NVIDIA GeForce GTX 1060 6GB
[2018.08.29-03.20.28:774][  0]LogD3D11RHI:   Driver Version: 398.36 (internal:24.21.13.9836, unified:398.36)
[2018.08.29-03.20.28:774][  0]LogD3D11RHI:      Driver Date: 6-24-2018
[2018.08.29-03.20.28:774][  0]LogRHI: Texture pool is 4236 MB (70% of 6052 MB)
[2018.08.29-03.20.28:814][  0]LogD3D11RHI: Async texture creation enabled
[2018.08.29-03.20.28:830][  0]LogD3D11RHI: GPU Timing Frequency: 1000.000000 (Debug: 2 2)
[2018.08.29-03.20.28:881][  0]LogShaderCompilers: Guid format shader working directory is -17 characters bigger than the processId version (../../../../../My Files/The Documents/Unreal Projects/Maze_3D/Intermediate/Shaders/WorkingDirectory/17428/).
[2018.08.29-03.20.28:881][  0]LogShaderCompilers: Cleaned the shader compiler working directory 'C:/Users/User/AppData/Local/Temp/UnrealShaderWorkingDir/74736F9F46B13F874F750E827460A1E5/'.
[2018.08.29-03.20.29:196][  0]LogTemp: Display: Loaded TP AllDesktopTargetPlatform
[2018.08.29-03.20.29:207][  0]LogTemp: Display: Loaded TP MacClientTargetPlatform
[2018.08.29-03.20.29:220][  0]LogTemp: Display: Loaded TP MacNoEditorTargetPlatform
[2018.08.29-03.20.29:232][  0]LogTemp: Display: Loaded TP MacServerTargetPlatform
[2018.08.29-03.20.29:244][  0]LogTemp: Display: Loaded TP MacTargetPlatform
[2018.08.29-03.20.29:256][  0]LogTemp: Display: Loaded TP WindowsClientTargetPlatform
[2018.08.29-03.20.29:268][  0]LogTemp: Display: Loaded TP WindowsNoEditorTargetPlatform
[2018.08.29-03.20.29:281][  0]LogTemp: Display: Loaded TP WindowsServerTargetPlatform
[2018.08.29-03.20.29:286][  0]LogTemp: Display: Loaded TP WindowsTargetPlatform
[2018.08.29-03.20.29:355][  0]LogTemp: Display: Loaded TP AndroidTargetPlatform
[2018.08.29-03.20.29:355][  0]LogTemp: Display: Loaded TP AndroidTargetPlatform
[2018.08.29-03.20.29:355][  0]LogTemp: Display: Loaded TP AndroidTargetPlatform
[2018.08.29-03.20.29:355][  0]LogTemp: Display: Loaded TP AndroidTargetPlatform
[2018.08.29-03.20.29:355][  0]LogTemp: Display: Loaded TP AndroidTargetPlatform
[2018.08.29-03.20.29:355][  0]LogTemp: Display: Loaded TP AndroidTargetPlatform
[2018.08.29-03.20.29:355][  0]LogTemp: Display: Loaded TP AndroidTargetPlatform
[2018.08.29-03.20.29:355][  0]LogTemp: Display: Loaded TP AndroidTargetPlatform
[2018.08.29-03.20.29:355][  0]LogTemp: Display: Loaded TP AndroidTargetPlatform
[2018.08.29-03.20.29:355][  0]LogTemp: Display: Loaded TP AndroidTargetPlatform
[2018.08.29-03.20.29:355][  0]LogTemp: Display: Loaded TP AndroidTargetPlatform
[2018.08.29-03.20.29:355][  0]LogTemp: Display: Loaded TP AndroidTargetPlatform
[2018.08.29-03.20.29:355][  0]LogTemp: Display: Loaded TP AndroidTargetPlatform
[2018.08.29-03.20.29:355][  0]LogTemp: Display: Loaded TP AndroidTargetPlatform
[2018.08.29-03.20.29:355][  0]LogTemp: Display: Loaded TP AndroidTargetPlatform
[2018.08.29-03.20.29:355][  0]LogTemp: Display: Loaded TP AndroidTargetPlatform
[2018.08.29-03.20.29:355][  0]LogTemp: Display: Loaded TP AndroidTargetPlatform
[2018.08.29-03.20.29:355][  0]LogTemp: Display: Loaded TP AndroidTargetPlatform
[2018.08.29-03.20.29:356][  0]LogTemp: Display: Loaded TP HTML5TargetPlatform
[2018.08.29-03.20.29:415][  0]LogTemp: Display: Loaded TP IOSTargetPlatform
[2018.08.29-03.20.29:415][  0]LogTemp: Display: Loaded TP IOSTargetPlatform
[2018.08.29-03.20.29:437][  0]LogTemp: Display: Loaded TP TVOSTargetPlatform
[2018.08.29-03.20.29:437][  0]LogTemp: Display: Loaded TP TVOSTargetPlatform
[2018.08.29-03.20.29:449][  0]LogTemp: Display: Loaded TP LinuxClientTargetPlatform
[2018.08.29-03.20.29:460][  0]LogTemp: Display: Loaded TP LinuxNoEditorTargetPlatform
[2018.08.29-03.20.29:471][  0]LogTemp: Display: Loaded TP LinuxServerTargetPlatform
[2018.08.29-03.20.29:483][  0]LogTemp: Display: Loaded TP LinuxTargetPlatform
[2018.08.29-03.20.29:491][  0]LogTemp: Display: Loaded TP LuminTargetPlatform
[2018.08.29-03.20.29:491][  0]LogTargetPlatformManager: Display: Building Assets For Windows
[2018.08.29-03.20.29:535][  0]LogXGEController: Cleaning working directory: C:/Users/User/AppData/Local/Temp/UnrealXGEWorkingDir/
[2018.08.29-03.20.29:535][  0]LogXGEController: Cannot use XGE Controller as Incredibuild is not installed on this machine.
[2018.08.29-03.20.29:535][  0]LogShaderCompilers: Cannot use XGE Shader Compiler as Incredibuild is not installed on this machine.
[2018.08.29-03.20.29:535][  0]LogShaderCompilers: Display: Using Local Shader Compiler.
[2018.08.29-03.20.30:171][  0]LogDerivedDataCache: Display: Max Cache Size: 512 MB
[2018.08.29-03.20.30:231][  0]LogDerivedDataCache: Loaded boot cache 0.06s 74MB C:/Users/User/AppData/Local/UnrealEngine/4.20/DerivedDataCache/Boot.ddc.
[2018.08.29-03.20.30:232][  0]LogDerivedDataCache: Display: Loaded Boot cache: C:/Users/User/AppData/Local/UnrealEngine/4.20/DerivedDataCache/Boot.ddc
[2018.08.29-03.20.30:232][  0]LogDerivedDataCache: FDerivedDataBackendGraph:  Pak pak cache file ../../../../../My Files/The Documents/Unreal Projects/Maze_3D/DerivedDataCache/DDC.ddp not found, will not use a pak cache.
[2018.08.29-03.20.30:232][  0]LogDerivedDataCache: Unable to find inner node Pak for hierarchical cache Hierarchy.
[2018.08.29-03.20.30:232][  0]LogDerivedDataCache: FDerivedDataBackendGraph:  CompressedPak pak cache file ../../../../../My Files/The Documents/Unreal Projects/Maze_3D/DerivedDataCache/Compressed.ddp not found, will not use a pak cache.
[2018.08.29-03.20.30:232][  0]LogDerivedDataCache: Unable to find inner node CompressedPak for hierarchical cache Hierarchy.
[2018.08.29-03.20.30:244][  0]LogDerivedDataCache: Display: Pak cache opened for reading ../../../Engine/DerivedDataCache/Compressed.ddp.
[2018.08.29-03.20.30:256][  0]LogDerivedDataCache: Using Local data cache path C:/Users/User/AppData/Local/UnrealEngine/Common/DerivedDataCache: Writable
[2018.08.29-03.20.30:256][  0]LogDerivedDataCache: Shared data cache path not found in *engine.ini, will not use an Shared cache.
[2018.08.29-03.20.30:256][  0]LogDerivedDataCache: Unable to find inner node Shared for hierarchical cache Hierarchy.
[2018.08.29-03.20.30:273][  0]LogMaterial: Verifying Global Shaders for PCD3D_SM5
[2018.08.29-03.20.30:274][  0]LogSlate: Using FreeType 2.6.0
[2018.08.29-03.20.30:275][  0]LogSlate: SlateFontServices - WITH_FREETYPE: 1, WITH_HARFBUZZ: 1
[2018.08.29-03.20.30:353][  0]LogAssetRegistry: FAssetRegistry took 0.0262 seconds to start up
[2018.08.29-03.20.30:638][  0]LogInit: Selected Device Profile: [Windows]
[2018.08.29-03.20.30:753][  0]LogSimplygon: Simplygon DLL not present - disabling.
[2018.08.29-03.20.30:755][  0]LogMeshReduction: Using SimplygonSwarm for distributed automatic mesh merging
[2018.08.29-03.20.30:755][  0]LogMeshReduction: Using ProxyLODMeshReduction for automatic mesh merging
[2018.08.29-03.20.30:755][  0]LogMeshReduction: Using QuadricMeshReduction for automatic static mesh reduction
[2018.08.29-03.20.30:755][  0]LogMeshReduction: No automatic skeletal mesh reduction module available
[2018.08.29-03.20.30:778][  0]LogNetVersion: Maze_3D 1.0.0, NetCL: 4212847, EngineNetVer: 5, GameNetVer: 0 (Checksum: 1160223804)
[2018.08.29-03.20.31:312][  0]LogPackageLocalizationCache: Processed 11 localized package path(s) for 2 prioritized culture(s) in 0.112219 seconds
[2018.08.29-03.20.31:318][  0]LogUObjectArray: 38425 objects as part of root set at end of initial load.
[2018.08.29-03.20.31:318][  0]LogUObjectAllocator: 6690872 out of 0 bytes used by permanent object pool.
[2018.08.29-03.20.31:318][  0]LogUObjectArray: CloseDisregardForGC: 0/0 objects in disregard for GC pool
[2018.08.29-03.20.32:211][  0]LogTcpMessaging: Initializing TcpMessaging bridge
[2018.08.29-03.20.32:225][  0]LogUdpMessaging: Initializing bridge on interface 0.0.0.0:0 to multicast group 230.0.0.1:6666.
[2018.08.29-03.20.32:611][  0]SourceControl: Source control is disabled
[2018.08.29-03.20.32:611][  0]SourceControl: Source control is disabled
[2018.08.29-03.20.32:613][  0]SourceControl: Source control is disabled
[2018.08.29-03.20.32:614][  0]SourceControl: Source control is disabled
[2018.08.29-03.20.32:779][  0]LogAndroidPermission: UAndroidPermissionCallbackProxy::GetInstance
[2018.08.29-03.20.32:827][  0]LogOcInput: OculusInput pre-init called
[2018.08.29-03.20.32:881][  0]LogEngine: Initializing Engine...
[2018.08.29-03.20.32:882][  0]LogHMD: Failed to initialize OpenVR with code 110
[2018.08.29-03.20.32:883][  0]LogStats: UGameplayTagsManager::ConstructGameplayTagTree: ImportINI prefixes -  0.000 s
[2018.08.29-03.20.32:883][  0]LogStats: UGameplayTagsManager::ConstructGameplayTagTree: Construct from data asset -  0.000 s
[2018.08.29-03.20.32:883][  0]LogStats: UGameplayTagsManager::ConstructGameplayTagTree: ImportINI -  0.000 s
[2018.08.29-03.20.32:883][  0]LogStats: UGameplayTagsManager::ConstructGameplayTagTree: GameplayTagTreeChangedEvent.Broadcast -  0.000 s
[2018.08.29-03.20.33:086][  0]LogInit: Initializing FReadOnlyCVARCache
[2018.08.29-03.20.33:096][  0]LogAIModule: Creating AISystem for world Untitled
[2018.08.29-03.20.33:151][  0]LogInit: XAudio2 using 'VX2370 SERIES (NVIDIA High Definition Audio)' : 2 channels at 48 kHz using 16 bits per sample (channel mask 0x3)
[2018.08.29-03.20.33:221][  0]LogInit: FAudioDevice initialized.
[2018.08.29-03.20.33:221][  0]LogNetVersion: Set ProjectVersion to 1.0.0.0. Version Checksum will be recalculated on next use.
[2018.08.29-03.20.33:349][  0]LogDerivedDataCache: Saved boot cache 0.13s 74MB C:/Users/User/AppData/Local/UnrealEngine/4.20/DerivedDataCache/Boot.ddc.
[2018.08.29-03.20.33:360][  0]LogInit: Texture streaming: Enabled
[2018.08.29-03.20.33:377][  0]LogEngineSessionManager: EngineSessionManager initialized
[2018.08.29-03.20.33:377][  0]LogEngineSessionManager: EngineSessionManager sent abnormal shutdown report. Type=Crashed, SessionId={0F568EF3-4385-041C-FB1A-3387B19A6D4A}
[2018.08.29-03.20.33:387][  0]LogInit: Transaction tracking system initialized
[2018.08.29-03.20.33:405][  0]BlueprintLog: New page: Editor Load
[2018.08.29-03.20.33:528][  0]LocalizationService: Localization service is disabled
[2018.08.29-03.20.33:811][  0]LogCook: Display: Max memory allowance for cook 16384mb min free memory 0mb
[2018.08.29-03.20.33:811][  0]LogCook: Display: Mobile HDR setting 1
[2018.08.29-03.20.33:811][  0]LogGameplayTags: Display: UGameplayTagsManager::DoneAddingNativeTags. DelegateIsBound: 0
[2018.08.29-03.20.33:811][  0]LogStats: UGameplayTagsManager::ConstructGameplayTagTree: ImportINI prefixes -  0.000 s
[2018.08.29-03.20.33:811][  0]LogStats: UGameplayTagsManager::ConstructGameplayTagTree: Construct from data asset -  0.000 s
[2018.08.29-03.20.33:811][  0]LogStats: UGameplayTagsManager::ConstructGameplayTagTree: ImportINI -  0.000 s
[2018.08.29-03.20.33:811][  0]LogStats: UGameplayTagsManager::ConstructGameplayTagTree: GameplayTagTreeChangedEvent.Broadcast -  0.000 s
[2018.08.29-03.20.33:924][  0]LogFileCache: Scanning file cache for directory 'D:/My Files/The Documents/Unreal Projects/Maze_3D/Content/' took 0.01s
[2018.08.29-03.20.33:924][  0]SourceControl: Source control is disabled
[2018.08.29-03.20.33:924][  0]Cmd: MAP LOAD FILE="../../../../../My Files/The Documents/Unreal Projects/Maze_3D/Content/Maps/MainMenu.umap" TEMPLATE=0 SHOWPROGRESS=1 FEATURELEVEL=3
[2018.08.29-03.20.33:924][  0]LightingResults: New page: Lighting Build
[2018.08.29-03.20.33:926][  0]MapCheck: New page: Map Check
[2018.08.29-03.20.33:926][  0]LightingResults: New page: Lighting Build
[2018.08.29-03.20.33:975][  0]LogAIModule: Creating AISystem for world MainMenu
[2018.08.29-03.20.33:976][  0]LogEditorServer: Finished looking for orphan Actors (0.000 secs)
[2018.08.29-03.20.34:000][  0]Cmd: MAP CHECKDEP NOCLEARLOG
[2018.08.29-03.20.34:065][  0]MapCheck: Map check complete: 0 Error(s), 0 Warning(s), took 64.643ms to complete.
[2018.08.29-03.20.34:065][  0]LogFileHelpers: Loading map 'MainMenu' took 0.140
[2018.08.29-03.20.34:161][  0]LogSlate: Updating window title bar state: overlay mode, drag disabled, window buttons hidden, title bar hidden
[2018.08.29-03.20.34:167][  0]LogSlate: Updating window title bar state: overlay mode, drag disabled, window buttons hidden, title bar hidden
[2018.08.29-03.20.34:174][  0]LogSlate: Updating window title bar state: overlay mode, drag disabled, window buttons hidden, title bar hidden
[2018.08.29-03.20.34:181][  0]LogSlate: Updating window title bar state: overlay mode, drag disabled, window buttons hidden, title bar hidden
[2018.08.29-03.20.34:185][  0]LogCollectionManager: Loaded 0 collections in 0.000922 seconds
[2018.08.29-03.20.34:231][  0]LogFileCache: Scanning file cache for directory 'D:/My Files/The Documents/Unreal Projects/Maze_3D/Saved/Collections/' took 0.01s
[2018.08.29-03.20.34:231][  0]LogFileCache: Scanning file cache for directory 'D:/My Files/The Documents/Unreal Projects/Maze_3D/Content/Developers/User/Collections/' took 0.01s
[2018.08.29-03.20.34:231][  0]LogFileCache: Scanning file cache for directory 'D:/My Files/The Documents/Unreal Projects/Maze_3D/Content/Collections/' took 0.01s
[2018.08.29-03.20.34:231][  0]LogCollectionManager: Rebuilt the GUID cache for 0 collections in 0.000001 seconds
[2018.08.29-03.20.34:240][  0]LogContentBrowser: Native class hierarchy populated in 0.0087 seconds. Added 2581 classes and 605 folders.
[2018.08.29-03.20.34:249][  0]LogContentBrowser: Native class hierarchy updated for 'WidgetCarousel' in 0.0004 seconds. Added 0 classes and 0 folders.
[2018.08.29-03.20.34:305][  0]LogContentBrowser: Native class hierarchy updated for 'AddContentDialog' in 0.0004 seconds. Added 0 classes and 0 folders.
[2018.08.29-03.20.34:334][  0]LogContentBrowser: Native class hierarchy updated for 'SceneOutliner' in 0.0004 seconds. Added 1 classes and 2 folders.
[2018.08.29-03.20.34:349][  0]LogSlate: Took 0.000294 seconds to synchronously load lazily loaded font '../../../Engine/Content/Slate/Fonts/Roboto-Regular.ttf' (155K)
[2018.08.29-03.20.34:351][  0]LogSlate: Took 0.000281 seconds to synchronously load lazily loaded font '../../../Engine/Content/Slate/Fonts/Roboto-Bold.ttf' (160K)
[2018.08.29-03.20.34:355][  0]LogSlate: Took 0.000217 seconds to synchronously load lazily loaded font '../../../Engine/Content/Editor/Slate/Fonts/FontAwesome.ttf' (139K)
[2018.08.29-03.20.34:425][  0]LogRenderer: Reallocating scene render targets to support 1196x548 Format 10 NumSamples 1 (Frame:1).
[2018.08.29-03.20.34:546][  0]LogContentBrowser: Native class hierarchy updated for 'HierarchicalLODOutliner' in 0.0004 seconds. Added 0 classes and 0 folders.
[2018.08.29-03.20.34:546][  0]LogLoad: (Engine Initialization) Total time: 8.28 seconds
[2018.08.29-03.20.34:546][  0]LogLoad: (Engine Initialization) Total Blueprint compile time: 0.00 seconds
[2018.08.29-03.20.34:584][  0]LogContentStreaming: Texture pool size now 3000 MB
[2018.08.29-03.20.34:622][  0]LogRenderer: Reallocating scene render targets to support 1196x564 Format 10 NumSamples 1 (Frame:3).
[2018.08.29-03.20.34:641][  0]LogSlate: Took 0.000254 seconds to synchronously load lazily loaded font '../../../Engine/Content/Slate/Fonts/Roboto-Light.ttf' (167K)
[2018.08.29-03.20.34:662][  1]LogAssetRegistry: Asset discovery search completed in 4.3321 seconds
[2018.08.29-03.20.34:664][  1]LogCollectionManager: Rebuilt the object cache for 0 collections in 0.000000 seconds (found 0 objects)
[2018.08.29-03.20.34:664][  1]LogCollectionManager: Fixed up redirectors for 0 collections in 0.000103 seconds (updated 0 objects)
[2018.08.29-03.20.51:404][ 51]LogSlate: FSceneViewport::OnFocusLost() reason 0
[2018.08.29-03.20.51:427][ 51]Candidate modules for hot reload:
[2018.08.29-03.20.51:427][ 51]  Maze_3D
[2018.08.29-03.20.51:427][ 51]Launching UnrealBuildTool... [D:/Epic Games/UE_4.20/Engine/Binaries/DotNET/UnrealBuildTool.exe  -ModuleWithSuffix=Maze_3D,3523 Win64 Development -TargetType=Editor -Project="../../../../../My Files/The Documents/Unreal Projects/Maze_3D/Maze_3D.uproject" -canskiplink "D:/My Files/The Documents/Unreal Projects/Maze_3D/Maze_3D.uproject" ]
[2018.08.29-03.20.51:431][ 51]Warning: Starting HotReload took  0.0s.
[2018.08.29-03.20.55:483][537]CompilerResultsLog: New page: Compilation - Aug 28, 2018, 1:20:55 PM
[2018.08.29-03.20.55:484][537]CompilerResultsLog: Compiling game modules for hot reload
[2018.08.29-03.20.55:484][537]CompilerResultsLog: Building 3 actions with 8 processes...
[2018.08.29-03.20.55:484][537]CompilerResultsLog:   Maze.cpp
[2018.08.29-03.20.55:484][537]CompilerResultsLog:   UE4Editor-Maze_3D-3523.lib
[2018.08.29-03.20.55:484][537]CompilerResultsLog:      Creating library D:\My Files\The Documents\Unreal Projects\Maze_3D\Intermediate\Build\Win64\UE4Editor\Development\Maze_3D\UE4Editor-Maze_3D-3523.lib and object D:\My Files\The Documents\Unreal Projects\Maze_3D\Intermediate\Build\Win64\UE4Editor\Development\Maze_3D\UE4Editor-Maze_3D-3523.exp
[2018.08.29-03.20.55:484][537]CompilerResultsLog:   UE4Editor-Maze_3D-3523.dll
[2018.08.29-03.20.55:484][537]CompilerResultsLog:      Creating library D:\My Files\The Documents\Unreal Projects\Maze_3D\Intermediate\Build\Win64\UE4Editor\Development\Maze_3D\UE4Editor-Maze_3D-3523.suppressed.lib and object D:\My Files\The Documents\Unreal Projects\Maze_3D\Intermediate\Build\Win64\UE4Editor\Development\Maze_3D\UE4Editor-Maze_3D-3523.suppressed.exp
[2018.08.29-03.20.55:484][537]CompilerResultsLog: Total build time: 3.76 seconds (Parallel executor: 2.21 seconds)
[2018.08.29-03.20.55:484][537]LogMainFrame: MainFrame: Module compiling took 4.066 seconds
[2018.08.29-03.20.55:521][537]LogContentBrowser: Native class hierarchy updated for 'Maze_3D' in 0.0004 seconds. Added 9 classes and 2 folders.
[2018.08.29-03.20.55:524][537]Display: HotReload successful (10 functions remapped  0 scriptstructs remapped)
[2018.08.29-03.20.55:643][537]LogContentBrowser: Native class hierarchy populated in 0.0089 seconds. Added 2582 classes and 607 folders.
[2018.08.29-03.20.55:643][537]Display: HotReload took  4.2s.
[2018.08.29-03.20.57:552][766]LogTemp: Repeating last play command: Selected Viewport
[2018.08.29-03.20.57:567][766]LogBlueprintUserMessages: Early PlayInEditor Detection: Level '/Game/Maps/MainMenu.MainMenu:PersistentLevel' has LevelScriptBlueprint '/Game/Maps/MainMenu.MainMenu:PersistentLevel.MainMenu' with GeneratedClass '/Game/Maps/MainMenu.MainMenu_C' with ClassGeneratedBy '/Game/Maps/MainMenu.MainMenu:PersistentLevel.MainMenu'
[2018.08.29-03.20.57:567][766]LogPlayLevel: PlayLevel: No blueprints needed recompiling
[2018.08.29-03.20.57:579][766]PIE: New page: PIE session: MainMenu (Aug 28, 2018, 1:20:57 PM)
[2018.08.29-03.20.57:579][766]LogPlayLevel: Creating play world package: /Game/Maps/UEDPIE_0_MainMenu
[2018.08.29-03.20.57:581][766]LogPlayLevel: PIE: StaticDuplicateObject took: (0.001505s)
[2018.08.29-03.20.57:582][766]LogAIModule: Creating AISystem for world MainMenu
[2018.08.29-03.20.57:582][766]LogPlayLevel: PIE: World Init took: (0.000920s)
[2018.08.29-03.20.57:582][766]LogPlayLevel: PIE: Created PIE world by copying editor world from /Game/Maps/MainMenu.MainMenu to /Game/Maps/UEDPIE_0_MainMenu.MainMenu (0.002665s)
[2018.08.29-03.20.57:605][766]LogInit: XAudio2 using 'VX2370 SERIES (NVIDIA High Definition Audio)' : 2 channels at 48 kHz using 16 bits per sample (channel mask 0x3)
[2018.08.29-03.20.57:612][766]LogInit: FAudioDevice initialized.
[2018.08.29-03.20.57:655][766]LogLoad: Game class is 'Maze_3D_MenuMode'
[2018.08.29-03.20.57:656][766]LogWorld: Bringing World /Game/Maps/UEDPIE_0_MainMenu.MainMenu up for play (max tick rate 0) at 2018.08.28-20.20.57
[2018.08.29-03.20.57:656][766]LogWorld: Bringing up level for play took: 0.000381
[2018.08.29-03.20.57:693][766]LogContentBrowser: Native class hierarchy updated for 'MovieSceneCapture' in 0.0004 seconds. Added 10 classes and 0 folders.
[2018.08.29-03.20.57:695][766]PIE: Play in editor start time for /Game/Maps/UEDPIE_0_MainMenu 0.733
[2018.08.29-03.20.57:695][766]LogBlueprintUserMessages: Late PlayInEditor Detection: Level '/Game/Maps/MainMenu.MainMenu:PersistentLevel' has LevelScriptBlueprint '/Game/Maps/MainMenu.MainMenu:PersistentLevel.MainMenu' with GeneratedClass '/Game/Maps/MainMenu.MainMenu_C' with ClassGeneratedBy '/Game/Maps/MainMenu.MainMenu:PersistentLevel.MainMenu'
[2018.08.29-03.20.58:865][903]LogSlate: FSceneViewport::OnFocusLost() reason 0
[2018.08.29-03.20.58:966][915]LogNet: Browse: /Game/Maps/Maze
[2018.08.29-03.20.58:966][915]LogLoad: LoadMap: /Game/Maps/Maze
[2018.08.29-03.20.59:372][915]LogAIModule: Creating AISystem for world Maze
[2018.08.29-03.20.59:372][915]LogLoad: Game class is 'Maze_3D_GameMode'
[2018.08.29-03.20.59:374][915]LogWorld: Bringing World /Game/Maps/UEDPIE_0_Maze.Maze up for play (max tick rate 0) at 2018.08.28-20.20.59
[2018.08.29-03.20.59:375][915]LogWorld: Bringing up level for play took: 0.001384
[2018.08.29-03.20.59:375][915]LogGameMode: FindPlayerStart: PATHS NOT DEFINED or NO PLAYERSTART with positive rating
[2018.08.29-03.20.59:412][915]LogLoad: Took 0.446148 seconds to LoadMap(/Game/Maps/Maze)
[2018.08.29-03.21.37:008][478]LogSlate: FSceneViewport::OnFocusLost() reason 2
[2018.08.29-03.22.40:633][877]LogEditorViewport: Clicking on Actor (LMB): Tile_C (14 Tile 2, 3, 0)
[2018.08.29-03.22.47:778][261]LogSlate: FSceneViewport::OnFocusLost() reason 0
[2018.08.29-03.22.47:874][270]LogBlueprintUserMessages: Early EndPlayMap Detection: Level '/Game/Maps/MainMenu.MainMenu:PersistentLevel' has LevelScriptBlueprint '/Game/Maps/MainMenu.MainMenu:PersistentLevel.MainMenu' with GeneratedClass '/Game/Maps/MainMenu.MainMenu_C' with ClassGeneratedBy '/Game/Maps/MainMenu.MainMenu:PersistentLevel.MainMenu'
[2018.08.29-03.22.47:875][270]LogSlate: Updating window title bar state: overlay mode, drag disabled, window buttons hidden, title bar hidden
[2018.08.29-03.22.47:912][270]LogPlayLevel: Display: Shutting down PIE online subsystems
[2018.08.29-03.22.47:912][270]LogBlueprintUserMessages: Late EndPlayMap Detection: Level '/Game/Maps/MainMenu.MainMenu:PersistentLevel' has LevelScriptBlueprint '/Game/Maps/MainMenu.MainMenu:PersistentLevel.MainMenu' with GeneratedClass '/Game/Maps/MainMenu.MainMenu_C' with ClassGeneratedBy '/Game/Maps/MainMenu.MainMenu:PersistentLevel.MainMenu'
[2018.08.29-03.22.47:933][270]LogSlate: Updating window title bar state: overlay mode, drag disabled, window buttons hidden, title bar hidden
[2018.08.29-03.22.47:978][275]LogPlayLevel: Display: Destroying online subsystem :Context_1
[2018.08.29-03.22.52:461][804]LogSlate: Took 0.000372 seconds to synchronously load lazily loaded font '../../../Engine/Content/Slate/Fonts/Roboto-Light.ttf' (167K)
[2018.08.29-03.22.52:470][804]LogAssetEditorManager: Opening Asset editor for Blueprint /Game/Blueprints/Objects/Elevator.Elevator
[2018.08.29-03.22.52:884][804]LogContentBrowser: Native class hierarchy updated for 'BlueprintGraph' in 0.0007 seconds. Added 116 classes and 0 folders.
[2018.08.29-03.22.57:771][265]LogRenderer: Reallocating scene render targets to support 1196x900 Format 10 NumSamples 1 (Frame:1).
[2018.08.29-03.23.01:811][721]LogSlate: FSceneViewport::OnFocusLost() reason 0
[2018.08.29-03.23.01:814][721]LogSlate: Took 0.000320 seconds to synchronously load lazily loaded font '../../../Engine/Content/Slate/Fonts/Roboto-BoldCondensed.ttf' (158K)
[2018.08.29-03.23.47:494][183]LogSlate: Window 'Elevator*' being destroyed
[2018.08.29-03.23.47:500][183]LogSlate: Window 'Elevator*' being destroyed
[2018.08.29-03.32.25:017][588]LogFileHelpers: Editor autosave (incl. sublevels) for '/Game/Maps/MainMenu' took 0.030
[2018.08.29-03.32.25:035][588]OBJ SavePackage: Generating thumbnails for [1] asset(s) in package [/Game/Blueprints/Objects/Elevator] ([1] browsable assets)...
[2018.08.29-03.32.25:045][588]OBJ SavePackage:     Rendered thumbnail for [Blueprint /Game/Blueprints/Objects/Elevator.Elevator]
[2018.08.29-03.32.25:045][588]OBJ SavePackage: Finished generating thumbnails for package [/Game/Blueprints/Objects/Elevator]
[2018.08.29-03.32.25:074][588]LogSavePackage: Moving '../../../../../My Files/The Documents/Unreal Projects/Maze_3D/Saved/Elevator_Auto1146C6EB04783C089266B71A6700D6DB1.tmp' to '../../../../../My Files/The Documents/Unreal Projects/Maze_3D/Saved/Autosaves/Game/Blueprints/Objects/Elevator_Auto1.uasset'
[2018.08.29-03.32.25:076][588]LogFileHelpers: Auto-saving content packages took 0.058
[2018.08.29-03.38.43:441][353]LogAssetEditorManager: Opening Asset editor for Blueprint /Game/Blueprints/Objects/Elevator.Elevator
[2018.08.29-03.38.45:542][555]Cmd: OBJ SAVEPACKAGE PACKAGE="/Game/Blueprints/Objects/Elevator" FILE="../../../../../My Files/The Documents/Unreal Projects/Maze_3D/Content/Blueprints/Objects/Elevator.uasset" SILENT=true
[2018.08.29-03.38.45:562][555]LogSavePackage: Moving '../../../../../My Files/The Documents/Unreal Projects/Maze_3D/Saved/ElevatorBADC89C0436769C8A1B6AE9364932CEB.tmp' to '../../../../../My Files/The Documents/Unreal Projects/Maze_3D/Content/Blueprints/Objects/Elevator.uasset'
[2018.08.29-03.38.46:635][679]LogSlate: Window 'Elevator' being destroyed
[2018.08.29-03.38.46:640][679]LogSlate: Window 'Elevator' being destroyed
[2018.08.29-03.38.48:035][825]Candidate modules for hot reload:
[2018.08.29-03.38.48:035][825]  Maze_3D
[2018.08.29-03.38.48:035][825]Launching UnrealBuildTool... [D:/Epic Games/UE_4.20/Engine/Binaries/DotNET/UnrealBuildTool.exe  -ModuleWithSuffix=Maze_3D,6057 Win64 Development -TargetType=Editor -Project="../../../../../My Files/The Documents/Unreal Projects/Maze_3D/Maze_3D.uproject" -canskiplink "D:/My Files/The Documents/Unreal Projects/Maze_3D/Maze_3D.uproject" ]
[2018.08.29-03.38.48:039][825]Warning: Starting HotReload took  0.0s.
[2018.08.29-03.39.35:166][470]CompilerResultsLog: New page: Compilation - Aug 28, 2018, 1:39:35 PM
[2018.08.29-03.39.35:166][470]CompilerResultsLog: Compiling game modules for hot reload
[2018.08.29-03.39.35:166][470]CompilerResultsLog: Parsing headers for Maze_3DEditor
[2018.08.29-03.39.35:166][470]CompilerResultsLog:   Running UnrealHeaderTool "D:\My Files\The Documents\Unreal Projects\Maze_3D\Maze_3D.uproject" "D:\My Files\The Documents\Unreal Projects\Maze_3D\Intermediate\Build\Win64\Maze_3DEditor\Development\Maze_3DEditor.uhtmanifest" -LogCmds="loginit warning, logexit warning, logdatabase error" -Unattended -WarningsAsErrors -installed
[2018.08.29-03.39.35:166][470]CompilerResultsLog: LogCompile: Error: Circular dependency detected for filename D:\My Files\The Documents\Unreal Projects\Maze_3D\Source\Maze_3D\Maze.h!
[2018.08.29-03.39.35:166][470]CompilerResultsLog: Reflection code generated for Maze_3DEditor in 15.1008062 seconds
[2018.08.29-03.39.35:166][470]CompilerResultsLog: Building 10 actions with 8 processes...
[2018.08.29-03.39.35:166][470]CompilerResultsLog:   Elevator.cpp
[2018.08.29-03.39.35:166][470]CompilerResultsLog:   Tile.cpp
[2018.08.29-03.39.35:166][470]CompilerResultsLog:    D:\My Files\The Documents\Unreal Projects\Maze_3D\Source\Maze_3D\Tile.cpp(99) : error C2059: syntax error: '}'
[2018.08.29-03.39.35:166][470]CompilerResultsLog:   Maze.cpp
[2018.08.29-03.39.35:166][470]CompilerResultsLog:   Elevator.gen.cpp
[2018.08.29-03.39.35:166][470]CompilerResultsLog:   Tile.gen.cpp
[2018.08.29-03.39.35:166][470]CompilerResultsLog:   Maze_3D_GameMode.cpp
[2018.08.29-03.39.35:167][470]CompilerResultsLog:   Maze.gen.cpp
[2018.08.29-03.39.35:167][470]CompilerResultsLog:   Maze_3D_GameMode.gen.cpp
[2018.08.29-03.39.35:167][470]CompilerResultsLog: ERROR: UBT ERROR: Failed to produce item: D:\My Files\The Documents\Unreal Projects\Maze_3D\Binaries\Win64\UE4Editor-Maze_3D-6057.dll
[2018.08.29-03.39.35:167][470]CompilerResultsLog:        (see ../Programs/UnrealBuildTool/Log.txt for full exception trace)
[2018.08.29-03.39.35:167][470]CompilerResultsLog: Total build time: 46.79 seconds (Parallel executor: 0.00 seconds)
[2018.08.29-03.39.35:167][470]LogMainFrame: MainFrame: Module compiling took 47.140 seconds
[2018.08.29-03.39.35:167][470]Warning: HotReload failed, recompile failed
[2018.08.29-03.43.29:278][316]Candidate modules for hot reload:
[2018.08.29-03.43.29:278][316]  Maze_3D
[2018.08.29-03.43.29:278][316]Launching UnrealBuildTool... [D:/Epic Games/UE_4.20/Engine/Binaries/DotNET/UnrealBuildTool.exe  -ModuleWithSuffix=Maze_3D,2297 Win64 Development -TargetType=Editor -Project="../../../../../My Files/The Documents/Unreal Projects/Maze_3D/Maze_3D.uproject" -canskiplink "D:/My Files/The Documents/Unreal Projects/Maze_3D/Maze_3D.uproject" ]
[2018.08.29-03.43.29:282][316]Warning: Starting HotReload took  0.0s.
[2018.08.29-03.43.32:747][727]CompilerResultsLog: New page: Compilation - Aug 28, 2018, 1:43:32 PM
[2018.08.29-03.43.32:747][727]CompilerResultsLog: Compiling game modules for hot reload
[2018.08.29-03.43.32:747][727]CompilerResultsLog: Building 3 actions with 8 processes...
[2018.08.29-03.43.32:747][727]CompilerResultsLog:   Tile.cpp
[2018.08.29-03.43.32:747][727]CompilerResultsLog:   UE4Editor-Maze_3D-2297.lib
[2018.08.29-03.43.32:747][727]CompilerResultsLog:      Creating library D:\My Files\The Documents\Unreal Projects\Maze_3D\Intermediate\Build\Win64\UE4Editor\Development\Maze_3D\UE4Editor-Maze_3D-2297.lib and object D:\My Files\The Documents\Unreal Projects\Maze_3D\Intermediate\Build\Win64\UE4Editor\Development\Maze_3D\UE4Editor-Maze_3D-2297.exp
[2018.08.29-03.43.32:747][727]CompilerResultsLog:   UE4Editor-Maze_3D-2297.dll
[2018.08.29-03.43.32:747][727]CompilerResultsLog:      Creating library D:\My Files\The Documents\Unreal Projects\Maze_3D\Intermediate\Build\Win64\UE4Editor\Development\Maze_3D\UE4Editor-Maze_3D-2297.suppressed.lib and object D:\My Files\The Documents\Unreal Projects\Maze_3D\Intermediate\Build\Win64\UE4Editor\Development\Maze_3D\UE4Editor-Maze_3D-2297.suppressed.exp
[2018.08.29-03.43.32:747][727]CompilerResultsLog: Total build time: 3.05 seconds (Parallel executor: 1.52 seconds)
[2018.08.29-03.43.32:747][727]LogMainFrame: MainFrame: Module compiling took 3.479 seconds
[2018.08.29-03.43.32:796][727]LogContentBrowser: Native class hierarchy updated for 'Maze_3D' in 0.0005 seconds. Added 9 classes and 2 folders.
[2018.08.29-03.43.32:799][727]Display: HotReload successful (10 functions remapped  0 scriptstructs remapped)
[2018.08.29-03.43.33:112][727]LogContentBrowser: Native class hierarchy populated in 0.0089 seconds. Added 2582 classes and 607 folders.
[2018.08.29-03.43.33:112][727]Display: HotReload took  3.9s.
[2018.08.29-03.43.35:152][971]LogTemp: Repeating last play command: Selected Viewport
[2018.08.29-03.43.35:170][971]LogBlueprintUserMessages: Early PlayInEditor Detection: Level '/Game/Maps/MainMenu.MainMenu:PersistentLevel' has LevelScriptBlueprint '/Game/Maps/MainMenu.MainMenu:PersistentLevel.MainMenu' with GeneratedClass '/Game/Maps/MainMenu.MainMenu_C' with ClassGeneratedBy '/Game/Maps/MainMenu.MainMenu:PersistentLevel.MainMenu'
[2018.08.29-03.43.35:170][971]LogPlayLevel: PlayLevel: No blueprints needed recompiling
[2018.08.29-03.43.35:170][971]PIE: New page: PIE session: MainMenu (Aug 28, 2018, 1:43:35 PM)
[2018.08.29-03.43.35:170][971]LogPlayLevel: Creating play world package: /Game/Maps/UEDPIE_0_MainMenu
[2018.08.29-03.43.35:171][971]LogPlayLevel: PIE: StaticDuplicateObject took: (0.001361s)
[2018.08.29-03.43.35:172][971]LogAIModule: Creating AISystem for world MainMenu
[2018.08.29-03.43.35:172][971]LogPlayLevel: PIE: World Init took: (0.001099s)
[2018.08.29-03.43.35:173][971]LogPlayLevel: PIE: Created PIE world by copying editor world from /Game/Maps/MainMenu.MainMenu to /Game/Maps/UEDPIE_0_MainMenu.MainMenu (0.002589s)
[2018.08.29-03.43.35:230][971]LogInit: XAudio2 using 'VX2370 SERIES (NVIDIA High Definition Audio)' : 2 channels at 48 kHz using 16 bits per sample (channel mask 0x3)
[2018.08.29-03.43.35:238][971]LogInit: FAudioDevice initialized.
[2018.08.29-03.43.35:272][971]LogLoad: Game class is 'Maze_3D_MenuMode'
[2018.08.29-03.43.35:273][971]LogWorld: Bringing World /Game/Maps/UEDPIE_0_MainMenu.MainMenu up for play (max tick rate 0) at 2018.08.28-20.43.35
[2018.08.29-03.43.35:274][971]LogWorld: Bringing up level for play took: 0.000385
[2018.08.29-03.43.35:287][971]PIE: Play in editor start time for /Game/Maps/UEDPIE_0_MainMenu 0.324
[2018.08.29-03.43.35:287][971]LogBlueprintUserMessages: Late PlayInEditor Detection: Level '/Game/Maps/MainMenu.MainMenu:PersistentLevel' has LevelScriptBlueprint '/Game/Maps/MainMenu.MainMenu:PersistentLevel.MainMenu' with GeneratedClass '/Game/Maps/MainMenu.MainMenu_C' with ClassGeneratedBy '/Game/Maps/MainMenu.MainMenu:PersistentLevel.MainMenu'
[2018.08.29-03.43.37:142][191]LogSlate: FSceneViewport::OnFocusLost() reason 0
[2018.08.29-03.43.37:250][204]LogNet: Browse: /Game/Maps/Maze
[2018.08.29-03.43.37:250][204]LogLoad: LoadMap: /Game/Maps/Maze
[2018.08.29-03.43.37:356][204]LogAIModule: Creating AISystem for world Maze
[2018.08.29-03.43.37:356][204]LogLoad: Game class is 'Maze_3D_GameMode'
[2018.08.29-03.43.37:358][204]LogWorld: Bringing World /Game/Maps/UEDPIE_0_Maze.Maze up for play (max tick rate 0) at 2018.08.28-20.43.37
[2018.08.29-03.43.37:358][204]LogWorld: Bringing up level for play took: 0.001256
[2018.08.29-03.43.37:358][204]LogGameMode: FindPlayerStart: PATHS NOT DEFINED or NO PLAYERSTART with positive rating
[2018.08.29-03.43.38:475][204]LogWindows: Error: === Critical error: ===
[2018.08.29-03.43.38:475][204]LogWindows: Error: 
[2018.08.29-03.43.38:475][204]LogWindows: Error: Fatal error!
[2018.08.29-03.43.38:475][204]LogWindows: Error: 
[2018.08.29-03.43.38:475][204]LogWindows: Error: Unhandled Exception: EXCEPTION_ACCESS_VIOLATION writing address 0x000003fa
[2018.08.29-03.43.38:475][204]LogWindows: Error: 
[2018.08.29-03.43.38:475][204]LogWindows: Error: [Callstack] 0x00007fff3dcba200 UE4Editor-Maze_3D-2297.dll!ATile::AddElevator() [d:\my files\the documents\unreal projects\maze_3d\source\maze_3d\tile.cpp:71]
[2018.08.29-03.43.38:475][204]LogWindows: Error: [Callstack] 0x00007fff3dcb5320 UE4Editor-Maze_3D-2297.dll!AMaze::CreateElevator() [d:\my files\the documents\unreal projects\maze_3d\source\maze_3d\maze.cpp:662]
[2018.08.29-03.43.38:475][204]LogWindows: Error: [Callstack] 0x00007fff3dcb4d1d UE4Editor-Maze_3D-2297.dll!AMaze::BuildMaze() [d:\my files\the documents\unreal projects\maze_3d\source\maze_3d\maze.cpp:136]
[2018.08.29-03.43.38:475][204]LogWindows: Error: [Callstack] 0x00007fff5499a702 UE4Editor-Engine.dll!UnknownFunction []
[2018.08.29-03.43.38:475][204]LogWindows: Error: [Callstack] 0x00007fff55cf3759 UE4Editor-Engine.dll!UnknownFunction []
[2018.08.29-03.43.38:475][204]LogWindows: Error: [Callstack] 0x00007fff550b3bf1 UE4Editor-Engine.dll!UnknownFunction []
[2018.08.29-03.43.38:475][204]LogWindows: Error: [Callstack] 0x00007fff55cd7aae UE4Editor-Engine.dll!UnknownFunction []
[2018.08.29-03.43.38:475][204]LogWindows: Error: [Callstack] 0x00007fff55be019d UE4Editor-Engine.dll!UnknownFunction []
[2018.08.29-03.43.38:475][204]LogWindows: Error: [Callstack] 0x00007fff55b71bc3 UE4Editor-Engine.dll!UnknownFunction []
[2018.08.29-03.43.38:475][204]LogWindows: Error: [Callstack] 0x00007fff55c15f0d UE4Editor-Engine.dll!UnknownFunction []
[2018.08.29-03.43.38:475][204]LogWindows: Error: [Callstack] 0x00007fff52fc6e62 UE4Editor-UnrealEd.dll!UnknownFunction []
[2018.08.29-03.43.38:475][204]LogWindows: Error: [Callstack] 0x00007fff538bf0d6 UE4Editor-UnrealEd.dll!UnknownFunction []
[2018.08.29-03.43.38:475][204]LogWindows: Error: [Callstack] 0x00007ff700b95cbd UE4Editor.exe!UnknownFunction []
[2018.08.29-03.43.38:475][204]LogWindows: Error: [Callstack] 0x00007ff700ba5b3c UE4Editor.exe!UnknownFunction []
[2018.08.29-03.43.38:475][204]LogWindows: Error: [Callstack] 0x00007ff700ba5bba UE4Editor.exe!UnknownFunction []
[2018.08.29-03.43.38:475][204]LogWindows: Error: [Callstack] 0x00007ff700bb3dac UE4Editor.exe!UnknownFunction []
[2018.08.29-03.43.38:475][204]LogWindows: Error: [Callstack] 0x00007ff700bb5aaa UE4Editor.exe!UnknownFunction []
[2018.08.29-03.43.38:475][204]LogWindows: Error: [Callstack] 0x00007fffa3f23034 KERNEL32.DLL!UnknownFunction []
[2018.08.29-03.43.38:475][204]LogWindows: Error: [Callstack] 0x00007fffa67f1431 ntdll.dll!UnknownFunction []
[2018.08.29-03.43.38:475][204]LogWindows: Error: 
[2018.08.29-03.43.38:483][204]LogExit: Executing StaticShutdownAfterError
[2018.08.29-03.43.38:486][204]LogWindows: FPlatformMisc::RequestExit(1)
[2018.08.29-03.43.38:487][204]Log file closed, 08/28/18 20:43:38
