Log file open, 08/28/18 21:38:17
LogWindows: Failed to load 'aqProf.dll' (GetLastError=126)
LogWindows: File 'aqProf.dll' does not exist
LogWindows: Failed to load 'VtuneApi.dll' (GetLastError=126)
LogWindows: File 'VtuneApi.dll' does not exist
LogWindows: Failed to load 'VtuneApi32e.dll' (GetLastError=126)
LogWindows: File 'VtuneApi32e.dll' does not exist
LogInit: Display: Running engine for game: Maze_3D
LogPlatformFile: Not using cached read wrapper
LogTaskGraph: Started task graph with 5 named threads and 23 total threads with 3 sets of task threads.
LogStats: Stats thread started at 0.704236
LogD3D11RHI: Loaded GFSDK_Aftermath_Lib.x64.dll
LogICUInternationalization: Display: ICU TimeZone Detection - Raw Offset: -8:00, Platform Override: ''
LogPluginManager: Mounting plugin Paper2D
LogPluginManager: Mounting plugin AISupport
LogPluginManager: Mounting plugin LightPropagationVolume
LogPluginManager: Mounting plugin CLionSourceCodeAccess
LogPluginManager: Mounting plugin CodeLiteSourceCodeAccess
LogPluginManager: Mounting plugin GitSourceControl
LogPluginManager: Mounting plugin KDevelopSourceCodeAccess
LogPluginManager: Mounting plugin NullSourceCodeAccess
LogPluginManager: Mounting plugin PerforceSourceControl
LogPluginManager: Mounting plugin SubversionSourceControl
LogPluginManager: Mounting plugin UObjectPlugin
LogPluginManager: Mounting plugin VisualStudioCodeSourceCodeAccess
LogPluginManager: Mounting plugin VisualStudioSourceCodeAccess
LogPluginManager: Mounting plugin XCodeSourceCodeAccess
LogPluginManager: Mounting plugin AssetManagerEditor
LogPluginManager: Mounting plugin CryptoKeys
LogPluginManager: Mounting plugin DataValidation
LogPluginManager: Mounting plugin FacialAnimation
LogPluginManager: Mounting plugin GameplayTagsEditor
LogPluginManager: Mounting plugin MacGraphicsSwitching
LogPluginManager: Mounting plugin MeshEditor
LogPluginManager: Mounting plugin MobileLauncherProfileWizard
LogPluginManager: Mounting plugin PluginBrowser
LogPluginManager: Mounting plugin SpeedTreeImporter
LogPluginManager: Mounting plugin DatasmithContent
LogPluginManager: Mounting plugin AlembicImporter
LogPluginManager: Mounting plugin AppleImageUtils
LogPluginManager: Mounting plugin AppleVision
LogPluginManager: Mounting plugin BackChannel
LogPluginManager: Mounting plugin CharacterAI
LogPluginManager: Mounting plugin GeometryCache
LogPluginManager: Mounting plugin HTML5Networking
LogPluginManager: Mounting plugin ProxyLODPlugin
LogPluginManager: Mounting plugin MagicLeap
LogPluginManager: Mounting plugin MagicLeapEmulator
LogPluginManager: Mounting plugin MagicLeapMedia
LogPluginManager: Mounting plugin AndroidMedia
LogPluginManager: Mounting plugin AvfMedia
LogPluginManager: Mounting plugin ImgMedia
LogPluginManager: Mounting plugin LinearTimecode
LogPluginManager: Mounting plugin MediaCompositing
LogPluginManager: Mounting plugin MediaPlayerEditor
LogPluginManager: Mounting plugin WmfMedia
LogPluginManager: Mounting plugin TcpMessaging
LogPluginManager: Mounting plugin UdpMessaging
LogPluginManager: Mounting plugin ActorSequence
LogPluginManager: Mounting plugin LevelSequenceEditor
LogPluginManager: Mounting plugin MatineeToLevelSequence
LogPluginManager: Mounting plugin NetcodeUnitTest
LogPluginManager: Mounting plugin NUTUnrealEngine4
LogPluginManager: Mounting plugin OnlineSubsystemGooglePlay
LogPluginManager: Mounting plugin OnlineSubsystemIOS
LogPluginManager: Mounting plugin OnlineSubsystem
LogPluginManager: Mounting plugin OnlineSubsystemNull
LogPluginManager: Mounting plugin OnlineSubsystemUtils
LogPluginManager: Mounting plugin LauncherChunkInstaller
LogPluginManager: Mounting plugin AndroidDeviceProfileSelector
LogPluginManager: Mounting plugin AndroidMoviePlayer
LogPluginManager: Mounting plugin AndroidPermission
LogPluginManager: Mounting plugin AppleMoviePlayer
LogPluginManager: Mounting plugin ArchVisCharacter
LogPluginManager: Mounting plugin AudioCapture
LogPluginManager: Mounting plugin CableComponent
LogPluginManager: Mounting plugin CustomMeshComponent
LogPluginManager: Mounting plugin EditableMesh
LogPluginManager: Mounting plugin ExampleDeviceProfileSelector
LogPluginManager: Mounting plugin GoogleCloudMessaging
LogPluginManager: Mounting plugin ImmediatePhysics
LogPluginManager: Mounting plugin IOSDeviceProfileSelector
LogPluginManager: Mounting plugin LinuxDeviceProfileSelector
LogPluginManager: Mounting plugin LocationServicesBPLibrary
LogPluginManager: Mounting plugin MobilePatchingUtils
LogPluginManager: Mounting plugin OculusVR
LogPluginManager: Plugin shader directory ../../../Engine/Plugins/Runtime/Oculus/OculusVR/Shaders found
LogPluginManager: Mapping shader source directory ../../../Engine/Plugins/Runtime/Oculus/OculusVR/Shaders to virtual directory /Plugin/OculusVR
LogPluginManager: Mounting plugin PhysXVehicles
LogPluginManager: Mounting plugin ProceduralMeshComponent
LogPluginManager: Mounting plugin RuntimePhysXCooking
LogPluginManager: Mounting plugin SteamVR
LogPluginManager: Mounting plugin WindowsMoviePlayer
LogStreaming: Display: Took  0.194s to configure plugins.
LogInit: Using libcurl 7.55.1-DEV
LogInit:  - built for x86_64-pc-win32
LogInit:  - supports SSL with OpenSSL/1.0.2h
LogInit:  - supports HTTP deflate (compression) using libz 1.2.8
LogInit:  - other features:
LogInit:      CURL_VERSION_SSL
LogInit:      CURL_VERSION_LIBZ
LogInit:      CURL_VERSION_IPV6
LogInit:      CURL_VERSION_ASYNCHDNS
LogInit:      CURL_VERSION_LARGEFILE
LogInit:      CURL_VERSION_IDN
LogInit:  CurlRequestOptions (configurable via config and command line):
LogInit:  - bVerifyPeer = false  - Libcurl will NOT verify peer certificate
LogInit:  - bUseHttpProxy = false  - Libcurl will NOT use HTTP proxy
LogInit:  - bDontReuseConnections = false  - Libcurl will reuse connections
LogInit:  - CertBundlePath = nullptr  - Libcurl will use whatever was configured at build time.
LogInit:  - MaxHostConnections = 16  - Libcurl will limit the number of connections to a host
LogInit:  - LocalHostAddr = Default
LogInit:  - BufferSize = 65536
LogInit: WinSock: version 1.1 (2.2), MaxSocks=32767, MaxUdp=65467
LogInit: Build: ++UE4+Release-4.20-CL-4233996
LogInit: Engine Version: 4.20.1-4233996+++UE4+Release-4.20
LogInit: Compatible Engine Version: 4.20.0-4212847+++UE4+Release-4.20
LogInit: Net CL: 4212847
LogInit: OS: Windows 10 (), CPU: Intel(R) Core(TM) i7-6700 CPU @ 3.40GHz, GPU: NVIDIA GeForce GTX 1060 6GB
LogInit: Compiled (64-bit): Jul 26 2018 10:07:30
LogInit: Compiled with Visual C++: 19.13.26129.00
LogInit: Build Configuration: Development
LogInit: Branch Name: ++UE4+Release-4.20
LogInit: Command Line:  
LogInit: Base Directory: D:/Epic Games/UE_4.20/Engine/Binaries/Win64/
LogInit: Installed Engine Build: 1
LogDevObjectVersion: Number of dev versions registered: 20
LogDevObjectVersion:   Dev-Blueprints (B0D832E4-1F89-4F0D-ACCF-7EB736FD4AA2): 10
LogDevObjectVersion:   Dev-Build (E1C64328-A22C-4D53-A36C-8E866417BD8C): 0
LogDevObjectVersion:   Dev-Core (375EC13C-06E4-48FB-B500-84F0262A717E): 2
LogDevObjectVersion:   Dev-Editor (E4B068ED-F494-42E9-A231-DA0B2E46BB41): 24
LogDevObjectVersion:   Dev-Framework (CFFC743F-43B0-4480-9391-14DF171D2073): 34
LogDevObjectVersion:   Dev-Mobile (B02B49B5-BB20-44E9-A304-32B752E40360): 2
LogDevObjectVersion:   Dev-Networking (A4E4105C-59A1-49B5-A7C5-40C4547EDFEE): 0
LogDevObjectVersion:   Dev-Online (39C831C9-5AE6-47DC-9A44-9C173E1C8E7C): 0
LogDevObjectVersion:   Dev-Physics (78F01B33-EBEA-4F98-B9B4-84EACCB95AA2): 0
LogDevObjectVersion:   Dev-Platform (6631380F-2D4D-43E0-8009-CF276956A95A): 0
LogDevObjectVersion:   Dev-Rendering (12F88B9F-8875-4AFC-A67C-D90C383ABD29): 26
LogDevObjectVersion:   Dev-Sequencer (7B5AE74C-D270-4C10-A958-57980B212A5A): 9
LogDevObjectVersion:   Dev-VR (D7296918-1DD6-4BDD-9DE2-64A83CC13884): 2
LogDevObjectVersion:   Dev-LoadTimes (C2A15278-BFE7-4AFE-6C17-90FF531DF755): 1
LogDevObjectVersion:   Private-Geometry (6EACA3D4-40EC-4CC1-B786-8BED09428FC5): 3
LogDevObjectVersion:   Dev-AnimPhys (29E575DD-E0A3-4627-9D10-D276232CDCEA): 17
LogDevObjectVersion:   Dev-ReflectionCapture (6B266CEC-1EC7-4B8F-A30B-E4D90942FC07): 1
LogDevObjectVersion:   Dev-Automation (0DF73D61-A23F-47EA-B727-89E90C41499A): 1
LogDevObjectVersion:   FortniteMain (601D1886-AC64-4F84-AA16-D3DE0DEAC7D6): 12
LogDevObjectVersion:   Dev-Enterprise (9DFFBCD6-494F-0158-E221-12823C92A888): 1
LogStreaming: Display: Took  0.039s to delete old logs.
LogInit: Presizing for max 8388607 objects, including 0 objects not considered by GC, pre-allocating 0 bytes for permanent pool.
LogInit: Object subsystem initialized
[2018.08.29-04.38.18:696][  0]LogInit: Selected Device Profile: [Windows]
[2018.08.29-04.38.18:696][  0]LogInit: Applying CVar settings loaded from the selected device profile: [Windows]
[2018.08.29-04.38.18:728][  0]LogHAL: Display: Platform has ~ 16 GB [17136615424 / 17179869184 / 16], which maps to Larger [LargestMinGB=32, LargerMinGB=12, DefaultMinGB=8, SmallerMinGB=6, SmallestMinGB=0)
[2018.08.29-04.38.18:728][  0]LogInit: Setting Device Profile CVar: [[r.Vulkan.UseRealUBs:1]]
[2018.08.29-04.38.18:728][  0]LogInit: Going up to parent DeviceProfile []
[2018.08.29-04.38.18:728][  0]LogInit: Computer: IRONSIDE
[2018.08.29-04.38.18:728][  0]LogInit: User: User
[2018.08.29-04.38.18:728][  0]LogInit: CPU Page size=4096, Cores=4
[2018.08.29-04.38.18:728][  0]LogInit: High frequency timer resolution =3.328128 MHz
[2018.08.29-04.38.18:728][  0]LogMemory: Memory total: Physical=16.0GB (16GB approx)
[2018.08.29-04.38.18:728][  0]LogMemory: Platform Memory Stats for Windows
[2018.08.29-04.38.18:728][  0]LogMemory: Process Physical Memory: 101.86 MB used, 101.86 MB peak
[2018.08.29-04.38.18:728][  0]LogMemory: Process Virtual Memory: 93.05 MB used, 93.05 MB peak
[2018.08.29-04.38.18:728][  0]LogMemory: Physical Memory: 6255.16 MB used,  10087.59 MB free, 16342.75 MB total
[2018.08.29-04.38.18:728][  0]LogMemory: Virtual Memory: 4642.41 MB used,  10087.59 MB free, 134217728.00 MB total
[2018.08.29-04.38.18:903][  0]LogInit: Using OS detected language (en-US).
[2018.08.29-04.38.18:903][  0]LogInit: Using OS detected locale (en-US).
[2018.08.29-04.38.18:905][  0]LogTextLocalizationManager: No specific localization for 'en-US' exists, so the 'en' localization will be used.
[2018.08.29-04.38.19:416][  0]LogStreaming: Display: Took  0.512s to InitEngineTextLocalization.
[2018.08.29-04.38.19:416][  0]LogInit: Setting process to per monitor DPI aware
[2018.08.29-04.38.19:543][  0]LogSlate: New Slate User Created.  User Index 0, Is Virtual User: 0
[2018.08.29-04.38.19:543][  0]LogSlate: Slate User Registered.  User Index 0, Is Virtual User: 0
[2018.08.29-04.38.20:471][  0]LogHMD: Failed to initialize OpenVR with code 110
[2018.08.29-04.38.20:471][  0]LogD3D11RHI: D3D11 adapters:
[2018.08.29-04.38.20:539][  0]LogD3D11RHI:    0. 'NVIDIA GeForce GTX 1060 6GB' (Feature Level 11_0)
[2018.08.29-04.38.20:539][  0]LogD3D11RHI:       6052/0/8171 MB DedicatedVideo/DedicatedSystem/SharedSystem, Outputs:2, VendorId:0x10de
[2018.08.29-04.38.20:541][  0]LogD3D11RHI:    1. 'Microsoft Basic Render Driver' (Feature Level 11_0)
[2018.08.29-04.38.20:541][  0]LogD3D11RHI:       0/0/8171 MB DedicatedVideo/DedicatedSystem/SharedSystem, Outputs:0, VendorId:0x1414
[2018.08.29-04.38.20:541][  0]LogD3D11RHI: Chosen D3D11 Adapter: 0
[2018.08.29-04.38.20:547][  0]LogD3D11RHI: Creating new Direct3DDevice
[2018.08.29-04.38.20:547][  0]LogD3D11RHI:     GPU DeviceId: 0x1c03 (for the marketing name, search the web for "GPU Device Id")
[2018.08.29-04.38.20:547][  0]LogWindows: EnumDisplayDevices:
[2018.08.29-04.38.20:547][  0]LogWindows:    0. 'NVIDIA GeForce GTX 1060 6GB' (P:1 D:1)
[2018.08.29-04.38.20:547][  0]LogWindows:    1. 'NVIDIA GeForce GTX 1060 6GB' (P:0 D:1)
[2018.08.29-04.38.20:547][  0]LogWindows:    2. 'NVIDIA GeForce GTX 1060 6GB' (P:0 D:0)
[2018.08.29-04.38.20:547][  0]LogWindows:    3. 'NVIDIA GeForce GTX 1060 6GB' (P:0 D:0)
[2018.08.29-04.38.20:547][  0]LogWindows: DebugString: FoundDriverCount:4 
[2018.08.29-04.38.20:547][  0]LogD3D11RHI:     Adapter Name: NVIDIA GeForce GTX 1060 6GB
[2018.08.29-04.38.20:547][  0]LogD3D11RHI:   Driver Version: 398.36 (internal:24.21.13.9836, unified:398.36)
[2018.08.29-04.38.20:547][  0]LogD3D11RHI:      Driver Date: 6-24-2018
[2018.08.29-04.38.20:547][  0]LogRHI: Texture pool is 4236 MB (70% of 6052 MB)
[2018.08.29-04.38.20:583][  0]LogD3D11RHI: Async texture creation enabled
[2018.08.29-04.38.20:599][  0]LogD3D11RHI: GPU Timing Frequency: 1000.000000 (Debug: 2 2)
[2018.08.29-04.38.20:649][  0]LogShaderCompilers: Guid format shader working directory is -16 characters bigger than the processId version (../../../../../My Files/The Documents/Unreal Projects/Maze_3D/Intermediate/Shaders/WorkingDirectory/9912/).
[2018.08.29-04.38.20:649][  0]LogShaderCompilers: Cleaned the shader compiler working directory 'C:/Users/User/AppData/Local/Temp/UnrealShaderWorkingDir/5A023DBB4A0623BAA15D6FBDDCC9750F/'.
[2018.08.29-04.38.21:074][  0]LogTemp: Display: Loaded TP AllDesktopTargetPlatform
[2018.08.29-04.38.21:098][  0]LogTemp: Display: Loaded TP MacClientTargetPlatform
[2018.08.29-04.38.21:112][  0]LogTemp: Display: Loaded TP MacNoEditorTargetPlatform
[2018.08.29-04.38.21:124][  0]LogTemp: Display: Loaded TP MacServerTargetPlatform
[2018.08.29-04.38.21:241][  0]LogTemp: Display: Loaded TP MacTargetPlatform
[2018.08.29-04.38.21:281][  0]LogTemp: Display: Loaded TP WindowsClientTargetPlatform
[2018.08.29-04.38.21:298][  0]LogTemp: Display: Loaded TP WindowsNoEditorTargetPlatform
[2018.08.29-04.38.21:321][  0]LogTemp: Display: Loaded TP WindowsServerTargetPlatform
[2018.08.29-04.38.21:343][  0]LogTemp: Display: Loaded TP WindowsTargetPlatform
[2018.08.29-04.38.21:453][  0]LogTemp: Display: Loaded TP AndroidTargetPlatform
[2018.08.29-04.38.21:453][  0]LogTemp: Display: Loaded TP AndroidTargetPlatform
[2018.08.29-04.38.21:453][  0]LogTemp: Display: Loaded TP AndroidTargetPlatform
[2018.08.29-04.38.21:453][  0]LogTemp: Display: Loaded TP AndroidTargetPlatform
[2018.08.29-04.38.21:453][  0]LogTemp: Display: Loaded TP AndroidTargetPlatform
[2018.08.29-04.38.21:453][  0]LogTemp: Display: Loaded TP AndroidTargetPlatform
[2018.08.29-04.38.21:453][  0]LogTemp: Display: Loaded TP AndroidTargetPlatform
[2018.08.29-04.38.21:453][  0]LogTemp: Display: Loaded TP AndroidTargetPlatform
[2018.08.29-04.38.21:453][  0]LogTemp: Display: Loaded TP AndroidTargetPlatform
[2018.08.29-04.38.21:453][  0]LogTemp: Display: Loaded TP AndroidTargetPlatform
[2018.08.29-04.38.21:453][  0]LogTemp: Display: Loaded TP AndroidTargetPlatform
[2018.08.29-04.38.21:453][  0]LogTemp: Display: Loaded TP AndroidTargetPlatform
[2018.08.29-04.38.21:453][  0]LogTemp: Display: Loaded TP AndroidTargetPlatform
[2018.08.29-04.38.21:453][  0]LogTemp: Display: Loaded TP AndroidTargetPlatform
[2018.08.29-04.38.21:453][  0]LogTemp: Display: Loaded TP AndroidTargetPlatform
[2018.08.29-04.38.21:453][  0]LogTemp: Display: Loaded TP AndroidTargetPlatform
[2018.08.29-04.38.21:453][  0]LogTemp: Display: Loaded TP AndroidTargetPlatform
[2018.08.29-04.38.21:453][  0]LogTemp: Display: Loaded TP AndroidTargetPlatform
[2018.08.29-04.38.21:480][  0]LogTemp: Display: Loaded TP HTML5TargetPlatform
[2018.08.29-04.38.21:602][  0]LogTemp: Display: Loaded TP IOSTargetPlatform
[2018.08.29-04.38.21:602][  0]LogTemp: Display: Loaded TP IOSTargetPlatform
[2018.08.29-04.38.21:633][  0]LogTemp: Display: Loaded TP TVOSTargetPlatform
[2018.08.29-04.38.21:633][  0]LogTemp: Display: Loaded TP TVOSTargetPlatform
[2018.08.29-04.38.21:652][  0]LogTemp: Display: Loaded TP LinuxClientTargetPlatform
[2018.08.29-04.38.21:666][  0]LogTemp: Display: Loaded TP LinuxNoEditorTargetPlatform
[2018.08.29-04.38.21:678][  0]LogTemp: Display: Loaded TP LinuxServerTargetPlatform
[2018.08.29-04.38.21:693][  0]LogTemp: Display: Loaded TP LinuxTargetPlatform
[2018.08.29-04.38.21:719][  0]LogTemp: Display: Loaded TP LuminTargetPlatform
[2018.08.29-04.38.21:719][  0]LogTargetPlatformManager: Display: Building Assets For Windows
[2018.08.29-04.38.22:040][  0]LogXGEController: Cleaning working directory: C:/Users/User/AppData/Local/Temp/UnrealXGEWorkingDir/
[2018.08.29-04.38.22:040][  0]LogXGEController: Cannot use XGE Controller as Incredibuild is not installed on this machine.
[2018.08.29-04.38.22:040][  0]LogShaderCompilers: Cannot use XGE Shader Compiler as Incredibuild is not installed on this machine.
[2018.08.29-04.38.22:040][  0]LogShaderCompilers: Display: Using Local Shader Compiler.
[2018.08.29-04.38.23:031][  0]LogDerivedDataCache: Display: Max Cache Size: 512 MB
[2018.08.29-04.38.23:366][  0]LogDerivedDataCache: Loaded boot cache 0.33s 74MB C:/Users/User/AppData/Local/UnrealEngine/4.20/DerivedDataCache/Boot.ddc.
[2018.08.29-04.38.23:366][  0]LogDerivedDataCache: Display: Loaded Boot cache: C:/Users/User/AppData/Local/UnrealEngine/4.20/DerivedDataCache/Boot.ddc
[2018.08.29-04.38.23:366][  0]LogDerivedDataCache: FDerivedDataBackendGraph:  Pak pak cache file ../../../../../My Files/The Documents/Unreal Projects/Maze_3D/DerivedDataCache/DDC.ddp not found, will not use a pak cache.
[2018.08.29-04.38.23:366][  0]LogDerivedDataCache: Unable to find inner node Pak for hierarchical cache Hierarchy.
[2018.08.29-04.38.23:366][  0]LogDerivedDataCache: FDerivedDataBackendGraph:  CompressedPak pak cache file ../../../../../My Files/The Documents/Unreal Projects/Maze_3D/DerivedDataCache/Compressed.ddp not found, will not use a pak cache.
[2018.08.29-04.38.23:366][  0]LogDerivedDataCache: Unable to find inner node CompressedPak for hierarchical cache Hierarchy.
[2018.08.29-04.38.23:411][  0]LogDerivedDataCache: Display: Pak cache opened for reading ../../../Engine/DerivedDataCache/Compressed.ddp.
[2018.08.29-04.38.23:425][  0]LogDerivedDataCache: Using Local data cache path C:/Users/User/AppData/Local/UnrealEngine/Common/DerivedDataCache: Writable
[2018.08.29-04.38.23:425][  0]LogDerivedDataCache: Shared data cache path not found in *engine.ini, will not use an Shared cache.
[2018.08.29-04.38.23:425][  0]LogDerivedDataCache: Unable to find inner node Shared for hierarchical cache Hierarchy.
[2018.08.29-04.38.23:443][  0]LogMaterial: Verifying Global Shaders for PCD3D_SM5
[2018.08.29-04.38.23:445][  0]LogSlate: Using FreeType 2.6.0
[2018.08.29-04.38.23:455][  0]LogSlate: SlateFontServices - WITH_FREETYPE: 1, WITH_HARFBUZZ: 1
[2018.08.29-04.38.23:970][  0]LogAssetRegistry: FAssetRegistry took 0.0261 seconds to start up
[2018.08.29-04.38.24:470][  0]LogInit: Selected Device Profile: [Windows]
[2018.08.29-04.38.25:197][  0]LogSimplygon: Simplygon DLL not present - disabling.
[2018.08.29-04.38.25:376][  0]LogMeshReduction: Using SimplygonSwarm for distributed automatic mesh merging
[2018.08.29-04.38.25:376][  0]LogMeshReduction: Using ProxyLODMeshReduction for automatic mesh merging
[2018.08.29-04.38.25:376][  0]LogMeshReduction: Using QuadricMeshReduction for automatic static mesh reduction
[2018.08.29-04.38.25:376][  0]LogMeshReduction: No automatic skeletal mesh reduction module available
[2018.08.29-04.38.25:396][  0]LogNetVersion: Maze_3D 1.0.0, NetCL: 4212847, EngineNetVer: 5, GameNetVer: 0 (Checksum: 1160223804)
[2018.08.29-04.38.26:268][  0]LogPackageLocalizationCache: Processed 11 localized package path(s) for 2 prioritized culture(s) in 0.112065 seconds
[2018.08.29-04.38.26:274][  0]LogUObjectArray: 38425 objects as part of root set at end of initial load.
[2018.08.29-04.38.26:274][  0]LogUObjectAllocator: 6690872 out of 0 bytes used by permanent object pool.
[2018.08.29-04.38.26:274][  0]LogUObjectArray: CloseDisregardForGC: 0/0 objects in disregard for GC pool
[2018.08.29-04.38.31:015][  0]LogTcpMessaging: Initializing TcpMessaging bridge
[2018.08.29-04.38.31:048][  0]LogUdpMessaging: Initializing bridge on interface 0.0.0.0:0 to multicast group 230.0.0.1:6666.
[2018.08.29-04.38.32:166][  0]SourceControl: Source control is disabled
[2018.08.29-04.38.32:167][  0]SourceControl: Source control is disabled
[2018.08.29-04.38.32:200][  0]SourceControl: Source control is disabled
[2018.08.29-04.38.32:209][  0]SourceControl: Source control is disabled
[2018.08.29-04.38.32:967][  0]LogAndroidPermission: UAndroidPermissionCallbackProxy::GetInstance
[2018.08.29-04.38.33:109][  0]LogOcInput: OculusInput pre-init called
[2018.08.29-04.38.33:242][  0]LogEngine: Initializing Engine...
[2018.08.29-04.38.33:243][  0]LogHMD: Failed to initialize OpenVR with code 110
[2018.08.29-04.38.33:244][  0]LogStats: UGameplayTagsManager::ConstructGameplayTagTree: ImportINI prefixes -  0.000 s
[2018.08.29-04.38.33:244][  0]LogStats: UGameplayTagsManager::ConstructGameplayTagTree: Construct from data asset -  0.000 s
[2018.08.29-04.38.33:248][  0]LogStats: UGameplayTagsManager::ConstructGameplayTagTree: ImportINI -  0.000 s
[2018.08.29-04.38.33:248][  0]LogStats: UGameplayTagsManager::ConstructGameplayTagTree: GameplayTagTreeChangedEvent.Broadcast -  0.000 s
[2018.08.29-04.38.33:519][  0]LogInit: Initializing FReadOnlyCVARCache
[2018.08.29-04.38.33:604][  0]LogAIModule: Creating AISystem for world Untitled
[2018.08.29-04.38.33:612][  0]LogInit: XAudio2 using 'VX2370 SERIES (NVIDIA High Definition Audio)' : 2 channels at 48 kHz using 16 bits per sample (channel mask 0x3)
[2018.08.29-04.38.33:623][  0]LogInit: FAudioDevice initialized.
[2018.08.29-04.38.33:623][  0]LogNetVersion: Set ProjectVersion to 1.0.0.0. Version Checksum will be recalculated on next use.
[2018.08.29-04.38.33:749][  0]LogDerivedDataCache: Saved boot cache 0.13s 74MB C:/Users/User/AppData/Local/UnrealEngine/4.20/DerivedDataCache/Boot.ddc.
[2018.08.29-04.38.33:762][  0]LogInit: Texture streaming: Enabled
[2018.08.29-04.38.33:825][  0]LogEngineSessionManager: EngineSessionManager initialized
[2018.08.29-04.38.33:825][  0]LogEngineSessionManager: EngineSessionManager sent abnormal shutdown report. Type=AbnormalShutdown, SessionId={EFBB93AA-4243-B2DD-0F81-E98BEDAE1C65}
[2018.08.29-04.38.33:885][  0]LogInit: Transaction tracking system initialized
[2018.08.29-04.38.34:074][  0]BlueprintLog: New page: Editor Load
[2018.08.29-04.38.34:557][  0]LocalizationService: Localization service is disabled
[2018.08.29-04.38.35:851][  0]LogCook: Display: Max memory allowance for cook 16384mb min free memory 0mb
[2018.08.29-04.38.35:851][  0]LogCook: Display: Mobile HDR setting 1
[2018.08.29-04.38.35:851][  0]LogGameplayTags: Display: UGameplayTagsManager::DoneAddingNativeTags. DelegateIsBound: 0
[2018.08.29-04.38.35:851][  0]LogStats: UGameplayTagsManager::ConstructGameplayTagTree: ImportINI prefixes -  0.000 s
[2018.08.29-04.38.35:851][  0]LogStats: UGameplayTagsManager::ConstructGameplayTagTree: Construct from data asset -  0.000 s
[2018.08.29-04.38.35:851][  0]LogStats: UGameplayTagsManager::ConstructGameplayTagTree: ImportINI -  0.000 s
[2018.08.29-04.38.35:851][  0]LogStats: UGameplayTagsManager::ConstructGameplayTagTree: GameplayTagTreeChangedEvent.Broadcast -  0.000 s
[2018.08.29-04.38.36:428][  0]LogFileCache: Scanning file cache for directory 'D:/My Files/The Documents/Unreal Projects/Maze_3D/Content/' took 0.02s
[2018.08.29-04.38.36:659][  0]SourceControl: Source control is disabled
[2018.08.29-04.38.36:659][  0]Cmd: MAP LOAD FILE="../../../../../My Files/The Documents/Unreal Projects/Maze_3D/Content/Maps/MainMenu.umap" TEMPLATE=0 SHOWPROGRESS=1 FEATURELEVEL=3
[2018.08.29-04.38.36:660][  0]LightingResults: New page: Lighting Build
[2018.08.29-04.38.36:683][  0]MapCheck: New page: Map Check
[2018.08.29-04.38.36:683][  0]LightingResults: New page: Lighting Build
[2018.08.29-04.38.36:760][  0]LogAIModule: Creating AISystem for world MainMenu
[2018.08.29-04.38.36:762][  0]LogEditorServer: Finished looking for orphan Actors (0.000 secs)
[2018.08.29-04.38.36:783][  0]Cmd: MAP CHECKDEP NOCLEARLOG
[2018.08.29-04.38.36:851][  0]MapCheck: Map check complete: 0 Error(s), 0 Warning(s), took 67.75ms to complete.
[2018.08.29-04.38.36:851][  0]LogFileHelpers: Loading map 'MainMenu' took 0.192
[2018.08.29-04.38.37:038][  0]LogSlate: Updating window title bar state: overlay mode, drag disabled, window buttons hidden, title bar hidden
[2018.08.29-04.38.37:051][  0]LogSlate: Updating window title bar state: overlay mode, drag disabled, window buttons hidden, title bar hidden
[2018.08.29-04.38.37:073][  0]LogSlate: Updating window title bar state: overlay mode, drag disabled, window buttons hidden, title bar hidden
[2018.08.29-04.38.37:083][  0]LogSlate: Updating window title bar state: overlay mode, drag disabled, window buttons hidden, title bar hidden
[2018.08.29-04.38.37:106][  0]LogCollectionManager: Loaded 0 collections in 0.001176 seconds
[2018.08.29-04.38.37:166][  0]LogFileCache: Scanning file cache for directory 'D:/My Files/The Documents/Unreal Projects/Maze_3D/Saved/Collections/' took 0.01s
[2018.08.29-04.38.37:166][  0]LogFileCache: Scanning file cache for directory 'D:/My Files/The Documents/Unreal Projects/Maze_3D/Content/Developers/User/Collections/' took 0.01s
[2018.08.29-04.38.37:166][  0]LogFileCache: Scanning file cache for directory 'D:/My Files/The Documents/Unreal Projects/Maze_3D/Content/Collections/' took 0.01s
[2018.08.29-04.38.37:166][  0]LogCollectionManager: Rebuilt the GUID cache for 0 collections in 0.000000 seconds
[2018.08.29-04.38.37:178][  0]LogContentBrowser: Native class hierarchy populated in 0.0112 seconds. Added 2581 classes and 605 folders.
[2018.08.29-04.38.37:216][  0]LogContentBrowser: Native class hierarchy updated for 'WidgetCarousel' in 0.0012 seconds. Added 0 classes and 0 folders.
[2018.08.29-04.38.37:854][  0]LogContentBrowser: Native class hierarchy updated for 'AddContentDialog' in 0.0004 seconds. Added 0 classes and 0 folders.
[2018.08.29-04.38.37:893][  0]LogContentBrowser: Native class hierarchy updated for 'SceneOutliner' in 0.0005 seconds. Added 1 classes and 2 folders.
[2018.08.29-04.38.37:938][  0]LogSlate: Took 0.010828 seconds to synchronously load lazily loaded font '../../../Engine/Content/Slate/Fonts/Roboto-Regular.ttf' (155K)
[2018.08.29-04.38.37:985][  0]LogSlate: Took 0.044472 seconds to synchronously load lazily loaded font '../../../Engine/Content/Slate/Fonts/Roboto-Bold.ttf' (160K)
[2018.08.29-04.38.37:991][  0]LogSlate: Took 0.001424 seconds to synchronously load lazily loaded font '../../../Engine/Content/Editor/Slate/Fonts/FontAwesome.ttf' (139K)
[2018.08.29-04.38.38:255][  0]LogRenderer: Reallocating scene render targets to support 1196x548 Format 10 NumSamples 1 (Frame:1).
[2018.08.29-04.38.38:764][  0]LogContentBrowser: Native class hierarchy updated for 'HierarchicalLODOutliner' in 0.0004 seconds. Added 0 classes and 0 folders.
[2018.08.29-04.38.38:764][  0]LogLoad: (Engine Initialization) Total time: 24.64 seconds
[2018.08.29-04.38.38:764][  0]LogLoad: (Engine Initialization) Total Blueprint compile time: 0.00 seconds
[2018.08.29-04.38.38:799][  0]LogContentStreaming: Texture pool size now 3000 MB
[2018.08.29-04.38.39:060][  0]LogRenderer: Reallocating scene render targets to support 1196x564 Format 10 NumSamples 1 (Frame:2).
[2018.08.29-04.38.39:079][  0]LogSlate: Took 0.000255 seconds to synchronously load lazily loaded font '../../../Engine/Content/Slate/Fonts/Roboto-Light.ttf' (167K)
[2018.08.29-04.38.39:196][  1]LogAssetRegistry: Asset discovery search completed in 15.2495 seconds
[2018.08.29-04.38.39:198][  1]LogCollectionManager: Rebuilt the object cache for 0 collections in 0.000000 seconds (found 0 objects)
[2018.08.29-04.38.39:198][  1]LogCollectionManager: Fixed up redirectors for 0 collections in 0.000053 seconds (updated 0 objects)
[2018.08.29-04.38.40:432][  5]LogSlate: Took 0.000316 seconds to synchronously load lazily loaded font '../../../Engine/Content/Slate/Fonts/Roboto-Light.ttf' (167K)
[2018.08.29-04.38.43:104][ 13]LogSlate: FSceneViewport::OnFocusLost() reason 0
[2018.08.29-04.38.43:129][ 13]LogAssetEditorManager: Opening Asset editor for Blueprint /Game/Blueprints/Objects/Tile.Tile
[2018.08.29-04.38.43:556][ 13]LogContentBrowser: Native class hierarchy updated for 'BlueprintGraph' in 0.0007 seconds. Added 116 classes and 0 folders.
[2018.08.29-04.38.44:297][ 13]LogAssetEditorManager: Opening Asset editor for Blueprint /Game/Blueprints/Objects/Elevator.Elevator
[2018.08.29-04.38.44:585][ 13]LogSlate: Took 0.000234 seconds to synchronously load lazily loaded font '../../../Engine/Content/Slate/Fonts/Roboto-BoldCondensed.ttf' (158K)
[2018.08.29-04.38.46:282][206]LogSlate: Window 'Elevator' being destroyed
[2018.08.29-04.38.46:286][206]LogSlate: Window 'Elevator' being destroyed
[2018.08.29-04.38.46:633][206]LogActorComponent: UnregisterComponent: (/Engine/Transient.EditorFloorComp) Not registered. Aborting.
[2018.08.29-04.38.52:340][875]LogSlate: FSceneViewport::OnFocusLost() reason 0
[2018.08.29-04.38.52:667][911]Candidate modules for hot reload:
[2018.08.29-04.38.52:667][911]  Maze_3D
[2018.08.29-04.38.52:667][911]Launching UnrealBuildTool... [D:/Epic Games/UE_4.20/Engine/Binaries/DotNET/UnrealBuildTool.exe  -ModuleWithSuffix=Maze_3D,498 Win64 Development -TargetType=Editor -Project="../../../../../My Files/The Documents/Unreal Projects/Maze_3D/Maze_3D.uproject" -canskiplink "D:/My Files/The Documents/Unreal Projects/Maze_3D/Maze_3D.uproject" ]
[2018.08.29-04.38.52:671][911]Warning: Starting HotReload took  0.0s.
[2018.08.29-04.38.57:284][465]CompilerResultsLog: New page: Compilation - Aug 28, 2018, 2:38:57 PM
[2018.08.29-04.38.57:284][465]CompilerResultsLog: Compiling game modules for hot reload
[2018.08.29-04.38.57:284][465]CompilerResultsLog: Building 3 actions with 8 processes...
[2018.08.29-04.38.57:284][465]CompilerResultsLog:   Maze.cpp
[2018.08.29-04.38.57:284][465]CompilerResultsLog:   UE4Editor-Maze_3D-498.lib
[2018.08.29-04.38.57:284][465]CompilerResultsLog:      Creating library D:\My Files\The Documents\Unreal Projects\Maze_3D\Intermediate\Build\Win64\UE4Editor\Development\Maze_3D\UE4Editor-Maze_3D-498.lib and object D:\My Files\The Documents\Unreal Projects\Maze_3D\Intermediate\Build\Win64\UE4Editor\Development\Maze_3D\UE4Editor-Maze_3D-498.exp
[2018.08.29-04.38.57:284][465]CompilerResultsLog:   UE4Editor-Maze_3D-498.dll
[2018.08.29-04.38.57:284][465]CompilerResultsLog:      Creating library D:\My Files\The Documents\Unreal Projects\Maze_3D\Intermediate\Build\Win64\UE4Editor\Development\Maze_3D\UE4Editor-Maze_3D-498.suppressed.lib and object D:\My Files\The Documents\Unreal Projects\Maze_3D\Intermediate\Build\Win64\UE4Editor\Development\Maze_3D\UE4Editor-Maze_3D-498.suppressed.exp
[2018.08.29-04.38.57:284][465]CompilerResultsLog: Total build time: 4.34 seconds (Parallel executor: 2.80 seconds)
[2018.08.29-04.38.57:284][465]LogMainFrame: MainFrame: Module compiling took 4.628 seconds
[2018.08.29-04.38.57:359][465]LogContentBrowser: Native class hierarchy updated for 'Maze_3D' in 0.0005 seconds. Added 9 classes and 2 folders.
[2018.08.29-04.38.57:363][465]Display: HotReload successful (10 functions remapped  0 scriptstructs remapped)
[2018.08.29-04.38.57:728][465]LogContentBrowser: Native class hierarchy populated in 0.0087 seconds. Added 2582 classes and 607 folders.
[2018.08.29-04.38.57:728][465]Display: HotReload took  5.1s.
[2018.08.29-04.39.10:817][ 32]LogTemp: Repeating last play command: Selected Viewport
[2018.08.29-04.39.10:834][ 32]LogBlueprintUserMessages: Early PlayInEditor Detection: Level '/Game/Maps/MainMenu.MainMenu:PersistentLevel' has LevelScriptBlueprint '/Game/Maps/MainMenu.MainMenu:PersistentLevel.MainMenu' with GeneratedClass '/Game/Maps/MainMenu.MainMenu_C' with ClassGeneratedBy '/Game/Maps/MainMenu.MainMenu:PersistentLevel.MainMenu'
[2018.08.29-04.39.10:834][ 32]LogPlayLevel: PlayLevel: No blueprints needed recompiling
[2018.08.29-04.39.10:847][ 32]PIE: New page: PIE session: MainMenu (Aug 28, 2018, 2:39:10 PM)
[2018.08.29-04.39.10:847][ 32]LogPlayLevel: Creating play world package: /Game/Maps/UEDPIE_0_MainMenu
[2018.08.29-04.39.10:847][ 32]LogPlayLevel: PIE: StaticDuplicateObject took: (0.001223s)
[2018.08.29-04.39.10:848][ 32]LogAIModule: Creating AISystem for world MainMenu
[2018.08.29-04.39.10:849][ 32]LogPlayLevel: PIE: World Init took: (0.001034s)
[2018.08.29-04.39.10:849][ 32]LogPlayLevel: PIE: Created PIE world by copying editor world from /Game/Maps/MainMenu.MainMenu to /Game/Maps/UEDPIE_0_MainMenu.MainMenu (0.002438s)
[2018.08.29-04.39.10:905][ 32]LogInit: XAudio2 using 'VX2370 SERIES (NVIDIA High Definition Audio)' : 2 channels at 48 kHz using 16 bits per sample (channel mask 0x3)
[2018.08.29-04.39.10:912][ 32]LogInit: FAudioDevice initialized.
[2018.08.29-04.39.10:953][ 32]LogLoad: Game class is 'Maze_3D_MenuMode'
[2018.08.29-04.39.10:955][ 32]LogWorld: Bringing World /Game/Maps/UEDPIE_0_MainMenu.MainMenu up for play (max tick rate 0) at 2018.08.28-21.39.10
[2018.08.29-04.39.10:955][ 32]LogWorld: Bringing up level for play took: 0.000435
[2018.08.29-04.39.11:015][ 32]LogContentBrowser: Native class hierarchy updated for 'MovieSceneCapture' in 0.0008 seconds. Added 10 classes and 0 folders.
[2018.08.29-04.39.11:018][ 32]PIE: Play in editor start time for /Game/Maps/UEDPIE_0_MainMenu 0.055
[2018.08.29-04.39.11:018][ 32]LogBlueprintUserMessages: Late PlayInEditor Detection: Level '/Game/Maps/MainMenu.MainMenu:PersistentLevel' has LevelScriptBlueprint '/Game/Maps/MainMenu.MainMenu:PersistentLevel.MainMenu' with GeneratedClass '/Game/Maps/MainMenu.MainMenu_C' with ClassGeneratedBy '/Game/Maps/MainMenu.MainMenu:PersistentLevel.MainMenu'
[2018.08.29-04.39.13:265][297]LogSlate: FSceneViewport::OnFocusLost() reason 0
[2018.08.29-04.39.13:365][309]LogNet: Browse: /Game/Maps/Maze
[2018.08.29-04.39.13:366][309]LogLoad: LoadMap: /Game/Maps/Maze
[2018.08.29-04.39.14:199][309]LogAIModule: Creating AISystem for world Maze
[2018.08.29-04.39.14:199][309]LogLoad: Game class is 'Maze_3D_GameMode'
[2018.08.29-04.39.14:201][309]LogWorld: Bringing World /Game/Maps/UEDPIE_0_Maze.Maze up for play (max tick rate 0) at 2018.08.28-21.39.14
[2018.08.29-04.39.14:201][309]LogWorld: Bringing up level for play took: 0.001160
[2018.08.29-04.39.14:201][309]LogGameMode: FindPlayerStart: PATHS NOT DEFINED or NO PLAYERSTART with positive rating
[2018.08.29-04.39.14:239][309]LogLoad: Took 0.874511 seconds to LoadMap(/Game/Maps/Maze)
[2018.08.29-04.40.13:147][222]LogBlueprintUserMessages: Early EndPlayMap Detection: Level '/Game/Maps/MainMenu.MainMenu:PersistentLevel' has LevelScriptBlueprint '/Game/Maps/MainMenu.MainMenu:PersistentLevel.MainMenu' with GeneratedClass '/Game/Maps/MainMenu.MainMenu_C' with ClassGeneratedBy '/Game/Maps/MainMenu.MainMenu:PersistentLevel.MainMenu'
[2018.08.29-04.40.13:148][222]LogSlate: Updating window title bar state: overlay mode, drag disabled, window buttons hidden, title bar hidden
[2018.08.29-04.40.13:203][222]LogPlayLevel: Display: Shutting down PIE online subsystems
[2018.08.29-04.40.13:203][222]LogBlueprintUserMessages: Late EndPlayMap Detection: Level '/Game/Maps/MainMenu.MainMenu:PersistentLevel' has LevelScriptBlueprint '/Game/Maps/MainMenu.MainMenu:PersistentLevel.MainMenu' with GeneratedClass '/Game/Maps/MainMenu.MainMenu_C' with ClassGeneratedBy '/Game/Maps/MainMenu.MainMenu:PersistentLevel.MainMenu'
[2018.08.29-04.40.13:227][222]LogSlate: Updating window title bar state: overlay mode, drag disabled, window buttons hidden, title bar hidden
[2018.08.29-04.40.13:252][224]LogPlayLevel: Display: Destroying online subsystem :Context_3
[2018.08.29-04.41.38:456][669]LogSlate: FSceneViewport::OnFocusLost() reason 0
[2018.08.29-04.41.38:729][669]Candidate modules for hot reload:
[2018.08.29-04.41.38:729][669]  Maze_3D
[2018.08.29-04.41.38:730][669]Launching UnrealBuildTool... [D:/Epic Games/UE_4.20/Engine/Binaries/DotNET/UnrealBuildTool.exe  -ModuleWithSuffix=Maze_3D,4228 Win64 Development -TargetType=Editor -Project="../../../../../My Files/The Documents/Unreal Projects/Maze_3D/Maze_3D.uproject" -canskiplink "D:/My Files/The Documents/Unreal Projects/Maze_3D/Maze_3D.uproject" ]
[2018.08.29-04.41.38:733][669]Warning: Starting HotReload took  0.0s.
[2018.08.29-04.41.42:925][170]CompilerResultsLog: New page: Compilation - Aug 28, 2018, 2:41:42 PM
[2018.08.29-04.41.42:925][170]CompilerResultsLog: Compiling game modules for hot reload
[2018.08.29-04.41.42:925][170]CompilerResultsLog: Building 3 actions with 8 processes...
[2018.08.29-04.41.42:925][170]CompilerResultsLog:   Maze.cpp
[2018.08.29-04.41.42:925][170]CompilerResultsLog:   UE4Editor-Maze_3D-4228.lib
[2018.08.29-04.41.42:925][170]CompilerResultsLog:      Creating library D:\My Files\The Documents\Unreal Projects\Maze_3D\Intermediate\Build\Win64\UE4Editor\Development\Maze_3D\UE4Editor-Maze_3D-4228.lib and object D:\My Files\The Documents\Unreal Projects\Maze_3D\Intermediate\Build\Win64\UE4Editor\Development\Maze_3D\UE4Editor-Maze_3D-4228.exp
[2018.08.29-04.41.42:925][170]CompilerResultsLog:   UE4Editor-Maze_3D-4228.dll
[2018.08.29-04.41.42:925][170]CompilerResultsLog:      Creating library D:\My Files\The Documents\Unreal Projects\Maze_3D\Intermediate\Build\Win64\UE4Editor\Development\Maze_3D\UE4Editor-Maze_3D-4228.suppressed.lib and object D:\My Files\The Documents\Unreal Projects\Maze_3D\Intermediate\Build\Win64\UE4Editor\Development\Maze_3D\UE4Editor-Maze_3D-4228.suppressed.exp
[2018.08.29-04.41.42:925][170]CompilerResultsLog: Total build time: 3.84 seconds (Parallel executor: 2.29 seconds)
[2018.08.29-04.41.42:925][170]LogMainFrame: MainFrame: Module compiling took 4.204 seconds
[2018.08.29-04.41.42:972][170]LogContentBrowser: Native class hierarchy updated for 'Maze_3D' in 0.0004 seconds. Added 9 classes and 2 folders.
[2018.08.29-04.41.42:975][170]Display: HotReload successful (10 functions remapped  0 scriptstructs remapped)
[2018.08.29-04.41.43:268][170]LogContentBrowser: Native class hierarchy populated in 0.0084 seconds. Added 2582 classes and 607 folders.
[2018.08.29-04.41.43:268][170]Display: HotReload took  4.6s.
[2018.08.29-04.41.45:146][395]LogTemp: Repeating last play command: Selected Viewport
[2018.08.29-04.41.45:161][395]LogBlueprintUserMessages: Early PlayInEditor Detection: Level '/Game/Maps/MainMenu.MainMenu:PersistentLevel' has LevelScriptBlueprint '/Game/Maps/MainMenu.MainMenu:PersistentLevel.MainMenu' with GeneratedClass '/Game/Maps/MainMenu.MainMenu_C' with ClassGeneratedBy '/Game/Maps/MainMenu.MainMenu:PersistentLevel.MainMenu'
[2018.08.29-04.41.45:161][395]LogPlayLevel: PlayLevel: No blueprints needed recompiling
[2018.08.29-04.41.45:161][395]PIE: New page: PIE session: MainMenu (Aug 28, 2018, 2:41:45 PM)
[2018.08.29-04.41.45:161][395]LogPlayLevel: Creating play world package: /Game/Maps/UEDPIE_0_MainMenu
[2018.08.29-04.41.45:162][395]LogPlayLevel: PIE: StaticDuplicateObject took: (0.001235s)
[2018.08.29-04.41.45:163][395]LogAIModule: Creating AISystem for world MainMenu
[2018.08.29-04.41.45:163][395]LogPlayLevel: PIE: World Init took: (0.000708s)
[2018.08.29-04.41.45:163][395]LogPlayLevel: PIE: Created PIE world by copying editor world from /Game/Maps/MainMenu.MainMenu to /Game/Maps/UEDPIE_0_MainMenu.MainMenu (0.002061s)
[2018.08.29-04.41.45:220][395]LogInit: XAudio2 using 'VX2370 SERIES (NVIDIA High Definition Audio)' : 2 channels at 48 kHz using 16 bits per sample (channel mask 0x3)
[2018.08.29-04.41.45:227][395]LogInit: FAudioDevice initialized.
[2018.08.29-04.41.45:261][395]LogLoad: Game class is 'Maze_3D_MenuMode'
[2018.08.29-04.41.45:262][395]LogWorld: Bringing World /Game/Maps/UEDPIE_0_MainMenu.MainMenu up for play (max tick rate 0) at 2018.08.28-21.41.45
[2018.08.29-04.41.45:263][395]LogWorld: Bringing up level for play took: 0.000355
[2018.08.29-04.41.45:276][395]PIE: Play in editor start time for /Game/Maps/UEDPIE_0_MainMenu 0.312
[2018.08.29-04.41.45:276][395]LogBlueprintUserMessages: Late PlayInEditor Detection: Level '/Game/Maps/MainMenu.MainMenu:PersistentLevel' has LevelScriptBlueprint '/Game/Maps/MainMenu.MainMenu:PersistentLevel.MainMenu' with GeneratedClass '/Game/Maps/MainMenu.MainMenu_C' with ClassGeneratedBy '/Game/Maps/MainMenu.MainMenu:PersistentLevel.MainMenu'
[2018.08.29-04.41.46:173][502]LogSlate: FSceneViewport::OnFocusLost() reason 0
[2018.08.29-04.41.46:282][515]LogNet: Browse: /Game/Maps/Maze
[2018.08.29-04.41.46:282][515]LogLoad: LoadMap: /Game/Maps/Maze
[2018.08.29-04.41.46:375][515]LogAIModule: Creating AISystem for world Maze
[2018.08.29-04.41.46:375][515]LogLoad: Game class is 'Maze_3D_GameMode'
[2018.08.29-04.41.46:377][515]LogWorld: Bringing World /Game/Maps/UEDPIE_0_Maze.Maze up for play (max tick rate 0) at 2018.08.28-21.41.46
[2018.08.29-04.41.46:377][515]LogWorld: Bringing up level for play took: 0.001330
[2018.08.29-04.41.46:378][515]LogGameMode: FindPlayerStart: PATHS NOT DEFINED or NO PLAYERSTART with positive rating
[2018.08.29-04.41.46:415][515]LogLoad: Took 0.132215 seconds to LoadMap(/Game/Maps/Maze)
[2018.08.29-04.42.17:120][458]LogBlueprintUserMessages: Early EndPlayMap Detection: Level '/Game/Maps/MainMenu.MainMenu:PersistentLevel' has LevelScriptBlueprint '/Game/Maps/MainMenu.MainMenu:PersistentLevel.MainMenu' with GeneratedClass '/Game/Maps/MainMenu.MainMenu_C' with ClassGeneratedBy '/Game/Maps/MainMenu.MainMenu:PersistentLevel.MainMenu'
[2018.08.29-04.42.17:120][458]LogSlate: Updating window title bar state: overlay mode, drag disabled, window buttons hidden, title bar hidden
[2018.08.29-04.42.17:176][458]LogPlayLevel: Display: Shutting down PIE online subsystems
[2018.08.29-04.42.17:176][458]LogBlueprintUserMessages: Late EndPlayMap Detection: Level '/Game/Maps/MainMenu.MainMenu:PersistentLevel' has LevelScriptBlueprint '/Game/Maps/MainMenu.MainMenu:PersistentLevel.MainMenu' with GeneratedClass '/Game/Maps/MainMenu.MainMenu_C' with ClassGeneratedBy '/Game/Maps/MainMenu.MainMenu:PersistentLevel.MainMenu'
[2018.08.29-04.42.17:199][458]LogSlate: Updating window title bar state: overlay mode, drag disabled, window buttons hidden, title bar hidden
[2018.08.29-04.42.17:223][459]LogPlayLevel: Display: Destroying online subsystem :Context_4
[2018.08.29-04.49.27:211][461]LogSlate: FSceneViewport::OnFocusLost() reason 0
[2018.08.29-04.49.27:318][468]Candidate modules for hot reload:
[2018.08.29-04.49.27:318][468]  Maze_3D
[2018.08.29-04.49.27:319][468]Launching UnrealBuildTool... [D:/Epic Games/UE_4.20/Engine/Binaries/DotNET/UnrealBuildTool.exe  -ModuleWithSuffix=Maze_3D,3113 Win64 Development -TargetType=Editor -Project="../../../../../My Files/The Documents/Unreal Projects/Maze_3D/Maze_3D.uproject" -canskiplink "D:/My Files/The Documents/Unreal Projects/Maze_3D/Maze_3D.uproject" ]
[2018.08.29-04.49.27:324][468]Warning: Starting HotReload took  0.0s.
[2018.08.29-04.49.29:244][698]CompilerResultsLog: New page: Compilation - Aug 28, 2018, 2:49:29 PM
[2018.08.29-04.49.29:244][698]CompilerResultsLog: Compiling game modules for hot reload
[2018.08.29-04.49.29:244][698]CompilerResultsLog: Target is up to date
[2018.08.29-04.49.29:244][698]CompilerResultsLog: Total build time: 1.49 seconds (NoActionsToExecute executor: 0.00 seconds)
[2018.08.29-04.49.29:244][698]LogMainFrame: MainFrame: Module compiling took 1.937 seconds
[2018.08.29-04.49.29:517][698]LogContentBrowser: Native class hierarchy populated in 0.0091 seconds. Added 2582 classes and 607 folders.
[2018.08.29-04.49.29:518][698]Display: HotReload took  2.2s.
[2018.08.29-04.49.31:280][909]LogTemp: Repeating last play command: Selected Viewport
[2018.08.29-04.49.31:294][909]LogBlueprintUserMessages: Early PlayInEditor Detection: Level '/Game/Maps/MainMenu.MainMenu:PersistentLevel' has LevelScriptBlueprint '/Game/Maps/MainMenu.MainMenu:PersistentLevel.MainMenu' with GeneratedClass '/Game/Maps/MainMenu.MainMenu_C' with ClassGeneratedBy '/Game/Maps/MainMenu.MainMenu:PersistentLevel.MainMenu'
[2018.08.29-04.49.31:294][909]LogPlayLevel: PlayLevel: No blueprints needed recompiling
[2018.08.29-04.49.31:294][909]PIE: New page: PIE session: MainMenu (Aug 28, 2018, 2:49:31 PM)
[2018.08.29-04.49.31:295][909]LogPlayLevel: Creating play world package: /Game/Maps/UEDPIE_0_MainMenu
[2018.08.29-04.49.31:296][909]LogPlayLevel: PIE: StaticDuplicateObject took: (0.001306s)
[2018.08.29-04.49.31:296][909]LogAIModule: Creating AISystem for world MainMenu
[2018.08.29-04.49.31:297][909]LogPlayLevel: PIE: World Init took: (0.000727s)
[2018.08.29-04.49.31:297][909]LogPlayLevel: PIE: Created PIE world by copying editor world from /Game/Maps/MainMenu.MainMenu to /Game/Maps/UEDPIE_0_MainMenu.MainMenu (0.002161s)
[2018.08.29-04.49.31:356][909]LogInit: XAudio2 using 'VX2370 SERIES (NVIDIA High Definition Audio)' : 2 channels at 48 kHz using 16 bits per sample (channel mask 0x3)
[2018.08.29-04.49.31:363][909]LogInit: FAudioDevice initialized.
[2018.08.29-04.49.31:394][909]LogLoad: Game class is 'Maze_3D_MenuMode'
[2018.08.29-04.49.31:395][909]LogWorld: Bringing World /Game/Maps/UEDPIE_0_MainMenu.MainMenu up for play (max tick rate 0) at 2018.08.28-21.49.31
[2018.08.29-04.49.31:395][909]LogWorld: Bringing up level for play took: 0.000345
[2018.08.29-04.49.31:409][909]PIE: Play in editor start time for /Game/Maps/UEDPIE_0_MainMenu 0.446
[2018.08.29-04.49.31:409][909]LogBlueprintUserMessages: Late PlayInEditor Detection: Level '/Game/Maps/MainMenu.MainMenu:PersistentLevel' has LevelScriptBlueprint '/Game/Maps/MainMenu.MainMenu:PersistentLevel.MainMenu' with GeneratedClass '/Game/Maps/MainMenu.MainMenu_C' with ClassGeneratedBy '/Game/Maps/MainMenu.MainMenu:PersistentLevel.MainMenu'
[2018.08.29-04.49.32:032][983]LogSlate: FSceneViewport::OnFocusLost() reason 0
[2018.08.29-04.49.32:124][994]LogNet: Browse: /Game/Maps/Maze
[2018.08.29-04.49.32:124][994]LogLoad: LoadMap: /Game/Maps/Maze
[2018.08.29-04.49.32:223][994]LogAIModule: Creating AISystem for world Maze
[2018.08.29-04.49.32:223][994]LogLoad: Game class is 'Maze_3D_GameMode'
[2018.08.29-04.49.32:226][994]LogWorld: Bringing World /Game/Maps/UEDPIE_0_Maze.Maze up for play (max tick rate 0) at 2018.08.28-21.49.32
[2018.08.29-04.49.32:226][994]LogWorld: Bringing up level for play took: 0.001450
[2018.08.29-04.49.32:226][994]LogGameMode: FindPlayerStart: PATHS NOT DEFINED or NO PLAYERSTART with positive rating
[2018.08.29-04.49.32:262][994]LogLoad: Took 0.137717 seconds to LoadMap(/Game/Maps/Maze)
[2018.08.29-04.49.54:733][486]LogBlueprintUserMessages: Early EndPlayMap Detection: Level '/Game/Maps/MainMenu.MainMenu:PersistentLevel' has LevelScriptBlueprint '/Game/Maps/MainMenu.MainMenu:PersistentLevel.MainMenu' with GeneratedClass '/Game/Maps/MainMenu.MainMenu_C' with ClassGeneratedBy '/Game/Maps/MainMenu.MainMenu:PersistentLevel.MainMenu'
[2018.08.29-04.49.54:733][486]LogSlate: Updating window title bar state: overlay mode, drag disabled, window buttons hidden, title bar hidden
[2018.08.29-04.49.54:788][486]LogPlayLevel: Display: Shutting down PIE online subsystems
[2018.08.29-04.49.54:788][486]LogBlueprintUserMessages: Late EndPlayMap Detection: Level '/Game/Maps/MainMenu.MainMenu:PersistentLevel' has LevelScriptBlueprint '/Game/Maps/MainMenu.MainMenu:PersistentLevel.MainMenu' with GeneratedClass '/Game/Maps/MainMenu.MainMenu_C' with ClassGeneratedBy '/Game/Maps/MainMenu.MainMenu:PersistentLevel.MainMenu'
[2018.08.29-04.49.54:816][486]LogSlate: Updating window title bar state: overlay mode, drag disabled, window buttons hidden, title bar hidden
[2018.08.29-04.49.54:841][487]LogPlayLevel: Display: Destroying online subsystem :Context_5
[2018.08.29-04.51.30:972][261]LogSlate: FSceneViewport::OnFocusLost() reason 0
[2018.08.29-04.51.32:838][423]LogAssetEditorManager: Opening Asset editor for Blueprint /Game/Blueprints/Objects/Elevator.Elevator
[2018.08.29-04.51.36:401][719]LogRenderer: Reallocating scene render targets to support 1196x900 Format 10 NumSamples 1 (Frame:1).
[2018.08.29-04.51.39:597][ 85]LogSlate: Took 0.018344 seconds to synchronously load lazily loaded font '../../../Engine/Content/Slate/Fonts/Roboto-Italic.ttf' (157K)
[2018.08.29-04.51.40:228][158]LogSlate: FSceneViewport::OnFocusLost() reason 0
[2018.08.29-04.52.24:809][413]LogFileHelpers: Editor autosave (incl. sublevels) for '/Game/Maps/MainMenu' took 0.029
[2018.08.29-04.52.24:859][413]OBJ SavePackage: Generating thumbnails for [1] asset(s) in package [/Game/Blueprints/Objects/Elevator] ([1] browsable assets)...
[2018.08.29-04.52.24:913][413]OBJ SavePackage:     Rendered thumbnail for [Blueprint /Game/Blueprints/Objects/Elevator.Elevator]
[2018.08.29-04.52.24:914][413]OBJ SavePackage: Finished generating thumbnails for package [/Game/Blueprints/Objects/Elevator]
[2018.08.29-04.52.25:342][413]LogSavePackage: Moving '../../../../../My Files/The Documents/Unreal Projects/Maze_3D/Saved/Elevator_Auto1640482DC4BE42A48D52CA7834D68AE35.tmp' to '../../../../../My Files/The Documents/Unreal Projects/Maze_3D/Saved/Autosaves/Game/Blueprints/Objects/Elevator_Auto1.uasset'
[2018.08.29-04.52.25:360][413]LogFileHelpers: Auto-saving content packages took 0.550
[2018.08.29-04.53.03:542][594]BlueprintLog: New page: Compile Elevator
[2018.08.29-04.53.04:342][644]Cmd: OBJ SAVEPACKAGE PACKAGE="/Game/Blueprints/Objects/Elevator" FILE="../../../../../My Files/The Documents/Unreal Projects/Maze_3D/Content/Blueprints/Objects/Elevator.uasset" SILENT=true
[2018.08.29-04.53.04:370][644]LogSavePackage: Moving '../../../../../My Files/The Documents/Unreal Projects/Maze_3D/Saved/ElevatorA46CA23B4E6E6C07EF14239A50C8BDB4.tmp' to '../../../../../My Files/The Documents/Unreal Projects/Maze_3D/Content/Blueprints/Objects/Elevator.uasset'
[2018.08.29-04.53.08:352][113]LogSlate: Window 'Elevator' being destroyed
[2018.08.29-04.53.08:355][113]LogSlate: Window 'Elevator' being destroyed
[2018.08.29-04.53.09:028][184]Candidate modules for hot reload:
[2018.08.29-04.53.09:028][184]  Maze_3D
[2018.08.29-04.53.09:028][184]Launching UnrealBuildTool... [D:/Epic Games/UE_4.20/Engine/Binaries/DotNET/UnrealBuildTool.exe  -ModuleWithSuffix=Maze_3D,6453 Win64 Development -TargetType=Editor -Project="../../../../../My Files/The Documents/Unreal Projects/Maze_3D/Maze_3D.uproject" -canskiplink "D:/My Files/The Documents/Unreal Projects/Maze_3D/Maze_3D.uproject" ]
[2018.08.29-04.53.09:032][184]Warning: Starting HotReload took  0.0s.
[2018.08.29-04.53.13:267][691]CompilerResultsLog: New page: Compilation - Aug 28, 2018, 2:53:13 PM
[2018.08.29-04.53.13:267][691]CompilerResultsLog: Compiling game modules for hot reload
[2018.08.29-04.53.13:267][691]CompilerResultsLog: Building 3 actions with 8 processes...
[2018.08.29-04.53.13:267][691]CompilerResultsLog:   Maze.cpp
[2018.08.29-04.53.13:267][691]CompilerResultsLog:   UE4Editor-Maze_3D-6453.lib
[2018.08.29-04.53.13:267][691]CompilerResultsLog:      Creating library D:\My Files\The Documents\Unreal Projects\Maze_3D\Intermediate\Build\Win64\UE4Editor\Development\Maze_3D\UE4Editor-Maze_3D-6453.lib and object D:\My Files\The Documents\Unreal Projects\Maze_3D\Intermediate\Build\Win64\UE4Editor\Development\Maze_3D\UE4Editor-Maze_3D-6453.exp
[2018.08.29-04.53.13:267][691]CompilerResultsLog:   UE4Editor-Maze_3D-6453.dll
[2018.08.29-04.53.13:267][691]CompilerResultsLog:      Creating library D:\My Files\The Documents\Unreal Projects\Maze_3D\Intermediate\Build\Win64\UE4Editor\Development\Maze_3D\UE4Editor-Maze_3D-6453.suppressed.lib and object D:\My Files\The Documents\Unreal Projects\Maze_3D\Intermediate\Build\Win64\UE4Editor\Development\Maze_3D\UE4Editor-Maze_3D-6453.suppressed.exp
[2018.08.29-04.53.13:267][691]CompilerResultsLog: Total build time: 3.82 seconds (Parallel executor: 2.27 seconds)
[2018.08.29-04.53.13:267][691]LogMainFrame: MainFrame: Module compiling took 4.248 seconds
[2018.08.29-04.53.13:356][691]LogContentBrowser: Native class hierarchy updated for 'Maze_3D' in 0.0005 seconds. Added 9 classes and 2 folders.
[2018.08.29-04.53.13:360][691]Display: HotReload successful (10 functions remapped  0 scriptstructs remapped)
[2018.08.29-04.53.13:664][691]LogContentBrowser: Native class hierarchy populated in 0.0100 seconds. Added 2582 classes and 607 folders.
[2018.08.29-04.53.13:664][691]Display: HotReload took  4.7s.
[2018.08.29-04.53.15:002][851]LogTemp: Repeating last play command: Selected Viewport
[2018.08.29-04.53.15:019][851]LogBlueprintUserMessages: Early PlayInEditor Detection: Level '/Game/Maps/MainMenu.MainMenu:PersistentLevel' has LevelScriptBlueprint '/Game/Maps/MainMenu.MainMenu:PersistentLevel.MainMenu' with GeneratedClass '/Game/Maps/MainMenu.MainMenu_C' with ClassGeneratedBy '/Game/Maps/MainMenu.MainMenu:PersistentLevel.MainMenu'
[2018.08.29-04.53.15:019][851]LogPlayLevel: PlayLevel: No blueprints needed recompiling
[2018.08.29-04.53.15:019][851]PIE: New page: PIE session: MainMenu (Aug 28, 2018, 2:53:15 PM)
[2018.08.29-04.53.15:020][851]LogPlayLevel: Creating play world package: /Game/Maps/UEDPIE_0_MainMenu
[2018.08.29-04.53.15:021][851]LogPlayLevel: PIE: StaticDuplicateObject took: (0.001258s)
[2018.08.29-04.53.15:021][851]LogAIModule: Creating AISystem for world MainMenu
[2018.08.29-04.53.15:021][851]LogPlayLevel: PIE: World Init took: (0.000549s)
[2018.08.29-04.53.15:021][851]LogPlayLevel: PIE: Created PIE world by copying editor world from /Game/Maps/MainMenu.MainMenu to /Game/Maps/UEDPIE_0_MainMenu.MainMenu (0.001932s)
[2018.08.29-04.53.15:082][851]LogInit: XAudio2 using 'VX2370 SERIES (NVIDIA High Definition Audio)' : 2 channels at 48 kHz using 16 bits per sample (channel mask 0x3)
[2018.08.29-04.53.15:090][851]LogInit: FAudioDevice initialized.
[2018.08.29-04.53.15:124][851]LogLoad: Game class is 'Maze_3D_MenuMode'
[2018.08.29-04.53.15:125][851]LogWorld: Bringing World /Game/Maps/UEDPIE_0_MainMenu.MainMenu up for play (max tick rate 0) at 2018.08.28-21.53.15
[2018.08.29-04.53.15:125][851]LogWorld: Bringing up level for play took: 0.000448
[2018.08.29-04.53.15:138][851]PIE: Play in editor start time for /Game/Maps/UEDPIE_0_MainMenu 0.176
[2018.08.29-04.53.15:139][851]LogBlueprintUserMessages: Late PlayInEditor Detection: Level '/Game/Maps/MainMenu.MainMenu:PersistentLevel' has LevelScriptBlueprint '/Game/Maps/MainMenu.MainMenu:PersistentLevel.MainMenu' with GeneratedClass '/Game/Maps/MainMenu.MainMenu_C' with ClassGeneratedBy '/Game/Maps/MainMenu.MainMenu:PersistentLevel.MainMenu'
[2018.08.29-04.53.16:178][975]LogSlate: FSceneViewport::OnFocusLost() reason 0
[2018.08.29-04.53.16:254][984]LogNet: Browse: /Game/Maps/Maze
[2018.08.29-04.53.16:254][984]LogLoad: LoadMap: /Game/Maps/Maze
[2018.08.29-04.53.16:353][984]LogAIModule: Creating AISystem for world Maze
[2018.08.29-04.53.16:353][984]LogLoad: Game class is 'Maze_3D_GameMode'
[2018.08.29-04.53.16:355][984]LogWorld: Bringing World /Game/Maps/UEDPIE_0_Maze.Maze up for play (max tick rate 0) at 2018.08.28-21.53.16
[2018.08.29-04.53.16:355][984]LogWorld: Bringing up level for play took: 0.001354
[2018.08.29-04.53.16:355][984]LogGameMode: FindPlayerStart: PATHS NOT DEFINED or NO PLAYERSTART with positive rating
[2018.08.29-04.53.16:393][984]LogLoad: Took 0.138278 seconds to LoadMap(/Game/Maps/Maze)
[2018.08.29-04.53.38:031][445]LogSlate: FSceneViewport::OnFocusLost() reason 2
[2018.08.29-04.53.38:882][508]LogBlueprintUserMessages: Early EndPlayMap Detection: Level '/Game/Maps/MainMenu.MainMenu:PersistentLevel' has LevelScriptBlueprint '/Game/Maps/MainMenu.MainMenu:PersistentLevel.MainMenu' with GeneratedClass '/Game/Maps/MainMenu.MainMenu_C' with ClassGeneratedBy '/Game/Maps/MainMenu.MainMenu:PersistentLevel.MainMenu'
[2018.08.29-04.53.38:882][508]LogSlate: Updating window title bar state: overlay mode, drag disabled, window buttons hidden, title bar hidden
[2018.08.29-04.53.38:927][508]LogPlayLevel: Display: Shutting down PIE online subsystems
[2018.08.29-04.53.38:928][508]LogBlueprintUserMessages: Late EndPlayMap Detection: Level '/Game/Maps/MainMenu.MainMenu:PersistentLevel' has LevelScriptBlueprint '/Game/Maps/MainMenu.MainMenu:PersistentLevel.MainMenu' with GeneratedClass '/Game/Maps/MainMenu.MainMenu_C' with ClassGeneratedBy '/Game/Maps/MainMenu.MainMenu:PersistentLevel.MainMenu'
[2018.08.29-04.53.38:954][508]LogSlate: Updating window title bar state: overlay mode, drag disabled, window buttons hidden, title bar hidden
[2018.08.29-04.53.38:983][511]LogPlayLevel: Display: Destroying online subsystem :Context_13
[2018.08.29-04.53.39:642][590]LogTemp: Repeating last play command: Selected Viewport
[2018.08.29-04.53.39:656][590]LogBlueprintUserMessages: Early PlayInEditor Detection: Level '/Game/Maps/MainMenu.MainMenu:PersistentLevel' has LevelScriptBlueprint '/Game/Maps/MainMenu.MainMenu:PersistentLevel.MainMenu' with GeneratedClass '/Game/Maps/MainMenu.MainMenu_C' with ClassGeneratedBy '/Game/Maps/MainMenu.MainMenu:PersistentLevel.MainMenu'
[2018.08.29-04.53.39:656][590]LogPlayLevel: PlayLevel: No blueprints needed recompiling
[2018.08.29-04.53.39:656][590]PIE: New page: PIE session: MainMenu (Aug 28, 2018, 2:53:39 PM)
[2018.08.29-04.53.39:656][590]LogPlayLevel: Creating play world package: /Game/Maps/UEDPIE_0_MainMenu
[2018.08.29-04.53.39:657][590]LogPlayLevel: PIE: StaticDuplicateObject took: (0.001282s)
[2018.08.29-04.53.39:658][590]LogAIModule: Creating AISystem for world MainMenu
[2018.08.29-04.53.39:658][590]LogPlayLevel: PIE: World Init took: (0.000655s)
[2018.08.29-04.53.39:658][590]LogPlayLevel: PIE: Created PIE world by copying editor world from /Game/Maps/MainMenu.MainMenu to /Game/Maps/UEDPIE_0_MainMenu.MainMenu (0.002043s)
[2018.08.29-04.53.39:688][590]LogInit: XAudio2 using 'VX2370 SERIES (NVIDIA High Definition Audio)' : 2 channels at 48 kHz using 16 bits per sample (channel mask 0x3)
[2018.08.29-04.53.39:696][590]LogInit: FAudioDevice initialized.
[2018.08.29-04.53.39:730][590]LogLoad: Game class is 'Maze_3D_MenuMode'
[2018.08.29-04.53.39:731][590]LogWorld: Bringing World /Game/Maps/UEDPIE_0_MainMenu.MainMenu up for play (max tick rate 0) at 2018.08.28-21.53.39
[2018.08.29-04.53.39:731][590]LogWorld: Bringing up level for play took: 0.000336
[2018.08.29-04.53.39:745][590]PIE: Play in editor start time for /Game/Maps/UEDPIE_0_MainMenu 0.781
[2018.08.29-04.53.39:745][590]LogBlueprintUserMessages: Late PlayInEditor Detection: Level '/Game/Maps/MainMenu.MainMenu:PersistentLevel' has LevelScriptBlueprint '/Game/Maps/MainMenu.MainMenu:PersistentLevel.MainMenu' with GeneratedClass '/Game/Maps/MainMenu.MainMenu_C' with ClassGeneratedBy '/Game/Maps/MainMenu.MainMenu:PersistentLevel.MainMenu'
[2018.08.29-04.53.40:891][726]LogSlate: FSceneViewport::OnFocusLost() reason 0
[2018.08.29-04.53.41:041][744]LogNet: Browse: /Game/Maps/Maze
[2018.08.29-04.53.41:042][744]LogLoad: LoadMap: /Game/Maps/Maze
[2018.08.29-04.53.41:119][744]LogAIModule: Creating AISystem for world Maze
[2018.08.29-04.53.41:119][744]LogLoad: Game class is 'Maze_3D_GameMode'
[2018.08.29-04.53.41:121][744]LogWorld: Bringing World /Game/Maps/UEDPIE_0_Maze.Maze up for play (max tick rate 0) at 2018.08.28-21.53.41
[2018.08.29-04.53.41:121][744]LogWorld: Bringing up level for play took: 0.001170
[2018.08.29-04.53.41:121][744]LogGameMode: FindPlayerStart: PATHS NOT DEFINED or NO PLAYERSTART with positive rating
[2018.08.29-04.53.41:156][744]LogLoad: Took 0.114230 seconds to LoadMap(/Game/Maps/Maze)
[2018.08.29-04.54.30:155][ 30]LogSlate: FSceneViewport::OnFocusLost() reason 2
[2018.08.29-04.54.34:657][327]LogSlate: FSceneViewport::OnFocusLost() reason 2
[2018.08.29-04.54.45:185][980]LogEditorViewport: Clicking on Actor (LMB): Tile_C (1 Tile 1, 0, 0)
[2018.08.29-04.54.50:955][291]LogEditorViewport: Clicking on Actor (LMB): Elevator_C (1 Elevator 1, 0, 0)
[2018.08.29-04.55.46:062][833]LogSlate: FSceneViewport::OnFocusLost() reason 0
[2018.08.29-04.55.46:236][851]LogBlueprintUserMessages: Early EndPlayMap Detection: Level '/Game/Maps/MainMenu.MainMenu:PersistentLevel' has LevelScriptBlueprint '/Game/Maps/MainMenu.MainMenu:PersistentLevel.MainMenu' with GeneratedClass '/Game/Maps/MainMenu.MainMenu_C' with ClassGeneratedBy '/Game/Maps/MainMenu.MainMenu:PersistentLevel.MainMenu'
[2018.08.29-04.55.46:236][851]LogSlate: Updating window title bar state: overlay mode, drag disabled, window buttons hidden, title bar hidden
[2018.08.29-04.55.46:280][851]LogPlayLevel: Display: Shutting down PIE online subsystems
[2018.08.29-04.55.46:281][851]LogBlueprintUserMessages: Late EndPlayMap Detection: Level '/Game/Maps/MainMenu.MainMenu:PersistentLevel' has LevelScriptBlueprint '/Game/Maps/MainMenu.MainMenu:PersistentLevel.MainMenu' with GeneratedClass '/Game/Maps/MainMenu.MainMenu_C' with ClassGeneratedBy '/Game/Maps/MainMenu.MainMenu:PersistentLevel.MainMenu'
[2018.08.29-04.55.46:306][851]LogSlate: Updating window title bar state: overlay mode, drag disabled, window buttons hidden, title bar hidden
[2018.08.29-04.55.46:335][854]LogPlayLevel: Display: Destroying online subsystem :Context_14
[2018.08.29-05.12.17:914][163]LogAssetEditorManager: Opening Asset editor for Blueprint /Game/Blueprints/Objects/Elevator.Elevator
[2018.08.29-05.12.32:391][689]Cmd: OBJ SAVEPACKAGE PACKAGE="/Game/Blueprints/Objects/Elevator" FILE="../../../../../My Files/The Documents/Unreal Projects/Maze_3D/Content/Blueprints/Objects/Elevator.uasset" SILENT=true
[2018.08.29-05.12.32:410][689]LogSavePackage: Moving '../../../../../My Files/The Documents/Unreal Projects/Maze_3D/Saved/Elevator2987ABF74A1FFF6E3A57358816E36912.tmp' to '../../../../../My Files/The Documents/Unreal Projects/Maze_3D/Content/Blueprints/Objects/Elevator.uasset'
[2018.08.29-05.12.40:706][660]Cmd: OBJ SAVEPACKAGE PACKAGE="/Game/Blueprints/Objects/Elevator" FILE="../../../../../My Files/The Documents/Unreal Projects/Maze_3D/Content/Blueprints/Objects/Elevator.uasset" SILENT=true
[2018.08.29-05.12.40:722][660]LogSavePackage: Moving '../../../../../My Files/The Documents/Unreal Projects/Maze_3D/Saved/Elevator7426A6FA418AD3BA4F16F2ABFBBEE965.tmp' to '../../../../../My Files/The Documents/Unreal Projects/Maze_3D/Content/Blueprints/Objects/Elevator.uasset'
[2018.08.29-05.12.52:265][680]Candidate modules for hot reload:
[2018.08.29-05.12.52:265][680]  Maze_3D
[2018.08.29-05.12.52:265][680]Launching UnrealBuildTool... [D:/Epic Games/UE_4.20/Engine/Binaries/DotNET/UnrealBuildTool.exe  -ModuleWithSuffix=Maze_3D,9766 Win64 Development -TargetType=Editor -Project="../../../../../My Files/The Documents/Unreal Projects/Maze_3D/Maze_3D.uproject" -canskiplink "D:/My Files/The Documents/Unreal Projects/Maze_3D/Maze_3D.uproject" ]
[2018.08.29-05.12.52:269][680]Warning: Starting HotReload took  0.0s.
[2018.08.29-05.13.12:823][135]CompilerResultsLog: New page: Compilation - Aug 28, 2018, 3:13:12 PM
[2018.08.29-05.13.12:823][135]CompilerResultsLog: Compiling game modules for hot reload
[2018.08.29-05.13.12:823][135]CompilerResultsLog: Parsing headers for Maze_3DEditor
[2018.08.29-05.13.12:823][135]CompilerResultsLog:   Running UnrealHeaderTool "D:\My Files\The Documents\Unreal Projects\Maze_3D\Maze_3D.uproject" "D:\My Files\The Documents\Unreal Projects\Maze_3D\Intermediate\Build\Win64\Maze_3DEditor\Development\Maze_3DEditor.uhtmanifest" -LogCmds="loginit warning, logexit warning, logdatabase error" -Unattended -WarningsAsErrors -installed
[2018.08.29-05.13.12:823][135]CompilerResultsLog: LogCompile: Error: Circular dependency detected for filename D:\My Files\The Documents\Unreal Projects\Maze_3D\Source\Maze_3D\Maze.h!
[2018.08.29-05.13.12:823][135]CompilerResultsLog: Reflection code generated for Maze_3DEditor in 11.605376 seconds
[2018.08.29-05.13.12:823][135]CompilerResultsLog: Building 11 actions with 8 processes...
[2018.08.29-05.13.12:823][135]CompilerResultsLog:   Elevator.cpp
[2018.08.29-05.13.12:823][135]CompilerResultsLog:   Maze_3D.init.gen.cpp
[2018.08.29-05.13.12:823][135]CompilerResultsLog:   Tile.cpp
[2018.08.29-05.13.12:823][135]CompilerResultsLog:   Tile.gen.cpp
[2018.08.29-05.13.12:823][135]CompilerResultsLog:   Elevator.gen.cpp
[2018.08.29-05.13.12:823][135]CompilerResultsLog:   Maze.gen.cpp
[2018.08.29-05.13.12:823][135]CompilerResultsLog:   Maze.cpp
[2018.08.29-05.13.12:823][135]CompilerResultsLog:   Maze_3D_GameMode.cpp
[2018.08.29-05.13.12:823][135]CompilerResultsLog:   Maze_3D_GameMode.gen.cpp
[2018.08.29-05.13.12:823][135]CompilerResultsLog:   UE4Editor-Maze_3D-9766.lib
[2018.08.29-05.13.12:823][135]CompilerResultsLog:      Creating library D:\My Files\The Documents\Unreal Projects\Maze_3D\Intermediate\Build\Win64\UE4Editor\Development\Maze_3D\UE4Editor-Maze_3D-9766.lib and object D:\My Files\The Documents\Unreal Projects\Maze_3D\Intermediate\Build\Win64\UE4Editor\Development\Maze_3D\UE4Editor-Maze_3D-9766.exp
[2018.08.29-05.13.12:823][135]CompilerResultsLog:   UE4Editor-Maze_3D-9766.dll
[2018.08.29-05.13.12:823][135]CompilerResultsLog:      Creating library D:\My Files\The Documents\Unreal Projects\Maze_3D\Intermediate\Build\Win64\UE4Editor\Development\Maze_3D\UE4Editor-Maze_3D-9766.suppressed.lib and object D:\My Files\The Documents\Unreal Projects\Maze_3D\Intermediate\Build\Win64\UE4Editor\Development\Maze_3D\UE4Editor-Maze_3D-9766.suppressed.exp
[2018.08.29-05.13.12:823][135]CompilerResultsLog: Error:   Elevator.cpp.obj : error LNK2001: unresolved external symbol "public: virtual void __cdecl AElevator::RotateElevatorTo_Implementation(int)" (?RotateElevatorTo_Implementation@AElevator@@UEAAXH@Z)
[2018.08.29-05.13.12:824][135]CompilerResultsLog: Error:   Elevator.gen.cpp.obj : error LNK2001: unresolved external symbol "public: virtual void __cdecl AElevator::RotateElevatorTo_Implementation(int)" (?RotateElevatorTo_Implementation@AElevator@@UEAAXH@Z)
[2018.08.29-05.13.12:824][135]CompilerResultsLog: Error:   D:\My Files\The Documents\Unreal Projects\Maze_3D\Binaries\Win64\UE4Editor-Maze_3D-9766.dll : fatal error LNK1120: 1 unresolved externals
[2018.08.29-05.13.12:824][135]CompilerResultsLog: ERROR: UBT ERROR: Failed to produce item: D:\My Files\The Documents\Unreal Projects\Maze_3D\Binaries\Win64\UE4Editor-Maze_3D-9766.dll
[2018.08.29-05.13.12:824][135]CompilerResultsLog:        (see ../Programs/UnrealBuildTool/Log.txt for full exception trace)
[2018.08.29-05.13.12:824][135]CompilerResultsLog: Total build time: 20.02 seconds (Parallel executor: 0.00 seconds)
[2018.08.29-05.13.12:824][135]LogMainFrame: MainFrame: Module compiling took 20.566 seconds
[2018.08.29-05.13.12:824][135]Warning: HotReload failed, recompile failed
[2018.08.29-05.13.27:941][934]LogSlate: Window 'Message Log' being destroyed
[2018.08.29-05.13.27:946][934]LogSlate: Window 'Message Log' being destroyed
[2018.08.29-05.13.42:061][215]Candidate modules for hot reload:
[2018.08.29-05.13.42:061][215]  Maze_3D
[2018.08.29-05.13.42:061][215]Launching UnrealBuildTool... [D:/Epic Games/UE_4.20/Engine/Binaries/DotNET/UnrealBuildTool.exe  -ModuleWithSuffix=Maze_3D,7636 Win64 Development -TargetType=Editor -Project="../../../../../My Files/The Documents/Unreal Projects/Maze_3D/Maze_3D.uproject" -canskiplink "D:/My Files/The Documents/Unreal Projects/Maze_3D/Maze_3D.uproject" ]
[2018.08.29-05.13.42:065][215]Warning: Starting HotReload took  0.0s.
[2018.08.29-05.14.00:827][457]CompilerResultsLog: New page: Compilation - Aug 28, 2018, 3:14:00 PM
[2018.08.29-05.14.00:827][457]CompilerResultsLog: Compiling game modules for hot reload
[2018.08.29-05.14.00:827][457]CompilerResultsLog: Parsing headers for Maze_3DEditor
[2018.08.29-05.14.00:827][457]CompilerResultsLog:   Running UnrealHeaderTool "D:\My Files\The Documents\Unreal Projects\Maze_3D\Maze_3D.uproject" "D:\My Files\The Documents\Unreal Projects\Maze_3D\Intermediate\Build\Win64\Maze_3DEditor\Development\Maze_3DEditor.uhtmanifest" -LogCmds="loginit warning, logexit warning, logdatabase error" -Unattended -WarningsAsErrors -installed
[2018.08.29-05.14.00:827][457]CompilerResultsLog: LogCompile: Error: Circular dependency detected for filename D:\My Files\The Documents\Unreal Projects\Maze_3D\Source\Maze_3D\Maze.h!
[2018.08.29-05.14.00:827][457]CompilerResultsLog: Reflection code generated for Maze_3DEditor in 11.4469828 seconds
[2018.08.29-05.14.00:827][457]CompilerResultsLog: Building 9 actions with 8 processes...
[2018.08.29-05.14.00:827][457]CompilerResultsLog:   Elevator.cpp
[2018.08.29-05.14.00:827][457]CompilerResultsLog:   Maze_3D.init.gen.cpp
[2018.08.29-05.14.00:827][457]CompilerResultsLog:   Elevator.gen.cpp
[2018.08.29-05.14.00:827][457]CompilerResultsLog:   Maze.gen.cpp
[2018.08.29-05.14.00:827][457]CompilerResultsLog:   Maze.cpp
[2018.08.29-05.14.00:827][457]CompilerResultsLog:   Maze_3D_GameMode.cpp
[2018.08.29-05.14.00:827][457]CompilerResultsLog:   Maze_3D_GameMode.gen.cpp
[2018.08.29-05.14.00:827][457]CompilerResultsLog:   UE4Editor-Maze_3D-7636.lib
[2018.08.29-05.14.00:827][457]CompilerResultsLog:      Creating library D:\My Files\The Documents\Unreal Projects\Maze_3D\Intermediate\Build\Win64\UE4Editor\Development\Maze_3D\UE4Editor-Maze_3D-7636.lib and object D:\My Files\The Documents\Unreal Projects\Maze_3D\Intermediate\Build\Win64\UE4Editor\Development\Maze_3D\UE4Editor-Maze_3D-7636.exp
[2018.08.29-05.14.00:827][457]CompilerResultsLog:   UE4Editor-Maze_3D-7636.dll
[2018.08.29-05.14.00:827][457]CompilerResultsLog:      Creating library D:\My Files\The Documents\Unreal Projects\Maze_3D\Intermediate\Build\Win64\UE4Editor\Development\Maze_3D\UE4Editor-Maze_3D-7636.suppressed.lib and object D:\My Files\The Documents\Unreal Projects\Maze_3D\Intermediate\Build\Win64\UE4Editor\Development\Maze_3D\UE4Editor-Maze_3D-7636.suppressed.exp
[2018.08.29-05.14.00:827][457]CompilerResultsLog: Total build time: 18.48 seconds (Parallel executor: 5.29 seconds)
[2018.08.29-05.14.00:827][457]LogMainFrame: MainFrame: Module compiling took 18.777 seconds
[2018.08.29-05.14.00:861][457]LogClass: Could not find existing class Elevator in package /Script/Maze_3D for HotReload, assuming new class
[2018.08.29-05.14.00:863][457]LogClass: Could not find existing class Maze in package /Script/Maze_3D for HotReload, assuming new class
[2018.08.29-05.14.00:911][457]LogHotReload: Re-instancing Elevator after hot-reload.
[2018.08.29-05.14.01:172][457]LogHotReload: Re-instancing Maze after hot-reload.
[2018.08.29-05.14.01:265][457]LogContentBrowser: Native class hierarchy updated for 'Maze_3D' in 0.0006 seconds. Added 9 classes and 2 folders.
[2018.08.29-05.14.01:268][457]Display: HotReload successful (10 functions remapped  0 scriptstructs remapped)
[2018.08.29-05.14.01:577][457]LogContentBrowser: Native class hierarchy populated in 0.0093 seconds. Added 2582 classes and 607 folders.
[2018.08.29-05.14.01:577][457]Display: HotReload took 19.5s.
[2018.08.29-05.14.24:509][159]LogAssetEditorManager: Opening Asset editor for Blueprint /Game/Blueprints/Objects/Tile.Tile
[2018.08.29-05.16.11:709][360]BlueprintLog: New page: Compile Elevator
[2018.08.29-05.16.12:664][442]Cmd: OBJ SAVEPACKAGE PACKAGE="/Game/Blueprints/Objects/Elevator" FILE="../../../../../My Files/The Documents/Unreal Projects/Maze_3D/Content/Blueprints/Objects/Elevator.uasset" SILENT=true
[2018.08.29-05.16.12:715][442]LogSavePackage: Moving '../../../../../My Files/The Documents/Unreal Projects/Maze_3D/Saved/Elevator484D44734885389DF4A46794AC19439A.tmp' to '../../../../../My Files/The Documents/Unreal Projects/Maze_3D/Content/Blueprints/Objects/Elevator.uasset'
[2018.08.29-05.16.22:614][603]LogSlate: Window 'Elevator' being destroyed
[2018.08.29-05.16.22:619][603]LogSlate: Window 'Elevator' being destroyed
[2018.08.29-05.16.22:619][603]LogActorComponent: UnregisterComponent: (/Engine/Transient.EditorFloorComp) Not registered. Aborting.
[2018.08.29-05.16.23:845][742]LogTemp: Repeating last play command: Selected Viewport
[2018.08.29-05.16.23:861][742]LogBlueprintUserMessages: Early PlayInEditor Detection: Level '/Game/Maps/MainMenu.MainMenu:PersistentLevel' has LevelScriptBlueprint '/Game/Maps/MainMenu.MainMenu:PersistentLevel.MainMenu' with GeneratedClass '/Game/Maps/MainMenu.MainMenu_C' with ClassGeneratedBy '/Game/Maps/MainMenu.MainMenu:PersistentLevel.MainMenu'
[2018.08.29-05.16.23:861][742]LogPlayLevel: PlayLevel: No blueprints needed recompiling
[2018.08.29-05.16.23:861][742]PIE: New page: PIE session: MainMenu (Aug 28, 2018, 3:16:23 PM)
[2018.08.29-05.16.23:862][742]LogPlayLevel: Creating play world package: /Game/Maps/UEDPIE_0_MainMenu
[2018.08.29-05.16.23:863][742]LogPlayLevel: PIE: StaticDuplicateObject took: (0.001293s)
[2018.08.29-05.16.23:863][742]LogAIModule: Creating AISystem for world MainMenu
[2018.08.29-05.16.23:863][742]LogPlayLevel: PIE: World Init took: (0.000528s)
[2018.08.29-05.16.23:863][742]LogPlayLevel: PIE: Created PIE world by copying editor world from /Game/Maps/MainMenu.MainMenu to /Game/Maps/UEDPIE_0_MainMenu.MainMenu (0.001932s)
[2018.08.29-05.16.23:913][742]LogInit: XAudio2 using 'VX2370 SERIES (NVIDIA High Definition Audio)' : 2 channels at 48 kHz using 16 bits per sample (channel mask 0x3)
[2018.08.29-05.16.23:921][742]LogInit: FAudioDevice initialized.
[2018.08.29-05.16.23:954][742]LogLoad: Game class is 'Maze_3D_MenuMode'
[2018.08.29-05.16.23:955][742]LogWorld: Bringing World /Game/Maps/UEDPIE_0_MainMenu.MainMenu up for play (max tick rate 0) at 2018.08.28-22.16.23
[2018.08.29-05.16.23:955][742]LogWorld: Bringing up level for play took: 0.000361
[2018.08.29-05.16.23:968][742]PIE: Play in editor start time for /Game/Maps/UEDPIE_0_MainMenu 1.005
[2018.08.29-05.16.23:969][742]LogBlueprintUserMessages: Late PlayInEditor Detection: Level '/Game/Maps/MainMenu.MainMenu:PersistentLevel' has LevelScriptBlueprint '/Game/Maps/MainMenu.MainMenu:PersistentLevel.MainMenu' with GeneratedClass '/Game/Maps/MainMenu.MainMenu_C' with ClassGeneratedBy '/Game/Maps/MainMenu.MainMenu:PersistentLevel.MainMenu'
[2018.08.29-05.16.25:226][892]LogSlate: FSceneViewport::OnFocusLost() reason 0
[2018.08.29-05.16.25:318][903]LogNet: Browse: /Game/Maps/Maze
[2018.08.29-05.16.25:318][903]LogLoad: LoadMap: /Game/Maps/Maze
[2018.08.29-05.16.25:415][903]LogAIModule: Creating AISystem for world Maze
[2018.08.29-05.16.25:416][903]LogLoad: Game class is 'Maze_3D_GameMode'
[2018.08.29-05.16.25:417][903]LogWorld: Bringing World /Game/Maps/UEDPIE_0_Maze.Maze up for play (max tick rate 0) at 2018.08.28-22.16.25
[2018.08.29-05.16.25:418][903]LogWorld: Bringing up level for play took: 0.001379
[2018.08.29-05.16.25:418][903]LogGameMode: FindPlayerStart: PATHS NOT DEFINED or NO PLAYERSTART with positive rating
[2018.08.29-05.16.25:454][903]LogLoad: Took 0.135653 seconds to LoadMap(/Game/Maps/Maze)
[2018.08.29-05.16.44:703][194]LogBlueprintUserMessages: Early EndPlayMap Detection: Level '/Game/Maps/MainMenu.MainMenu:PersistentLevel' has LevelScriptBlueprint '/Game/Maps/MainMenu.MainMenu:PersistentLevel.MainMenu' with GeneratedClass '/Game/Maps/MainMenu.MainMenu_C' with ClassGeneratedBy '/Game/Maps/MainMenu.MainMenu:PersistentLevel.MainMenu'
[2018.08.29-05.16.44:704][194]LogSlate: Updating window title bar state: overlay mode, drag disabled, window buttons hidden, title bar hidden
[2018.08.29-05.16.44:758][194]LogPlayLevel: Display: Shutting down PIE online subsystems
[2018.08.29-05.16.44:758][194]LogBlueprintUserMessages: Late EndPlayMap Detection: Level '/Game/Maps/MainMenu.MainMenu:PersistentLevel' has LevelScriptBlueprint '/Game/Maps/MainMenu.MainMenu:PersistentLevel.MainMenu' with GeneratedClass '/Game/Maps/MainMenu.MainMenu_C' with ClassGeneratedBy '/Game/Maps/MainMenu.MainMenu:PersistentLevel.MainMenu'
[2018.08.29-05.16.44:786][194]LogSlate: Updating window title bar state: overlay mode, drag disabled, window buttons hidden, title bar hidden
[2018.08.29-05.16.44:811][196]LogPlayLevel: Display: Destroying online subsystem :Context_19
[2018.08.29-05.19.30:441][917]LogSlate: FSceneViewport::OnFocusLost() reason 0
[2018.08.29-05.19.30:751][917]Candidate modules for hot reload:
[2018.08.29-05.19.30:751][917]  Maze_3D
[2018.08.29-05.19.30:751][917]Launching UnrealBuildTool... [D:/Epic Games/UE_4.20/Engine/Binaries/DotNET/UnrealBuildTool.exe  -ModuleWithSuffix=Maze_3D,4447 Win64 Development -TargetType=Editor -Project="../../../../../My Files/The Documents/Unreal Projects/Maze_3D/Maze_3D.uproject" -canskiplink "D:/My Files/The Documents/Unreal Projects/Maze_3D/Maze_3D.uproject" ]
[2018.08.29-05.19.30:755][917]Warning: Starting HotReload took  0.0s.
[2018.08.29-05.19.34:557][372]CompilerResultsLog: New page: Compilation - Aug 28, 2018, 3:19:34 PM
[2018.08.29-05.19.34:557][372]CompilerResultsLog: Compiling game modules for hot reload
[2018.08.29-05.19.34:558][372]CompilerResultsLog: Building 3 actions with 8 processes...
[2018.08.29-05.19.34:558][372]CompilerResultsLog:   Tile.cpp
[2018.08.29-05.19.34:558][372]CompilerResultsLog:   UE4Editor-Maze_3D-4447.lib
[2018.08.29-05.19.34:558][372]CompilerResultsLog:   Tile.gen.cpp.obj : warning LNK4006: "public: void __cdecl ATile::RemoveWall(int)" (?RemoveWall@ATile@@QEAAXH@Z) already defined in Tile.cpp.obj; second definition ignored
[2018.08.29-05.19.34:558][372]CompilerResultsLog:      Creating library D:\My Files\The Documents\Unreal Projects\Maze_3D\Intermediate\Build\Win64\UE4Editor\Development\Maze_3D\UE4Editor-Maze_3D-4447.lib and object D:\My Files\The Documents\Unreal Projects\Maze_3D\Intermediate\Build\Win64\UE4Editor\Development\Maze_3D\UE4Editor-Maze_3D-4447.exp
[2018.08.29-05.19.34:558][372]CompilerResultsLog:   UE4Editor-Maze_3D-4447.dll
[2018.08.29-05.19.34:558][372]CompilerResultsLog: Error:   Tile.gen.cpp.obj : error LNK2005: "public: void __cdecl ATile::RemoveWall(int)" (?RemoveWall@ATile@@QEAAXH@Z) already defined in Tile.cpp.obj
[2018.08.29-05.19.34:558][372]CompilerResultsLog:      Creating library D:\My Files\The Documents\Unreal Projects\Maze_3D\Intermediate\Build\Win64\UE4Editor\Development\Maze_3D\UE4Editor-Maze_3D-4447.suppressed.lib and object D:\My Files\The Documents\Unreal Projects\Maze_3D\Intermediate\Build\Win64\UE4Editor\Development\Maze_3D\UE4Editor-Maze_3D-4447.suppressed.exp
[2018.08.29-05.19.34:558][372]CompilerResultsLog: Error:   D:\My Files\The Documents\Unreal Projects\Maze_3D\Binaries\Win64\UE4Editor-Maze_3D-4447.dll : fatal error LNK1169: one or more multiply defined symbols found
[2018.08.29-05.19.34:558][372]CompilerResultsLog: ERROR: UBT ERROR: Failed to produce item: D:\My Files\The Documents\Unreal Projects\Maze_3D\Binaries\Win64\UE4Editor-Maze_3D-4447.dll
[2018.08.29-05.19.34:558][372]CompilerResultsLog:        (see ../Programs/UnrealBuildTool/Log.txt for full exception trace)
[2018.08.29-05.19.34:558][372]CompilerResultsLog: Total build time: 3.29 seconds (Parallel executor: 0.00 seconds)
[2018.08.29-05.19.34:558][372]LogMainFrame: MainFrame: Module compiling took 3.815 seconds
[2018.08.29-05.19.34:558][372]Warning: HotReload failed, recompile failed
[2018.08.29-05.20.01:820][631]LogSlate: Window 'Message Log' being destroyed
[2018.08.29-05.20.01:824][631]LogSlate: Window 'Message Log' being destroyed
[2018.08.29-05.22.04:216][405]Candidate modules for hot reload:
[2018.08.29-05.22.04:216][405]  Maze_3D
[2018.08.29-05.22.04:216][405]Launching UnrealBuildTool... [D:/Epic Games/UE_4.20/Engine/Binaries/DotNET/UnrealBuildTool.exe  -ModuleWithSuffix=Maze_3D,4872 Win64 Development -TargetType=Editor -Project="../../../../../My Files/The Documents/Unreal Projects/Maze_3D/Maze_3D.uproject" -canskiplink "D:/My Files/The Documents/Unreal Projects/Maze_3D/Maze_3D.uproject" ]
[2018.08.29-05.22.04:220][405]Warning: Starting HotReload took  0.0s.
[2018.08.29-05.22.23:404][578]CompilerResultsLog: New page: Compilation - Aug 28, 2018, 3:22:23 PM
[2018.08.29-05.22.23:404][578]CompilerResultsLog: Compiling game modules for hot reload
[2018.08.29-05.22.23:404][578]CompilerResultsLog: Parsing headers for Maze_3DEditor
[2018.08.29-05.22.23:404][578]CompilerResultsLog:   Running UnrealHeaderTool "D:\My Files\The Documents\Unreal Projects\Maze_3D\Maze_3D.uproject" "D:\My Files\The Documents\Unreal Projects\Maze_3D\Intermediate\Build\Win64\Maze_3DEditor\Development\Maze_3DEditor.uhtmanifest" -LogCmds="loginit warning, logexit warning, logdatabase error" -Unattended -WarningsAsErrors -installed
[2018.08.29-05.22.23:404][578]CompilerResultsLog: LogCompile: Error: Circular dependency detected for filename D:\My Files\The Documents\Unreal Projects\Maze_3D\Source\Maze_3D\Maze.h!
[2018.08.29-05.22.23:404][578]CompilerResultsLog: Reflection code generated for Maze_3DEditor in 12.0241625 seconds
[2018.08.29-05.22.23:404][578]CompilerResultsLog: Building 11 actions with 8 processes...
[2018.08.29-05.22.23:404][578]CompilerResultsLog:   Elevator.cpp
[2018.08.29-05.22.23:404][578]CompilerResultsLog:   Maze_3D.init.gen.cpp
[2018.08.29-05.22.23:404][578]CompilerResultsLog:   Elevator.gen.cpp
[2018.08.29-05.22.23:404][578]CompilerResultsLog:   Tile.gen.cpp
[2018.08.29-05.22.23:404][578]CompilerResultsLog:   Tile.cpp
[2018.08.29-05.22.23:404][578]CompilerResultsLog:   Maze.gen.cpp
[2018.08.29-05.22.23:404][578]CompilerResultsLog:   Maze.cpp
[2018.08.29-05.22.23:404][578]CompilerResultsLog:   Maze_3D_GameMode.cpp
[2018.08.29-05.22.23:404][578]CompilerResultsLog:   Maze_3D_GameMode.gen.cpp
[2018.08.29-05.22.23:404][578]CompilerResultsLog:   UE4Editor-Maze_3D-4872.lib
[2018.08.29-05.22.23:404][578]CompilerResultsLog:      Creating library D:\My Files\The Documents\Unreal Projects\Maze_3D\Intermediate\Build\Win64\UE4Editor\Development\Maze_3D\UE4Editor-Maze_3D-4872.lib and object D:\My Files\The Documents\Unreal Projects\Maze_3D\Intermediate\Build\Win64\UE4Editor\Development\Maze_3D\UE4Editor-Maze_3D-4872.exp
[2018.08.29-05.22.23:404][578]CompilerResultsLog:   UE4Editor-Maze_3D-4872.dll
[2018.08.29-05.22.23:404][578]CompilerResultsLog:      Creating library D:\My Files\The Documents\Unreal Projects\Maze_3D\Intermediate\Build\Win64\UE4Editor\Development\Maze_3D\UE4Editor-Maze_3D-4872.suppressed.lib and object D:\My Files\The Documents\Unreal Projects\Maze_3D\Intermediate\Build\Win64\UE4Editor\Development\Maze_3D\UE4Editor-Maze_3D-4872.suppressed.exp
[2018.08.29-05.22.23:404][578]CompilerResultsLog: Total build time: 18.77 seconds (Parallel executor: 5.07 seconds)
[2018.08.29-05.22.23:404][578]LogMainFrame: MainFrame: Module compiling took 19.197 seconds
[2018.08.29-05.22.23:437][578]LogClass: Could not find existing class Elevator in package /Script/Maze_3D for HotReload, assuming new class
[2018.08.29-05.22.23:437][578]LogClass: Could not find existing class Tile in package /Script/Maze_3D for HotReload, assuming new class
[2018.08.29-05.22.23:437][578]LogClass: Function RemoveWall is new.
[2018.08.29-05.22.23:454][578]LogHotReload: Re-instancing Elevator after hot-reload.
[2018.08.29-05.22.23:652][578]LogHotReload: Re-instancing Tile after hot-reload.
[2018.08.29-05.22.23:867][578]LogContentBrowser: Native class hierarchy updated for 'Maze_3D' in 0.0005 seconds. Added 9 classes and 2 folders.
[2018.08.29-05.22.23:870][578]Display: HotReload successful (10 functions remapped  0 scriptstructs remapped)
[2018.08.29-05.22.24:179][578]LogContentBrowser: Native class hierarchy populated in 0.0084 seconds. Added 2582 classes and 607 folders.
[2018.08.29-05.22.24:179][578]Display: HotReload took 20.0s.
[2018.08.29-05.22.26:519][856]LogAssetEditorManager: Opening Asset editor for Blueprint /Game/Blueprints/Objects/Tile.Tile
[2018.08.29-05.22.56:256][739]BlueprintLog: New page: Compile Tile
[2018.08.29-05.22.57:903][870]Cmd: OBJ SAVEPACKAGE PACKAGE="/Game/Blueprints/Objects/Tile" FILE="../../../../../My Files/The Documents/Unreal Projects/Maze_3D/Content/Blueprints/Objects/Tile.uasset" SILENT=true
[2018.08.29-05.22.57:972][870]LogSavePackage: Moving '../../../../../My Files/The Documents/Unreal Projects/Maze_3D/Saved/TileAC20825A4BECD9775850638FE4BA142E.tmp' to '../../../../../My Files/The Documents/Unreal Projects/Maze_3D/Content/Blueprints/Objects/Tile.uasset'
[2018.08.29-05.23.45:162][460]BlueprintLog: New page: Compile Tile
[2018.08.29-05.23.46:449][559]Cmd: OBJ SAVEPACKAGE PACKAGE="/Game/Blueprints/Objects/Tile" FILE="../../../../../My Files/The Documents/Unreal Projects/Maze_3D/Content/Blueprints/Objects/Tile.uasset" SILENT=true
[2018.08.29-05.23.46:507][559]LogSavePackage: Moving '../../../../../My Files/The Documents/Unreal Projects/Maze_3D/Saved/Tile9E600C024989FBDC1747A688781FCBF1.tmp' to '../../../../../My Files/The Documents/Unreal Projects/Maze_3D/Content/Blueprints/Objects/Tile.uasset'
[2018.08.29-05.23.51:601][ 88]LogSlate: Window 'Tile' being destroyed
[2018.08.29-05.23.51:605][ 88]LogSlate: Window 'Tile' being destroyed
[2018.08.29-05.24.03:725][530]LogTemp: Repeating last play command: Selected Viewport
[2018.08.29-05.24.03:744][530]LogBlueprintUserMessages: Early PlayInEditor Detection: Level '/Game/Maps/MainMenu.MainMenu:PersistentLevel' has LevelScriptBlueprint '/Game/Maps/MainMenu.MainMenu:PersistentLevel.MainMenu' with GeneratedClass '/Game/Maps/MainMenu.MainMenu_C' with ClassGeneratedBy '/Game/Maps/MainMenu.MainMenu:PersistentLevel.MainMenu'
[2018.08.29-05.24.03:744][530]LogPlayLevel: PlayLevel: No blueprints needed recompiling
[2018.08.29-05.24.03:744][530]PIE: New page: PIE session: MainMenu (Aug 28, 2018, 3:24:03 PM)
[2018.08.29-05.24.03:744][530]LogPlayLevel: Creating play world package: /Game/Maps/UEDPIE_0_MainMenu
[2018.08.29-05.24.03:745][530]LogPlayLevel: PIE: StaticDuplicateObject took: (0.001277s)
[2018.08.29-05.24.03:746][530]LogAIModule: Creating AISystem for world MainMenu
[2018.08.29-05.24.03:746][530]LogPlayLevel: PIE: World Init took: (0.000619s)
[2018.08.29-05.24.03:746][530]LogPlayLevel: PIE: Created PIE world by copying editor world from /Game/Maps/MainMenu.MainMenu to /Game/Maps/UEDPIE_0_MainMenu.MainMenu (0.002013s)
[2018.08.29-05.24.03:778][530]LogInit: XAudio2 using 'VX2370 SERIES (NVIDIA High Definition Audio)' : 2 channels at 48 kHz using 16 bits per sample (channel mask 0x3)
[2018.08.29-05.24.03:785][530]LogInit: FAudioDevice initialized.
[2018.08.29-05.24.03:815][530]LogLoad: Game class is 'Maze_3D_MenuMode'
[2018.08.29-05.24.03:816][530]LogWorld: Bringing World /Game/Maps/UEDPIE_0_MainMenu.MainMenu up for play (max tick rate 0) at 2018.08.28-22.24.03
[2018.08.29-05.24.03:817][530]LogWorld: Bringing up level for play took: 0.000755
[2018.08.29-05.24.03:831][530]PIE: Play in editor start time for /Game/Maps/UEDPIE_0_MainMenu 0.868
[2018.08.29-05.24.03:831][530]LogBlueprintUserMessages: Late PlayInEditor Detection: Level '/Game/Maps/MainMenu.MainMenu:PersistentLevel' has LevelScriptBlueprint '/Game/Maps/MainMenu.MainMenu:PersistentLevel.MainMenu' with GeneratedClass '/Game/Maps/MainMenu.MainMenu_C' with ClassGeneratedBy '/Game/Maps/MainMenu.MainMenu:PersistentLevel.MainMenu'
[2018.08.29-05.24.04:811][646]LogSlate: FSceneViewport::OnFocusLost() reason 0
[2018.08.29-05.24.04:895][656]LogNet: Browse: /Game/Maps/Maze
[2018.08.29-05.24.04:895][656]LogLoad: LoadMap: /Game/Maps/Maze
[2018.08.29-05.24.04:997][656]LogAIModule: Creating AISystem for world Maze
[2018.08.29-05.24.04:997][656]LogLoad: Game class is 'Maze_3D_GameMode'
[2018.08.29-05.24.05:000][656]LogWorld: Bringing World /Game/Maps/UEDPIE_0_Maze.Maze up for play (max tick rate 0) at 2018.08.28-22.24.05
[2018.08.29-05.24.05:000][656]LogWorld: Bringing up level for play took: 0.001451
[2018.08.29-05.24.05:000][656]LogGameMode: FindPlayerStart: PATHS NOT DEFINED or NO PLAYERSTART with positive rating
