Log file open, 08/28/18 19:39:22
LogWindows: Failed to load 'aqProf.dll' (GetLastError=126)
LogWindows: File 'aqProf.dll' does not exist
LogWindows: Failed to load 'VtuneApi.dll' (GetLastError=126)
LogWindows: File 'VtuneApi.dll' does not exist
LogWindows: Failed to load 'VtuneApi32e.dll' (GetLastError=126)
LogWindows: File 'VtuneApi32e.dll' does not exist
LogInit: Display: Running engine for game: Maze_3D
LogPlatformFile: Not using cached read wrapper
LogTaskGraph: Started task graph with 5 named threads and 23 total threads with 3 sets of task threads.
LogStats: Stats thread started at 0.272919
LogD3D11RHI: Loaded GFSDK_Aftermath_Lib.x64.dll
LogICUInternationalization: Display: ICU TimeZone Detection - Raw Offset: -8:00, Platform Override: ''
LogPluginManager: Mounting plugin Paper2D
LogPluginManager: Mounting plugin AISupport
LogPluginManager: Mounting plugin LightPropagationVolume
LogPluginManager: Mounting plugin CLionSourceCodeAccess
LogPluginManager: Mounting plugin CodeLiteSourceCodeAccess
LogPluginManager: Mounting plugin GitSourceControl
LogPluginManager: Mounting plugin KDevelopSourceCodeAccess
LogPluginManager: Mounting plugin NullSourceCodeAccess
LogPluginManager: Mounting plugin PerforceSourceControl
LogPluginManager: Mounting plugin SubversionSourceControl
LogPluginManager: Mounting plugin UObjectPlugin
LogPluginManager: Mounting plugin VisualStudioCodeSourceCodeAccess
LogPluginManager: Mounting plugin VisualStudioSourceCodeAccess
LogPluginManager: Mounting plugin XCodeSourceCodeAccess
LogPluginManager: Mounting plugin AssetManagerEditor
LogPluginManager: Mounting plugin CryptoKeys
LogPluginManager: Mounting plugin DataValidation
LogPluginManager: Mounting plugin FacialAnimation
LogPluginManager: Mounting plugin GameplayTagsEditor
LogPluginManager: Mounting plugin MacGraphicsSwitching
LogPluginManager: Mounting plugin MeshEditor
LogPluginManager: Mounting plugin MobileLauncherProfileWizard
LogPluginManager: Mounting plugin PluginBrowser
LogPluginManager: Mounting plugin SpeedTreeImporter
LogPluginManager: Mounting plugin DatasmithContent
LogPluginManager: Mounting plugin AlembicImporter
LogPluginManager: Mounting plugin AppleImageUtils
LogPluginManager: Mounting plugin AppleVision
LogPluginManager: Mounting plugin BackChannel
LogPluginManager: Mounting plugin CharacterAI
LogPluginManager: Mounting plugin GeometryCache
LogPluginManager: Mounting plugin HTML5Networking
LogPluginManager: Mounting plugin ProxyLODPlugin
LogPluginManager: Mounting plugin MagicLeap
LogPluginManager: Mounting plugin MagicLeapEmulator
LogPluginManager: Mounting plugin MagicLeapMedia
LogPluginManager: Mounting plugin AndroidMedia
LogPluginManager: Mounting plugin AvfMedia
LogPluginManager: Mounting plugin ImgMedia
LogPluginManager: Mounting plugin LinearTimecode
LogPluginManager: Mounting plugin MediaCompositing
LogPluginManager: Mounting plugin MediaPlayerEditor
LogPluginManager: Mounting plugin WmfMedia
LogPluginManager: Mounting plugin TcpMessaging
LogPluginManager: Mounting plugin UdpMessaging
LogPluginManager: Mounting plugin ActorSequence
LogPluginManager: Mounting plugin LevelSequenceEditor
LogPluginManager: Mounting plugin MatineeToLevelSequence
LogPluginManager: Mounting plugin NetcodeUnitTest
LogPluginManager: Mounting plugin NUTUnrealEngine4
LogPluginManager: Mounting plugin OnlineSubsystemGooglePlay
LogPluginManager: Mounting plugin OnlineSubsystemIOS
LogPluginManager: Mounting plugin OnlineSubsystem
LogPluginManager: Mounting plugin OnlineSubsystemNull
LogPluginManager: Mounting plugin OnlineSubsystemUtils
LogPluginManager: Mounting plugin LauncherChunkInstaller
LogPluginManager: Mounting plugin AndroidDeviceProfileSelector
LogPluginManager: Mounting plugin AndroidMoviePlayer
LogPluginManager: Mounting plugin AndroidPermission
LogPluginManager: Mounting plugin AppleMoviePlayer
LogPluginManager: Mounting plugin ArchVisCharacter
LogPluginManager: Mounting plugin AudioCapture
LogPluginManager: Mounting plugin CableComponent
LogPluginManager: Mounting plugin CustomMeshComponent
LogPluginManager: Mounting plugin EditableMesh
LogPluginManager: Mounting plugin ExampleDeviceProfileSelector
LogPluginManager: Mounting plugin GoogleCloudMessaging
LogPluginManager: Mounting plugin ImmediatePhysics
LogPluginManager: Mounting plugin IOSDeviceProfileSelector
LogPluginManager: Mounting plugin LinuxDeviceProfileSelector
LogPluginManager: Mounting plugin LocationServicesBPLibrary
LogPluginManager: Mounting plugin MobilePatchingUtils
LogPluginManager: Mounting plugin OculusVR
LogPluginManager: Plugin shader directory ../../../Engine/Plugins/Runtime/Oculus/OculusVR/Shaders found
LogPluginManager: Mapping shader source directory ../../../Engine/Plugins/Runtime/Oculus/OculusVR/Shaders to virtual directory /Plugin/OculusVR
LogPluginManager: Mounting plugin PhysXVehicles
LogPluginManager: Mounting plugin ProceduralMeshComponent
LogPluginManager: Mounting plugin RuntimePhysXCooking
LogPluginManager: Mounting plugin SteamVR
LogPluginManager: Mounting plugin WindowsMoviePlayer
LogStreaming: Display: Took  0.138s to configure plugins.
LogInit: Warning: Incompatible or missing module: Maze_3D
Running D:/Epic Games/UE_4.20/Engine/Binaries/DotNET/UnrealBuildTool.exe Development Win64 -Project="D:/My Files/The Documents/Unreal Projects/Maze_3D/Maze_3D.uproject" -TargetType=Editor -Progress -NoHotReloadFromIDE
@progress push 5%
@progress pop
Building 2 actions with 8 processes...
  @progress 'Compiling C++ source code...' 0%
  UE4Editor-Maze_3D.lib
     Creating library D:\My Files\The Documents\Unreal Projects\Maze_3D\Intermediate\Build\Win64\UE4Editor\Development\Maze_3D\UE4Editor-Maze_3D.lib and object D:\My Files\The Documents\Unreal Projects\Maze_3D\Intermediate\Build\Win64\UE4Editor\Development\Maze_3D\UE4Editor-Maze_3D.exp
  @progress 'Compiling C++ source code...' 50%
  UE4Editor-Maze_3D.dll
     Creating library D:\My Files\The Documents\Unreal Projects\Maze_3D\Intermediate\Build\Win64\UE4Editor\Development\Maze_3D\UE4Editor-Maze_3D.suppressed.lib and object D:\My Files\The Documents\Unreal Projects\Maze_3D\Intermediate\Build\Win64\UE4Editor\Development\Maze_3D\UE4Editor-Maze_3D.suppressed.exp
  @progress 'Compiling C++ source code...' 100%
Total build time: 1.77 seconds (Parallel executor: 0.68 seconds)
LogInit: Using libcurl 7.55.1-DEV
LogInit:  - built for x86_64-pc-win32
LogInit:  - supports SSL with OpenSSL/1.0.2h
LogInit:  - supports HTTP deflate (compression) using libz 1.2.8
LogInit:  - other features:
LogInit:      CURL_VERSION_SSL
LogInit:      CURL_VERSION_LIBZ
LogInit:      CURL_VERSION_IPV6
LogInit:      CURL_VERSION_ASYNCHDNS
LogInit:      CURL_VERSION_LARGEFILE
LogInit:      CURL_VERSION_IDN
LogInit:  CurlRequestOptions (configurable via config and command line):
LogInit:  - bVerifyPeer = false  - Libcurl will NOT verify peer certificate
LogInit:  - bUseHttpProxy = false  - Libcurl will NOT use HTTP proxy
LogInit:  - bDontReuseConnections = false  - Libcurl will reuse connections
LogInit:  - CertBundlePath = nullptr  - Libcurl will use whatever was configured at build time.
LogInit:  - MaxHostConnections = 16  - Libcurl will limit the number of connections to a host
LogInit:  - LocalHostAddr = Default
LogInit:  - BufferSize = 65536
LogInit: WinSock: version 1.1 (2.2), MaxSocks=32767, MaxUdp=65467
LogInit: Build: ++UE4+Release-4.20-CL-4233996
LogInit: Engine Version: 4.20.1-4233996+++UE4+Release-4.20
LogInit: Compatible Engine Version: 4.20.0-4212847+++UE4+Release-4.20
LogInit: Net CL: 4212847
LogInit: OS: Windows 10 (), CPU: Intel(R) Core(TM) i7-6700 CPU @ 3.40GHz, GPU: NVIDIA GeForce GTX 1060 6GB
LogInit: Compiled (64-bit): Jul 26 2018 10:07:30
LogInit: Compiled with Visual C++: 19.13.26129.00
LogInit: Build Configuration: Development
LogInit: Branch Name: ++UE4+Release-4.20
LogInit: Command Line:  
LogInit: Base Directory: D:/Epic Games/UE_4.20/Engine/Binaries/Win64/
LogInit: Installed Engine Build: 1
LogDevObjectVersion: Number of dev versions registered: 20
LogDevObjectVersion:   Dev-Blueprints (B0D832E4-1F89-4F0D-ACCF-7EB736FD4AA2): 10
LogDevObjectVersion:   Dev-Build (E1C64328-A22C-4D53-A36C-8E866417BD8C): 0
LogDevObjectVersion:   Dev-Core (375EC13C-06E4-48FB-B500-84F0262A717E): 2
LogDevObjectVersion:   Dev-Editor (E4B068ED-F494-42E9-A231-DA0B2E46BB41): 24
LogDevObjectVersion:   Dev-Framework (CFFC743F-43B0-4480-9391-14DF171D2073): 34
LogDevObjectVersion:   Dev-Mobile (B02B49B5-BB20-44E9-A304-32B752E40360): 2
LogDevObjectVersion:   Dev-Networking (A4E4105C-59A1-49B5-A7C5-40C4547EDFEE): 0
LogDevObjectVersion:   Dev-Online (39C831C9-5AE6-47DC-9A44-9C173E1C8E7C): 0
LogDevObjectVersion:   Dev-Physics (78F01B33-EBEA-4F98-B9B4-84EACCB95AA2): 0
LogDevObjectVersion:   Dev-Platform (6631380F-2D4D-43E0-8009-CF276956A95A): 0
LogDevObjectVersion:   Dev-Rendering (12F88B9F-8875-4AFC-A67C-D90C383ABD29): 26
LogDevObjectVersion:   Dev-Sequencer (7B5AE74C-D270-4C10-A958-57980B212A5A): 9
LogDevObjectVersion:   Dev-VR (D7296918-1DD6-4BDD-9DE2-64A83CC13884): 2
LogDevObjectVersion:   Dev-LoadTimes (C2A15278-BFE7-4AFE-6C17-90FF531DF755): 1
LogDevObjectVersion:   Private-Geometry (6EACA3D4-40EC-4CC1-B786-8BED09428FC5): 3
LogDevObjectVersion:   Dev-AnimPhys (29E575DD-E0A3-4627-9D10-D276232CDCEA): 17
LogDevObjectVersion:   Dev-ReflectionCapture (6B266CEC-1EC7-4B8F-A30B-E4D90942FC07): 1
LogDevObjectVersion:   Dev-Automation (0DF73D61-A23F-47EA-B727-89E90C41499A): 1
LogDevObjectVersion:   FortniteMain (601D1886-AC64-4F84-AA16-D3DE0DEAC7D6): 12
LogDevObjectVersion:   Dev-Enterprise (9DFFBCD6-494F-0158-E221-12823C92A888): 1
LogStreaming: Display: Took  0.002s to delete old logs.
LogInit: Presizing for max 8388607 objects, including 0 objects not considered by GC, pre-allocating 0 bytes for permanent pool.
LogInit: Object subsystem initialized
[2018.08.29-02.39.27:132][  0]LogInit: Selected Device Profile: [Windows]
[2018.08.29-02.39.27:132][  0]LogInit: Applying CVar settings loaded from the selected device profile: [Windows]
[2018.08.29-02.39.27:150][  0]LogHAL: Display: Platform has ~ 16 GB [17136615424 / 17179869184 / 16], which maps to Larger [LargestMinGB=32, LargerMinGB=12, DefaultMinGB=8, SmallerMinGB=6, SmallestMinGB=0)
[2018.08.29-02.39.27:150][  0]LogInit: Setting Device Profile CVar: [[r.Vulkan.UseRealUBs:1]]
[2018.08.29-02.39.27:150][  0]LogInit: Going up to parent DeviceProfile []
[2018.08.29-02.39.27:150][  0]LogInit: Computer: IRONSIDE
[2018.08.29-02.39.27:150][  0]LogInit: User: User
[2018.08.29-02.39.27:151][  0]LogInit: CPU Page size=4096, Cores=4
[2018.08.29-02.39.27:151][  0]LogInit: High frequency timer resolution =3.328128 MHz
[2018.08.29-02.39.27:151][  0]LogMemory: Memory total: Physical=16.0GB (16GB approx)
[2018.08.29-02.39.27:151][  0]LogMemory: Platform Memory Stats for Windows
[2018.08.29-02.39.27:151][  0]LogMemory: Process Physical Memory: 105.69 MB used, 105.69 MB peak
[2018.08.29-02.39.27:151][  0]LogMemory: Process Virtual Memory: 93.62 MB used, 93.62 MB peak
[2018.08.29-02.39.27:151][  0]LogMemory: Physical Memory: 6410.75 MB used,  9932.00 MB free, 16342.75 MB total
[2018.08.29-02.39.27:151][  0]LogMemory: Virtual Memory: 4682.98 MB used,  9932.00 MB free, 134217728.00 MB total
[2018.08.29-02.39.27:174][  0]LogInit: Using OS detected language (en-US).
[2018.08.29-02.39.27:174][  0]LogInit: Using OS detected locale (en-US).
[2018.08.29-02.39.27:175][  0]LogTextLocalizationManager: No specific localization for 'en-US' exists, so the 'en' localization will be used.
[2018.08.29-02.39.27:508][  0]LogStreaming: Display: Took  0.334s to InitEngineTextLocalization.
[2018.08.29-02.39.27:508][  0]LogInit: Setting process to per monitor DPI aware
[2018.08.29-02.39.27:536][  0]LogSlate: New Slate User Created.  User Index 0, Is Virtual User: 0
[2018.08.29-02.39.27:536][  0]LogSlate: Slate User Registered.  User Index 0, Is Virtual User: 0
[2018.08.29-02.39.27:807][  0]LogHMD: Failed to initialize OpenVR with code 110
[2018.08.29-02.39.27:807][  0]LogD3D11RHI: D3D11 adapters:
[2018.08.29-02.39.27:858][  0]LogD3D11RHI:    0. 'NVIDIA GeForce GTX 1060 6GB' (Feature Level 11_0)
[2018.08.29-02.39.27:858][  0]LogD3D11RHI:       6052/0/8171 MB DedicatedVideo/DedicatedSystem/SharedSystem, Outputs:2, VendorId:0x10de
[2018.08.29-02.39.27:860][  0]LogD3D11RHI:    1. 'Microsoft Basic Render Driver' (Feature Level 11_0)
[2018.08.29-02.39.27:860][  0]LogD3D11RHI:       0/0/8171 MB DedicatedVideo/DedicatedSystem/SharedSystem, Outputs:0, VendorId:0x1414
[2018.08.29-02.39.27:860][  0]LogD3D11RHI: Chosen D3D11 Adapter: 0
[2018.08.29-02.39.27:865][  0]LogD3D11RHI: Creating new Direct3DDevice
[2018.08.29-02.39.27:865][  0]LogD3D11RHI:     GPU DeviceId: 0x1c03 (for the marketing name, search the web for "GPU Device Id")
[2018.08.29-02.39.27:866][  0]LogWindows: EnumDisplayDevices:
[2018.08.29-02.39.27:866][  0]LogWindows:    0. 'NVIDIA GeForce GTX 1060 6GB' (P:1 D:1)
[2018.08.29-02.39.27:866][  0]LogWindows:    1. 'NVIDIA GeForce GTX 1060 6GB' (P:0 D:1)
[2018.08.29-02.39.27:866][  0]LogWindows:    2. 'NVIDIA GeForce GTX 1060 6GB' (P:0 D:0)
[2018.08.29-02.39.27:866][  0]LogWindows:    3. 'NVIDIA GeForce GTX 1060 6GB' (P:0 D:0)
[2018.08.29-02.39.27:866][  0]LogWindows: DebugString: FoundDriverCount:4 
[2018.08.29-02.39.27:866][  0]LogD3D11RHI:     Adapter Name: NVIDIA GeForce GTX 1060 6GB
[2018.08.29-02.39.27:866][  0]LogD3D11RHI:   Driver Version: 398.36 (internal:24.21.13.9836, unified:398.36)
[2018.08.29-02.39.27:866][  0]LogD3D11RHI:      Driver Date: 6-24-2018
[2018.08.29-02.39.27:866][  0]LogRHI: Texture pool is 4236 MB (70% of 6052 MB)
[2018.08.29-02.39.27:900][  0]LogD3D11RHI: Async texture creation enabled
[2018.08.29-02.39.27:916][  0]LogD3D11RHI: GPU Timing Frequency: 1000.000000 (Debug: 2 2)
[2018.08.29-02.39.27:965][  0]LogShaderCompilers: Guid format shader working directory is -16 characters bigger than the processId version (../../../../../My Files/The Documents/Unreal Projects/Maze_3D/Intermediate/Shaders/WorkingDirectory/7448/).
[2018.08.29-02.39.27:965][  0]LogShaderCompilers: Cleaned the shader compiler working directory 'C:/Users/User/AppData/Local/Temp/UnrealShaderWorkingDir/886E67B543F2AA589C9601B219BF04A6/'.
[2018.08.29-02.39.28:215][  0]LogTemp: Display: Loaded TP AllDesktopTargetPlatform
[2018.08.29-02.39.28:227][  0]LogTemp: Display: Loaded TP MacClientTargetPlatform
[2018.08.29-02.39.28:239][  0]LogTemp: Display: Loaded TP MacNoEditorTargetPlatform
[2018.08.29-02.39.28:250][  0]LogTemp: Display: Loaded TP MacServerTargetPlatform
[2018.08.29-02.39.28:264][  0]LogTemp: Display: Loaded TP MacTargetPlatform
[2018.08.29-02.39.28:275][  0]LogTemp: Display: Loaded TP WindowsClientTargetPlatform
[2018.08.29-02.39.28:286][  0]LogTemp: Display: Loaded TP WindowsNoEditorTargetPlatform
[2018.08.29-02.39.28:298][  0]LogTemp: Display: Loaded TP WindowsServerTargetPlatform
[2018.08.29-02.39.28:304][  0]LogTemp: Display: Loaded TP WindowsTargetPlatform
[2018.08.29-02.39.28:372][  0]LogTemp: Display: Loaded TP AndroidTargetPlatform
[2018.08.29-02.39.28:372][  0]LogTemp: Display: Loaded TP AndroidTargetPlatform
[2018.08.29-02.39.28:372][  0]LogTemp: Display: Loaded TP AndroidTargetPlatform
[2018.08.29-02.39.28:372][  0]LogTemp: Display: Loaded TP AndroidTargetPlatform
[2018.08.29-02.39.28:372][  0]LogTemp: Display: Loaded TP AndroidTargetPlatform
[2018.08.29-02.39.28:372][  0]LogTemp: Display: Loaded TP AndroidTargetPlatform
[2018.08.29-02.39.28:372][  0]LogTemp: Display: Loaded TP AndroidTargetPlatform
[2018.08.29-02.39.28:372][  0]LogTemp: Display: Loaded TP AndroidTargetPlatform
[2018.08.29-02.39.28:372][  0]LogTemp: Display: Loaded TP AndroidTargetPlatform
[2018.08.29-02.39.28:372][  0]LogTemp: Display: Loaded TP AndroidTargetPlatform
[2018.08.29-02.39.28:372][  0]LogTemp: Display: Loaded TP AndroidTargetPlatform
[2018.08.29-02.39.28:372][  0]LogTemp: Display: Loaded TP AndroidTargetPlatform
[2018.08.29-02.39.28:372][  0]LogTemp: Display: Loaded TP AndroidTargetPlatform
[2018.08.29-02.39.28:372][  0]LogTemp: Display: Loaded TP AndroidTargetPlatform
[2018.08.29-02.39.28:372][  0]LogTemp: Display: Loaded TP AndroidTargetPlatform
[2018.08.29-02.39.28:372][  0]LogTemp: Display: Loaded TP AndroidTargetPlatform
[2018.08.29-02.39.28:372][  0]LogTemp: Display: Loaded TP AndroidTargetPlatform
[2018.08.29-02.39.28:372][  0]LogTemp: Display: Loaded TP AndroidTargetPlatform
[2018.08.29-02.39.28:373][  0]LogTemp: Display: Loaded TP HTML5TargetPlatform
[2018.08.29-02.39.28:431][  0]LogTemp: Display: Loaded TP IOSTargetPlatform
[2018.08.29-02.39.28:431][  0]LogTemp: Display: Loaded TP IOSTargetPlatform
[2018.08.29-02.39.28:464][  0]LogTemp: Display: Loaded TP TVOSTargetPlatform
[2018.08.29-02.39.28:464][  0]LogTemp: Display: Loaded TP TVOSTargetPlatform
[2018.08.29-02.39.28:475][  0]LogTemp: Display: Loaded TP LinuxClientTargetPlatform
[2018.08.29-02.39.28:486][  0]LogTemp: Display: Loaded TP LinuxNoEditorTargetPlatform
[2018.08.29-02.39.28:498][  0]LogTemp: Display: Loaded TP LinuxServerTargetPlatform
[2018.08.29-02.39.28:510][  0]LogTemp: Display: Loaded TP LinuxTargetPlatform
[2018.08.29-02.39.28:518][  0]LogTemp: Display: Loaded TP LuminTargetPlatform
[2018.08.29-02.39.28:518][  0]LogTargetPlatformManager: Display: Building Assets For Windows
[2018.08.29-02.39.28:561][  0]LogXGEController: Cleaning working directory: C:/Users/User/AppData/Local/Temp/UnrealXGEWorkingDir/
[2018.08.29-02.39.28:562][  0]LogXGEController: Cannot use XGE Controller as Incredibuild is not installed on this machine.
[2018.08.29-02.39.28:562][  0]LogShaderCompilers: Cannot use XGE Shader Compiler as Incredibuild is not installed on this machine.
[2018.08.29-02.39.28:562][  0]LogShaderCompilers: Display: Using Local Shader Compiler.
[2018.08.29-02.39.29:190][  0]LogDerivedDataCache: Display: Max Cache Size: 512 MB
[2018.08.29-02.39.29:245][  0]LogDerivedDataCache: Loaded boot cache 0.05s 74MB C:/Users/User/AppData/Local/UnrealEngine/4.20/DerivedDataCache/Boot.ddc.
[2018.08.29-02.39.29:246][  0]LogDerivedDataCache: Display: Loaded Boot cache: C:/Users/User/AppData/Local/UnrealEngine/4.20/DerivedDataCache/Boot.ddc
[2018.08.29-02.39.29:246][  0]LogDerivedDataCache: FDerivedDataBackendGraph:  Pak pak cache file ../../../../../My Files/The Documents/Unreal Projects/Maze_3D/DerivedDataCache/DDC.ddp not found, will not use a pak cache.
[2018.08.29-02.39.29:246][  0]LogDerivedDataCache: Unable to find inner node Pak for hierarchical cache Hierarchy.
[2018.08.29-02.39.29:246][  0]LogDerivedDataCache: FDerivedDataBackendGraph:  CompressedPak pak cache file ../../../../../My Files/The Documents/Unreal Projects/Maze_3D/DerivedDataCache/Compressed.ddp not found, will not use a pak cache.
[2018.08.29-02.39.29:246][  0]LogDerivedDataCache: Unable to find inner node CompressedPak for hierarchical cache Hierarchy.
[2018.08.29-02.39.29:258][  0]LogDerivedDataCache: Display: Pak cache opened for reading ../../../Engine/DerivedDataCache/Compressed.ddp.
[2018.08.29-02.39.29:271][  0]LogDerivedDataCache: Using Local data cache path C:/Users/User/AppData/Local/UnrealEngine/Common/DerivedDataCache: Writable
[2018.08.29-02.39.29:271][  0]LogDerivedDataCache: Shared data cache path not found in *engine.ini, will not use an Shared cache.
[2018.08.29-02.39.29:271][  0]LogDerivedDataCache: Unable to find inner node Shared for hierarchical cache Hierarchy.
[2018.08.29-02.39.29:287][  0]LogMaterial: Verifying Global Shaders for PCD3D_SM5
[2018.08.29-02.39.29:289][  0]LogSlate: Using FreeType 2.6.0
[2018.08.29-02.39.29:290][  0]LogSlate: SlateFontServices - WITH_FREETYPE: 1, WITH_HARFBUZZ: 1
[2018.08.29-02.39.29:366][  0]LogAssetRegistry: FAssetRegistry took 0.0264 seconds to start up
[2018.08.29-02.39.29:644][  0]LogInit: Selected Device Profile: [Windows]
[2018.08.29-02.39.29:761][  0]LogSimplygon: Simplygon DLL not present - disabling.
[2018.08.29-02.39.29:764][  0]LogMeshReduction: Using SimplygonSwarm for distributed automatic mesh merging
[2018.08.29-02.39.29:764][  0]LogMeshReduction: Using ProxyLODMeshReduction for automatic mesh merging
[2018.08.29-02.39.29:764][  0]LogMeshReduction: Using QuadricMeshReduction for automatic static mesh reduction
[2018.08.29-02.39.29:764][  0]LogMeshReduction: No automatic skeletal mesh reduction module available
[2018.08.29-02.39.29:785][  0]LogNetVersion: Maze_3D 1.0.0, NetCL: 4212847, EngineNetVer: 5, GameNetVer: 0 (Checksum: 1160223804)
[2018.08.29-02.39.30:252][  0]LogPackageLocalizationCache: Processed 11 localized package path(s) for 2 prioritized culture(s) in 0.103856 seconds
[2018.08.29-02.39.30:259][  0]LogUObjectArray: 38425 objects as part of root set at end of initial load.
[2018.08.29-02.39.30:259][  0]LogUObjectAllocator: 6690864 out of 0 bytes used by permanent object pool.
[2018.08.29-02.39.30:259][  0]LogUObjectArray: CloseDisregardForGC: 0/0 objects in disregard for GC pool
[2018.08.29-02.39.31:139][  0]LogTcpMessaging: Initializing TcpMessaging bridge
[2018.08.29-02.39.31:153][  0]LogUdpMessaging: Initializing bridge on interface 0.0.0.0:0 to multicast group 230.0.0.1:6666.
[2018.08.29-02.39.31:547][  0]SourceControl: Source control is disabled
[2018.08.29-02.39.31:547][  0]SourceControl: Source control is disabled
[2018.08.29-02.39.31:548][  0]SourceControl: Source control is disabled
[2018.08.29-02.39.31:549][  0]SourceControl: Source control is disabled
[2018.08.29-02.39.31:713][  0]LogAndroidPermission: UAndroidPermissionCallbackProxy::GetInstance
[2018.08.29-02.39.31:764][  0]LogOcInput: OculusInput pre-init called
[2018.08.29-02.39.31:816][  0]LogEngine: Initializing Engine...
[2018.08.29-02.39.31:816][  0]LogHMD: Failed to initialize OpenVR with code 110
[2018.08.29-02.39.31:818][  0]LogStats: UGameplayTagsManager::ConstructGameplayTagTree: ImportINI prefixes -  0.000 s
[2018.08.29-02.39.31:818][  0]LogStats: UGameplayTagsManager::ConstructGameplayTagTree: Construct from data asset -  0.000 s
[2018.08.29-02.39.31:818][  0]LogStats: UGameplayTagsManager::ConstructGameplayTagTree: ImportINI -  0.000 s
[2018.08.29-02.39.31:818][  0]LogStats: UGameplayTagsManager::ConstructGameplayTagTree: GameplayTagTreeChangedEvent.Broadcast -  0.000 s
[2018.08.29-02.39.32:018][  0]LogInit: Initializing FReadOnlyCVARCache
[2018.08.29-02.39.32:027][  0]LogAIModule: Creating AISystem for world Untitled
[2018.08.29-02.39.32:034][  0]LogInit: XAudio2 using 'VX2370 SERIES (NVIDIA High Definition Audio)' : 2 channels at 48 kHz using 16 bits per sample (channel mask 0x3)
[2018.08.29-02.39.32:103][  0]LogInit: FAudioDevice initialized.
[2018.08.29-02.39.32:104][  0]LogNetVersion: Set ProjectVersion to 1.0.0.0. Version Checksum will be recalculated on next use.
[2018.08.29-02.39.32:234][  0]LogDerivedDataCache: Saved boot cache 0.13s 74MB C:/Users/User/AppData/Local/UnrealEngine/4.20/DerivedDataCache/Boot.ddc.
[2018.08.29-02.39.32:248][  0]LogInit: Texture streaming: Enabled
[2018.08.29-02.39.32:263][  0]LogEngineSessionManager: EngineSessionManager initialized
[2018.08.29-02.39.32:263][  0]LogEngineSessionManager: EngineSessionManager sent abnormal shutdown report. Type=Crashed, SessionId={F01AE4B0-4687-1EED-DD89-BFB493005438}
[2018.08.29-02.39.32:273][  0]LogInit: Transaction tracking system initialized
[2018.08.29-02.39.32:287][  0]BlueprintLog: New page: Editor Load
[2018.08.29-02.39.32:405][  0]LocalizationService: Localization service is disabled
[2018.08.29-02.39.32:647][  0]LogCook: Display: Max memory allowance for cook 16384mb min free memory 0mb
[2018.08.29-02.39.32:647][  0]LogCook: Display: Mobile HDR setting 1
[2018.08.29-02.39.32:647][  0]LogGameplayTags: Display: UGameplayTagsManager::DoneAddingNativeTags. DelegateIsBound: 0
[2018.08.29-02.39.32:647][  0]LogStats: UGameplayTagsManager::ConstructGameplayTagTree: ImportINI prefixes -  0.000 s
[2018.08.29-02.39.32:647][  0]LogStats: UGameplayTagsManager::ConstructGameplayTagTree: Construct from data asset -  0.000 s
[2018.08.29-02.39.32:647][  0]LogStats: UGameplayTagsManager::ConstructGameplayTagTree: ImportINI -  0.000 s
[2018.08.29-02.39.32:647][  0]LogStats: UGameplayTagsManager::ConstructGameplayTagTree: GameplayTagTreeChangedEvent.Broadcast -  0.000 s
[2018.08.29-02.39.32:744][  0]LogFileCache: Scanning file cache for directory 'D:/My Files/The Documents/Unreal Projects/Maze_3D/Content/' took 0.01s
[2018.08.29-02.39.32:744][  0]SourceControl: Source control is disabled
[2018.08.29-02.39.32:744][  0]Cmd: MAP LOAD FILE="../../../../../My Files/The Documents/Unreal Projects/Maze_3D/Content/Maps/MainMenu.umap" TEMPLATE=0 SHOWPROGRESS=1 FEATURELEVEL=3
[2018.08.29-02.39.32:744][  0]LightingResults: New page: Lighting Build
[2018.08.29-02.39.32:746][  0]MapCheck: New page: Map Check
[2018.08.29-02.39.32:746][  0]LightingResults: New page: Lighting Build
[2018.08.29-02.39.32:793][  0]LogAIModule: Creating AISystem for world MainMenu
[2018.08.29-02.39.32:795][  0]LogEditorServer: Finished looking for orphan Actors (0.000 secs)
[2018.08.29-02.39.32:816][  0]Cmd: MAP CHECKDEP NOCLEARLOG
[2018.08.29-02.39.32:880][  0]MapCheck: Map check complete: 0 Error(s), 0 Warning(s), took 64.448ms to complete.
[2018.08.29-02.39.32:880][  0]LogFileHelpers: Loading map 'MainMenu' took 0.136
[2018.08.29-02.39.33:022][  0]LogSlate: Updating window title bar state: overlay mode, drag disabled, window buttons hidden, title bar hidden
[2018.08.29-02.39.33:029][  0]LogSlate: Updating window title bar state: overlay mode, drag disabled, window buttons hidden, title bar hidden
[2018.08.29-02.39.33:035][  0]LogSlate: Updating window title bar state: overlay mode, drag disabled, window buttons hidden, title bar hidden
[2018.08.29-02.39.33:042][  0]LogSlate: Updating window title bar state: overlay mode, drag disabled, window buttons hidden, title bar hidden
[2018.08.29-02.39.33:047][  0]LogCollectionManager: Loaded 0 collections in 0.000930 seconds
[2018.08.29-02.39.33:091][  0]LogFileCache: Scanning file cache for directory 'D:/My Files/The Documents/Unreal Projects/Maze_3D/Saved/Collections/' took 0.01s
[2018.08.29-02.39.33:091][  0]LogFileCache: Scanning file cache for directory 'D:/My Files/The Documents/Unreal Projects/Maze_3D/Content/Developers/User/Collections/' took 0.01s
[2018.08.29-02.39.33:091][  0]LogFileCache: Scanning file cache for directory 'D:/My Files/The Documents/Unreal Projects/Maze_3D/Content/Collections/' took 0.01s
[2018.08.29-02.39.33:091][  0]LogCollectionManager: Rebuilt the GUID cache for 0 collections in 0.000001 seconds
[2018.08.29-02.39.33:099][  0]LogContentBrowser: Native class hierarchy populated in 0.0085 seconds. Added 2581 classes and 605 folders.
[2018.08.29-02.39.33:104][  0]LogContentBrowser: Native class hierarchy updated for 'WidgetCarousel' in 0.0003 seconds. Added 0 classes and 0 folders.
[2018.08.29-02.39.33:161][  0]LogContentBrowser: Native class hierarchy updated for 'AddContentDialog' in 0.0004 seconds. Added 0 classes and 0 folders.
[2018.08.29-02.39.33:192][  0]LogContentBrowser: Native class hierarchy updated for 'SceneOutliner' in 0.0006 seconds. Added 1 classes and 2 folders.
[2018.08.29-02.39.33:207][  0]LogSlate: Took 0.000270 seconds to synchronously load lazily loaded font '../../../Engine/Content/Slate/Fonts/Roboto-Regular.ttf' (155K)
[2018.08.29-02.39.33:209][  0]LogSlate: Took 0.000215 seconds to synchronously load lazily loaded font '../../../Engine/Content/Slate/Fonts/Roboto-Bold.ttf' (160K)
[2018.08.29-02.39.33:214][  0]LogSlate: Took 0.000258 seconds to synchronously load lazily loaded font '../../../Engine/Content/Editor/Slate/Fonts/FontAwesome.ttf' (139K)
[2018.08.29-02.39.33:285][  0]LogRenderer: Reallocating scene render targets to support 1196x548 Format 10 NumSamples 1 (Frame:1).
[2018.08.29-02.39.33:375][  0]LogContentBrowser: Native class hierarchy updated for 'HierarchicalLODOutliner' in 0.0004 seconds. Added 0 classes and 0 folders.
[2018.08.29-02.39.33:375][  0]LogLoad: (Engine Initialization) Total time: 12.25 seconds
[2018.08.29-02.39.33:375][  0]LogLoad: (Engine Initialization) Total Blueprint compile time: 0.00 seconds
[2018.08.29-02.39.33:385][  0]LogWindowsTextInputMethodSystem: Display: IME system now deactivated.
[2018.08.29-02.39.33:408][  0]LogContentStreaming: Texture pool size now 3000 MB
[2018.08.29-02.39.33:444][  0]LogRenderer: Reallocating scene render targets to support 1196x564 Format 10 NumSamples 1 (Frame:3).
[2018.08.29-02.39.33:460][  0]LogSlate: Took 0.000267 seconds to synchronously load lazily loaded font '../../../Engine/Content/Slate/Fonts/Roboto-Light.ttf' (167K)
[2018.08.29-02.39.33:476][  1]LogAssetRegistry: Asset discovery search completed in 4.1335 seconds
[2018.08.29-02.39.33:478][  1]LogCollectionManager: Rebuilt the object cache for 0 collections in 0.000000 seconds (found 0 objects)
[2018.08.29-02.39.33:478][  1]LogCollectionManager: Fixed up redirectors for 0 collections in 0.000056 seconds (updated 0 objects)
[2018.08.29-02.39.34:406][109]LogSlate: Took 0.000247 seconds to synchronously load lazily loaded font '../../../Engine/Content/Slate/Fonts/Roboto-Light.ttf' (167K)
[2018.08.29-02.39.36:147][318]LogSlate: FSceneViewport::OnFocusLost() reason 0
[2018.08.29-02.39.36:261][329]LogAssetEditorManager: Opening Asset editor for Blueprint /Game/Blueprints/Objects/Tile.Tile
[2018.08.29-02.39.36:683][329]LogContentBrowser: Native class hierarchy updated for 'BlueprintGraph' in 0.0008 seconds. Added 116 classes and 0 folders.
[2018.08.29-02.39.37:387][329]LogSlate: Took 0.000528 seconds to synchronously load lazily loaded font '../../../Engine/Content/Slate/Fonts/Roboto-BoldCondensed.ttf' (158K)
[2018.08.29-02.39.53:661][607]Candidate modules for hot reload:
[2018.08.29-02.39.53:662][607]  Maze_3D
[2018.08.29-02.39.53:662][607]Launching UnrealBuildTool... [D:/Epic Games/UE_4.20/Engine/Binaries/DotNET/UnrealBuildTool.exe  -ModuleWithSuffix=Maze_3D,9425 Win64 Development -TargetType=Editor -Project="../../../../../My Files/The Documents/Unreal Projects/Maze_3D/Maze_3D.uproject" -canskiplink "D:/My Files/The Documents/Unreal Projects/Maze_3D/Maze_3D.uproject" ]
[2018.08.29-02.39.53:666][607]Warning: Starting HotReload took  0.2s.
[2018.08.29-02.39.55:634][842]CompilerResultsLog: New page: Compilation - Aug 28, 2018, 12:39:55 PM
[2018.08.29-02.39.55:634][842]CompilerResultsLog: Compiling game modules for hot reload
[2018.08.29-02.39.55:634][842]CompilerResultsLog: Target is up to date
[2018.08.29-02.39.55:634][842]CompilerResultsLog: Total build time: 1.66 seconds (NoActionsToExecute executor: 0.00 seconds)
[2018.08.29-02.39.55:634][842]LogMainFrame: MainFrame: Module compiling took 1.982 seconds
[2018.08.29-02.39.55:942][842]LogContentBrowser: Native class hierarchy populated in 0.0090 seconds. Added 2582 classes and 607 folders.
[2018.08.29-02.39.55:942][842]Display: HotReload took  2.5s.
[2018.08.29-02.39.57:069][977]LogTemp: Repeating last play command: Selected Viewport
[2018.08.29-02.39.57:089][977]LogBlueprintUserMessages: Early PlayInEditor Detection: Level '/Game/Maps/MainMenu.MainMenu:PersistentLevel' has LevelScriptBlueprint '/Game/Maps/MainMenu.MainMenu:PersistentLevel.MainMenu' with GeneratedClass '/Game/Maps/MainMenu.MainMenu_C' with ClassGeneratedBy '/Game/Maps/MainMenu.MainMenu:PersistentLevel.MainMenu'
[2018.08.29-02.39.57:089][977]LogPlayLevel: PlayLevel: No blueprints needed recompiling
[2018.08.29-02.39.57:101][977]PIE: New page: PIE session: MainMenu (Aug 28, 2018, 12:39:57 PM)
[2018.08.29-02.39.57:101][977]LogPlayLevel: Creating play world package: /Game/Maps/UEDPIE_0_MainMenu
[2018.08.29-02.39.57:102][977]LogPlayLevel: PIE: StaticDuplicateObject took: (0.001343s)
[2018.08.29-02.39.57:103][977]LogAIModule: Creating AISystem for world MainMenu
[2018.08.29-02.39.57:104][977]LogPlayLevel: PIE: World Init took: (0.001047s)
[2018.08.29-02.39.57:104][977]LogPlayLevel: PIE: Created PIE world by copying editor world from /Game/Maps/MainMenu.MainMenu to /Game/Maps/UEDPIE_0_MainMenu.MainMenu (0.002523s)
[2018.08.29-02.39.57:153][977]LogInit: XAudio2 using 'VX2370 SERIES (NVIDIA High Definition Audio)' : 2 channels at 48 kHz using 16 bits per sample (channel mask 0x3)
[2018.08.29-02.39.57:160][977]LogInit: FAudioDevice initialized.
[2018.08.29-02.39.57:201][977]LogLoad: Game class is 'Maze_3D_MenuMode'
[2018.08.29-02.39.57:203][977]LogWorld: Bringing World /Game/Maps/UEDPIE_0_MainMenu.MainMenu up for play (max tick rate 0) at 2018.08.28-19.39.57
[2018.08.29-02.39.57:203][977]LogWorld: Bringing up level for play took: 0.000463
[2018.08.29-02.39.57:245][977]LogContentBrowser: Native class hierarchy updated for 'MovieSceneCapture' in 0.0005 seconds. Added 10 classes and 0 folders.
[2018.08.29-02.39.57:247][977]PIE: Play in editor start time for /Game/Maps/UEDPIE_0_MainMenu 0.283
[2018.08.29-02.39.57:247][977]LogBlueprintUserMessages: Late PlayInEditor Detection: Level '/Game/Maps/MainMenu.MainMenu:PersistentLevel' has LevelScriptBlueprint '/Game/Maps/MainMenu.MainMenu:PersistentLevel.MainMenu' with GeneratedClass '/Game/Maps/MainMenu.MainMenu_C' with ClassGeneratedBy '/Game/Maps/MainMenu.MainMenu:PersistentLevel.MainMenu'
[2018.08.29-02.39.58:546][129]LogSlate: FSceneViewport::OnFocusLost() reason 0
[2018.08.29-02.39.58:764][155]LogNet: Browse: /Game/Maps/Maze
[2018.08.29-02.39.58:765][155]LogLoad: LoadMap: /Game/Maps/Maze
[2018.08.29-02.39.59:216][155]LogAIModule: Creating AISystem for world Maze
[2018.08.29-02.39.59:217][155]LogLoad: Game class is 'Maze_3D_GameMode'
[2018.08.29-02.39.59:219][155]LogWorld: Bringing World /Game/Maps/UEDPIE_0_Maze.Maze up for play (max tick rate 0) at 2018.08.28-19.39.59
[2018.08.29-02.39.59:219][155]LogWorld: Bringing up level for play took: 0.001906
[2018.08.29-02.39.59:220][155]LogGameMode: FindPlayerStart: PATHS NOT DEFINED or NO PLAYERSTART with positive rating
[2018.08.29-02.40.00:429][155]LogWindows: Error: === Critical error: ===
[2018.08.29-02.40.00:429][155]LogWindows: Error: 
[2018.08.29-02.40.00:429][155]LogWindows: Error: Fatal error!
[2018.08.29-02.40.00:429][155]LogWindows: Error: 
[2018.08.29-02.40.00:429][155]LogWindows: Error: Unhandled Exception: EXCEPTION_ACCESS_VIOLATION reading address 0x00000000
[2018.08.29-02.40.00:429][155]LogWindows: Error: 
[2018.08.29-02.40.00:429][155]LogWindows: Error: [Callstack] 0x00007fff4314ba0b UE4Editor-Maze_3D.dll!ATile::RemoveWall() []
[2018.08.29-02.40.00:429][155]LogWindows: Error: [Callstack] 0x00007fff431470a1 UE4Editor-Maze_3D.dll!AMaze::RemoveWall() [d:\my files\the documents\unreal projects\maze_3d\source\maze_3d\maze.cpp:673]
[2018.08.29-02.40.00:429][155]LogWindows: Error: [Callstack] 0x00007fff43144cf1 UE4Editor-Maze_3D.dll!AMaze::BuildMaze() [d:\my files\the documents\unreal projects\maze_3d\source\maze_3d\maze.cpp:221]
[2018.08.29-02.40.00:429][155]LogWindows: Error: [Callstack] 0x00007fff5438a702 UE4Editor-Engine.dll!UnknownFunction []
[2018.08.29-02.40.00:429][155]LogWindows: Error: [Callstack] 0x00007fff556e3759 UE4Editor-Engine.dll!UnknownFunction []
[2018.08.29-02.40.00:429][155]LogWindows: Error: [Callstack] 0x00007fff54aa3bf1 UE4Editor-Engine.dll!UnknownFunction []
[2018.08.29-02.40.00:429][155]LogWindows: Error: [Callstack] 0x00007fff556c7aae UE4Editor-Engine.dll!UnknownFunction []
[2018.08.29-02.40.00:429][155]LogWindows: Error: [Callstack] 0x00007fff555d019d UE4Editor-Engine.dll!UnknownFunction []
[2018.08.29-02.40.00:429][155]LogWindows: Error: [Callstack] 0x00007fff55561bc3 UE4Editor-Engine.dll!UnknownFunction []
[2018.08.29-02.40.00:429][155]LogWindows: Error: [Callstack] 0x00007fff55605f0d UE4Editor-Engine.dll!UnknownFunction []
[2018.08.29-02.40.00:429][155]LogWindows: Error: [Callstack] 0x00007fff529b6e62 UE4Editor-UnrealEd.dll!UnknownFunction []
[2018.08.29-02.40.00:429][155]LogWindows: Error: [Callstack] 0x00007fff532af0d6 UE4Editor-UnrealEd.dll!UnknownFunction []
[2018.08.29-02.40.00:429][155]LogWindows: Error: [Callstack] 0x00007ff700b95cbd UE4Editor.exe!UnknownFunction []
[2018.08.29-02.40.00:429][155]LogWindows: Error: [Callstack] 0x00007ff700ba5b3c UE4Editor.exe!UnknownFunction []
[2018.08.29-02.40.00:429][155]LogWindows: Error: [Callstack] 0x00007ff700ba5bba UE4Editor.exe!UnknownFunction []
[2018.08.29-02.40.00:429][155]LogWindows: Error: [Callstack] 0x00007ff700bb3dac UE4Editor.exe!UnknownFunction []
[2018.08.29-02.40.00:429][155]LogWindows: Error: [Callstack] 0x00007ff700bb5aaa UE4Editor.exe!UnknownFunction []
[2018.08.29-02.40.00:429][155]LogWindows: Error: [Callstack] 0x00007fffa3f23034 KERNEL32.DLL!UnknownFunction []
[2018.08.29-02.40.00:429][155]LogWindows: Error: [Callstack] 0x00007fffa67f1431 ntdll.dll!UnknownFunction []
[2018.08.29-02.40.00:429][155]LogWindows: Error: 
[2018.08.29-02.40.00:444][155]LogExit: Executing StaticShutdownAfterError
[2018.08.29-02.40.00:446][155]LogWindows: FPlatformMisc::RequestExit(1)
[2018.08.29-02.40.00:448][155]Log file closed, 08/28/18 19:40:00
