Log file open, 08/28/18 20:12:47
LogWindows: Failed to load 'aqProf.dll' (GetLastError=126)
LogWindows: File 'aqProf.dll' does not exist
LogWindows: Failed to load 'VtuneApi.dll' (GetLastError=126)
LogWindows: File 'VtuneApi.dll' does not exist
LogWindows: Failed to load 'VtuneApi32e.dll' (GetLastError=126)
LogWindows: File 'VtuneApi32e.dll' does not exist
LogInit: Display: Running engine for game: Maze_3D
LogPlatformFile: Not using cached read wrapper
LogTaskGraph: Started task graph with 5 named threads and 23 total threads with 3 sets of task threads.
LogStats: Stats thread started at 0.273585
LogD3D11RHI: Loaded GFSDK_Aftermath_Lib.x64.dll
LogICUInternationalization: Display: ICU TimeZone Detection - Raw Offset: -8:00, Platform Override: ''
LogPluginManager: Mounting plugin Paper2D
LogPluginManager: Mounting plugin AISupport
LogPluginManager: Mounting plugin LightPropagationVolume
LogPluginManager: Mounting plugin CLionSourceCodeAccess
LogPluginManager: Mounting plugin CodeLiteSourceCodeAccess
LogPluginManager: Mounting plugin GitSourceControl
LogPluginManager: Mounting plugin KDevelopSourceCodeAccess
LogPluginManager: Mounting plugin NullSourceCodeAccess
LogPluginManager: Mounting plugin PerforceSourceControl
LogPluginManager: Mounting plugin SubversionSourceControl
LogPluginManager: Mounting plugin UObjectPlugin
LogPluginManager: Mounting plugin VisualStudioCodeSourceCodeAccess
LogPluginManager: Mounting plugin VisualStudioSourceCodeAccess
LogPluginManager: Mounting plugin XCodeSourceCodeAccess
LogPluginManager: Mounting plugin AssetManagerEditor
LogPluginManager: Mounting plugin CryptoKeys
LogPluginManager: Mounting plugin DataValidation
LogPluginManager: Mounting plugin FacialAnimation
LogPluginManager: Mounting plugin GameplayTagsEditor
LogPluginManager: Mounting plugin MacGraphicsSwitching
LogPluginManager: Mounting plugin MeshEditor
LogPluginManager: Mounting plugin MobileLauncherProfileWizard
LogPluginManager: Mounting plugin PluginBrowser
LogPluginManager: Mounting plugin SpeedTreeImporter
LogPluginManager: Mounting plugin DatasmithContent
LogPluginManager: Mounting plugin AlembicImporter
LogPluginManager: Mounting plugin AppleImageUtils
LogPluginManager: Mounting plugin AppleVision
LogPluginManager: Mounting plugin BackChannel
LogPluginManager: Mounting plugin CharacterAI
LogPluginManager: Mounting plugin GeometryCache
LogPluginManager: Mounting plugin HTML5Networking
LogPluginManager: Mounting plugin ProxyLODPlugin
LogPluginManager: Mounting plugin MagicLeap
LogPluginManager: Mounting plugin MagicLeapEmulator
LogPluginManager: Mounting plugin MagicLeapMedia
LogPluginManager: Mounting plugin AndroidMedia
LogPluginManager: Mounting plugin AvfMedia
LogPluginManager: Mounting plugin ImgMedia
LogPluginManager: Mounting plugin LinearTimecode
LogPluginManager: Mounting plugin MediaCompositing
LogPluginManager: Mounting plugin MediaPlayerEditor
LogPluginManager: Mounting plugin WmfMedia
LogPluginManager: Mounting plugin TcpMessaging
LogPluginManager: Mounting plugin UdpMessaging
LogPluginManager: Mounting plugin ActorSequence
LogPluginManager: Mounting plugin LevelSequenceEditor
LogPluginManager: Mounting plugin MatineeToLevelSequence
LogPluginManager: Mounting plugin NetcodeUnitTest
LogPluginManager: Mounting plugin NUTUnrealEngine4
LogPluginManager: Mounting plugin OnlineSubsystemGooglePlay
LogPluginManager: Mounting plugin OnlineSubsystemIOS
LogPluginManager: Mounting plugin OnlineSubsystem
LogPluginManager: Mounting plugin OnlineSubsystemNull
LogPluginManager: Mounting plugin OnlineSubsystemUtils
LogPluginManager: Mounting plugin LauncherChunkInstaller
LogPluginManager: Mounting plugin AndroidDeviceProfileSelector
LogPluginManager: Mounting plugin AndroidMoviePlayer
LogPluginManager: Mounting plugin AndroidPermission
LogPluginManager: Mounting plugin AppleMoviePlayer
LogPluginManager: Mounting plugin ArchVisCharacter
LogPluginManager: Mounting plugin AudioCapture
LogPluginManager: Mounting plugin CableComponent
LogPluginManager: Mounting plugin CustomMeshComponent
LogPluginManager: Mounting plugin EditableMesh
LogPluginManager: Mounting plugin ExampleDeviceProfileSelector
LogPluginManager: Mounting plugin GoogleCloudMessaging
LogPluginManager: Mounting plugin ImmediatePhysics
LogPluginManager: Mounting plugin IOSDeviceProfileSelector
LogPluginManager: Mounting plugin LinuxDeviceProfileSelector
LogPluginManager: Mounting plugin LocationServicesBPLibrary
LogPluginManager: Mounting plugin MobilePatchingUtils
LogPluginManager: Mounting plugin OculusVR
LogPluginManager: Plugin shader directory ../../../Engine/Plugins/Runtime/Oculus/OculusVR/Shaders found
LogPluginManager: Mapping shader source directory ../../../Engine/Plugins/Runtime/Oculus/OculusVR/Shaders to virtual directory /Plugin/OculusVR
LogPluginManager: Mounting plugin PhysXVehicles
LogPluginManager: Mounting plugin ProceduralMeshComponent
LogPluginManager: Mounting plugin RuntimePhysXCooking
LogPluginManager: Mounting plugin SteamVR
LogPluginManager: Mounting plugin WindowsMoviePlayer
LogStreaming: Display: Took  0.144s to configure plugins.
LogInit: Using libcurl 7.55.1-DEV
LogInit:  - built for x86_64-pc-win32
LogInit:  - supports SSL with OpenSSL/1.0.2h
LogInit:  - supports HTTP deflate (compression) using libz 1.2.8
LogInit:  - other features:
LogInit:      CURL_VERSION_SSL
LogInit:      CURL_VERSION_LIBZ
LogInit:      CURL_VERSION_IPV6
LogInit:      CURL_VERSION_ASYNCHDNS
LogInit:      CURL_VERSION_LARGEFILE
LogInit:      CURL_VERSION_IDN
LogInit:  CurlRequestOptions (configurable via config and command line):
LogInit:  - bVerifyPeer = false  - Libcurl will NOT verify peer certificate
LogInit:  - bUseHttpProxy = false  - Libcurl will NOT use HTTP proxy
LogInit:  - bDontReuseConnections = false  - Libcurl will reuse connections
LogInit:  - CertBundlePath = nullptr  - Libcurl will use whatever was configured at build time.
LogInit:  - MaxHostConnections = 16  - Libcurl will limit the number of connections to a host
LogInit:  - LocalHostAddr = Default
LogInit:  - BufferSize = 65536
LogInit: WinSock: version 1.1 (2.2), MaxSocks=32767, MaxUdp=65467
LogInit: Build: ++UE4+Release-4.20-CL-4233996
LogInit: Engine Version: 4.20.1-4233996+++UE4+Release-4.20
LogInit: Compatible Engine Version: 4.20.0-4212847+++UE4+Release-4.20
LogInit: Net CL: 4212847
LogInit: OS: Windows 10 (), CPU: Intel(R) Core(TM) i7-6700 CPU @ 3.40GHz, GPU: NVIDIA GeForce GTX 1060 6GB
LogInit: Compiled (64-bit): Jul 26 2018 10:07:30
LogInit: Compiled with Visual C++: 19.13.26129.00
LogInit: Build Configuration: Development
LogInit: Branch Name: ++UE4+Release-4.20
LogInit: Command Line:  
LogInit: Base Directory: D:/Epic Games/UE_4.20/Engine/Binaries/Win64/
LogInit: Installed Engine Build: 1
LogDevObjectVersion: Number of dev versions registered: 20
LogDevObjectVersion:   Dev-Blueprints (B0D832E4-1F89-4F0D-ACCF-7EB736FD4AA2): 10
LogDevObjectVersion:   Dev-Build (E1C64328-A22C-4D53-A36C-8E866417BD8C): 0
LogDevObjectVersion:   Dev-Core (375EC13C-06E4-48FB-B500-84F0262A717E): 2
LogDevObjectVersion:   Dev-Editor (E4B068ED-F494-42E9-A231-DA0B2E46BB41): 24
LogDevObjectVersion:   Dev-Framework (CFFC743F-43B0-4480-9391-14DF171D2073): 34
LogDevObjectVersion:   Dev-Mobile (B02B49B5-BB20-44E9-A304-32B752E40360): 2
LogDevObjectVersion:   Dev-Networking (A4E4105C-59A1-49B5-A7C5-40C4547EDFEE): 0
LogDevObjectVersion:   Dev-Online (39C831C9-5AE6-47DC-9A44-9C173E1C8E7C): 0
LogDevObjectVersion:   Dev-Physics (78F01B33-EBEA-4F98-B9B4-84EACCB95AA2): 0
LogDevObjectVersion:   Dev-Platform (6631380F-2D4D-43E0-8009-CF276956A95A): 0
LogDevObjectVersion:   Dev-Rendering (12F88B9F-8875-4AFC-A67C-D90C383ABD29): 26
LogDevObjectVersion:   Dev-Sequencer (7B5AE74C-D270-4C10-A958-57980B212A5A): 9
LogDevObjectVersion:   Dev-VR (D7296918-1DD6-4BDD-9DE2-64A83CC13884): 2
LogDevObjectVersion:   Dev-LoadTimes (C2A15278-BFE7-4AFE-6C17-90FF531DF755): 1
LogDevObjectVersion:   Private-Geometry (6EACA3D4-40EC-4CC1-B786-8BED09428FC5): 3
LogDevObjectVersion:   Dev-AnimPhys (29E575DD-E0A3-4627-9D10-D276232CDCEA): 17
LogDevObjectVersion:   Dev-ReflectionCapture (6B266CEC-1EC7-4B8F-A30B-E4D90942FC07): 1
LogDevObjectVersion:   Dev-Automation (0DF73D61-A23F-47EA-B727-89E90C41499A): 1
LogDevObjectVersion:   FortniteMain (601D1886-AC64-4F84-AA16-D3DE0DEAC7D6): 12
LogDevObjectVersion:   Dev-Enterprise (9DFFBCD6-494F-0158-E221-12823C92A888): 1
LogStreaming: Display: Took  0.001s to delete old logs.
LogInit: Presizing for max 8388607 objects, including 0 objects not considered by GC, pre-allocating 0 bytes for permanent pool.
LogInit: Object subsystem initialized
[2018.08.29-03.12.47:645][  0]LogInit: Selected Device Profile: [Windows]
[2018.08.29-03.12.47:645][  0]LogInit: Applying CVar settings loaded from the selected device profile: [Windows]
[2018.08.29-03.12.47:654][  0]LogHAL: Display: Platform has ~ 16 GB [17136615424 / 17179869184 / 16], which maps to Larger [LargestMinGB=32, LargerMinGB=12, DefaultMinGB=8, SmallerMinGB=6, SmallestMinGB=0)
[2018.08.29-03.12.47:654][  0]LogInit: Setting Device Profile CVar: [[r.Vulkan.UseRealUBs:1]]
[2018.08.29-03.12.47:654][  0]LogInit: Going up to parent DeviceProfile []
[2018.08.29-03.12.47:654][  0]LogInit: Computer: IRONSIDE
[2018.08.29-03.12.47:654][  0]LogInit: User: User
[2018.08.29-03.12.47:654][  0]LogInit: CPU Page size=4096, Cores=4
[2018.08.29-03.12.47:654][  0]LogInit: High frequency timer resolution =3.328128 MHz
[2018.08.29-03.12.47:655][  0]LogMemory: Memory total: Physical=16.0GB (16GB approx)
[2018.08.29-03.12.47:655][  0]LogMemory: Platform Memory Stats for Windows
[2018.08.29-03.12.47:655][  0]LogMemory: Process Physical Memory: 101.95 MB used, 101.95 MB peak
[2018.08.29-03.12.47:655][  0]LogMemory: Process Virtual Memory: 93.21 MB used, 93.21 MB peak
[2018.08.29-03.12.47:655][  0]LogMemory: Physical Memory: 6066.53 MB used,  10276.22 MB free, 16342.75 MB total
[2018.08.29-03.12.47:655][  0]LogMemory: Virtual Memory: 4642.41 MB used,  10276.22 MB free, 134217728.00 MB total
[2018.08.29-03.12.47:678][  0]LogInit: Using OS detected language (en-US).
[2018.08.29-03.12.47:678][  0]LogInit: Using OS detected locale (en-US).
[2018.08.29-03.12.47:679][  0]LogTextLocalizationManager: No specific localization for 'en-US' exists, so the 'en' localization will be used.
[2018.08.29-03.12.48:010][  0]LogStreaming: Display: Took  0.333s to InitEngineTextLocalization.
[2018.08.29-03.12.48:010][  0]LogInit: Setting process to per monitor DPI aware
[2018.08.29-03.12.48:039][  0]LogSlate: New Slate User Created.  User Index 0, Is Virtual User: 0
[2018.08.29-03.12.48:039][  0]LogSlate: Slate User Registered.  User Index 0, Is Virtual User: 0
[2018.08.29-03.12.48:312][  0]LogHMD: Failed to initialize OpenVR with code 110
[2018.08.29-03.12.48:312][  0]LogD3D11RHI: D3D11 adapters:
[2018.08.29-03.12.48:365][  0]LogD3D11RHI:    0. 'NVIDIA GeForce GTX 1060 6GB' (Feature Level 11_0)
[2018.08.29-03.12.48:365][  0]LogD3D11RHI:       6052/0/8171 MB DedicatedVideo/DedicatedSystem/SharedSystem, Outputs:2, VendorId:0x10de
[2018.08.29-03.12.48:367][  0]LogD3D11RHI:    1. 'Microsoft Basic Render Driver' (Feature Level 11_0)
[2018.08.29-03.12.48:367][  0]LogD3D11RHI:       0/0/8171 MB DedicatedVideo/DedicatedSystem/SharedSystem, Outputs:0, VendorId:0x1414
[2018.08.29-03.12.48:367][  0]LogD3D11RHI: Chosen D3D11 Adapter: 0
[2018.08.29-03.12.48:372][  0]LogD3D11RHI: Creating new Direct3DDevice
[2018.08.29-03.12.48:372][  0]LogD3D11RHI:     GPU DeviceId: 0x1c03 (for the marketing name, search the web for "GPU Device Id")
[2018.08.29-03.12.48:372][  0]LogWindows: EnumDisplayDevices:
[2018.08.29-03.12.48:373][  0]LogWindows:    0. 'NVIDIA GeForce GTX 1060 6GB' (P:1 D:1)
[2018.08.29-03.12.48:373][  0]LogWindows:    1. 'NVIDIA GeForce GTX 1060 6GB' (P:0 D:1)
[2018.08.29-03.12.48:373][  0]LogWindows:    2. 'NVIDIA GeForce GTX 1060 6GB' (P:0 D:0)
[2018.08.29-03.12.48:373][  0]LogWindows:    3. 'NVIDIA GeForce GTX 1060 6GB' (P:0 D:0)
[2018.08.29-03.12.48:373][  0]LogWindows: DebugString: FoundDriverCount:4 
[2018.08.29-03.12.48:373][  0]LogD3D11RHI:     Adapter Name: NVIDIA GeForce GTX 1060 6GB
[2018.08.29-03.12.48:373][  0]LogD3D11RHI:   Driver Version: 398.36 (internal:24.21.13.9836, unified:398.36)
[2018.08.29-03.12.48:373][  0]LogD3D11RHI:      Driver Date: 6-24-2018
[2018.08.29-03.12.48:373][  0]LogRHI: Texture pool is 4236 MB (70% of 6052 MB)
[2018.08.29-03.12.48:407][  0]LogD3D11RHI: Async texture creation enabled
[2018.08.29-03.12.48:422][  0]LogD3D11RHI: GPU Timing Frequency: 1000.000000 (Debug: 2 2)
[2018.08.29-03.12.48:471][  0]LogShaderCompilers: Guid format shader working directory is -17 characters bigger than the processId version (../../../../../My Files/The Documents/Unreal Projects/Maze_3D/Intermediate/Shaders/WorkingDirectory/17752/).
[2018.08.29-03.12.48:471][  0]LogShaderCompilers: Cleaned the shader compiler working directory 'C:/Users/User/AppData/Local/Temp/UnrealShaderWorkingDir/E534580747C53BAA0B6EF4A10905BFEC/'.
[2018.08.29-03.12.48:775][  0]LogTemp: Display: Loaded TP AllDesktopTargetPlatform
[2018.08.29-03.12.48:786][  0]LogTemp: Display: Loaded TP MacClientTargetPlatform
[2018.08.29-03.12.48:798][  0]LogTemp: Display: Loaded TP MacNoEditorTargetPlatform
[2018.08.29-03.12.48:809][  0]LogTemp: Display: Loaded TP MacServerTargetPlatform
[2018.08.29-03.12.48:820][  0]LogTemp: Display: Loaded TP MacTargetPlatform
[2018.08.29-03.12.48:832][  0]LogTemp: Display: Loaded TP WindowsClientTargetPlatform
[2018.08.29-03.12.48:843][  0]LogTemp: Display: Loaded TP WindowsNoEditorTargetPlatform
[2018.08.29-03.12.48:855][  0]LogTemp: Display: Loaded TP WindowsServerTargetPlatform
[2018.08.29-03.12.48:861][  0]LogTemp: Display: Loaded TP WindowsTargetPlatform
[2018.08.29-03.12.48:931][  0]LogTemp: Display: Loaded TP AndroidTargetPlatform
[2018.08.29-03.12.48:931][  0]LogTemp: Display: Loaded TP AndroidTargetPlatform
[2018.08.29-03.12.48:931][  0]LogTemp: Display: Loaded TP AndroidTargetPlatform
[2018.08.29-03.12.48:931][  0]LogTemp: Display: Loaded TP AndroidTargetPlatform
[2018.08.29-03.12.48:931][  0]LogTemp: Display: Loaded TP AndroidTargetPlatform
[2018.08.29-03.12.48:931][  0]LogTemp: Display: Loaded TP AndroidTargetPlatform
[2018.08.29-03.12.48:931][  0]LogTemp: Display: Loaded TP AndroidTargetPlatform
[2018.08.29-03.12.48:931][  0]LogTemp: Display: Loaded TP AndroidTargetPlatform
[2018.08.29-03.12.48:931][  0]LogTemp: Display: Loaded TP AndroidTargetPlatform
[2018.08.29-03.12.48:931][  0]LogTemp: Display: Loaded TP AndroidTargetPlatform
[2018.08.29-03.12.48:931][  0]LogTemp: Display: Loaded TP AndroidTargetPlatform
[2018.08.29-03.12.48:931][  0]LogTemp: Display: Loaded TP AndroidTargetPlatform
[2018.08.29-03.12.48:931][  0]LogTemp: Display: Loaded TP AndroidTargetPlatform
[2018.08.29-03.12.48:931][  0]LogTemp: Display: Loaded TP AndroidTargetPlatform
[2018.08.29-03.12.48:931][  0]LogTemp: Display: Loaded TP AndroidTargetPlatform
[2018.08.29-03.12.48:931][  0]LogTemp: Display: Loaded TP AndroidTargetPlatform
[2018.08.29-03.12.48:931][  0]LogTemp: Display: Loaded TP AndroidTargetPlatform
[2018.08.29-03.12.48:931][  0]LogTemp: Display: Loaded TP AndroidTargetPlatform
[2018.08.29-03.12.48:932][  0]LogTemp: Display: Loaded TP HTML5TargetPlatform
[2018.08.29-03.12.48:990][  0]LogTemp: Display: Loaded TP IOSTargetPlatform
[2018.08.29-03.12.48:990][  0]LogTemp: Display: Loaded TP IOSTargetPlatform
[2018.08.29-03.12.49:012][  0]LogTemp: Display: Loaded TP TVOSTargetPlatform
[2018.08.29-03.12.49:012][  0]LogTemp: Display: Loaded TP TVOSTargetPlatform
[2018.08.29-03.12.49:023][  0]LogTemp: Display: Loaded TP LinuxClientTargetPlatform
[2018.08.29-03.12.49:035][  0]LogTemp: Display: Loaded TP LinuxNoEditorTargetPlatform
[2018.08.29-03.12.49:046][  0]LogTemp: Display: Loaded TP LinuxServerTargetPlatform
[2018.08.29-03.12.49:057][  0]LogTemp: Display: Loaded TP LinuxTargetPlatform
[2018.08.29-03.12.49:066][  0]LogTemp: Display: Loaded TP LuminTargetPlatform
[2018.08.29-03.12.49:066][  0]LogTargetPlatformManager: Display: Building Assets For Windows
[2018.08.29-03.12.49:109][  0]LogXGEController: Cleaning working directory: C:/Users/User/AppData/Local/Temp/UnrealXGEWorkingDir/
[2018.08.29-03.12.49:109][  0]LogXGEController: Cannot use XGE Controller as Incredibuild is not installed on this machine.
[2018.08.29-03.12.49:109][  0]LogShaderCompilers: Cannot use XGE Shader Compiler as Incredibuild is not installed on this machine.
[2018.08.29-03.12.49:109][  0]LogShaderCompilers: Display: Using Local Shader Compiler.
[2018.08.29-03.12.49:731][  0]LogDerivedDataCache: Display: Max Cache Size: 512 MB
[2018.08.29-03.12.49:791][  0]LogDerivedDataCache: Loaded boot cache 0.06s 74MB C:/Users/User/AppData/Local/UnrealEngine/4.20/DerivedDataCache/Boot.ddc.
[2018.08.29-03.12.49:791][  0]LogDerivedDataCache: Display: Loaded Boot cache: C:/Users/User/AppData/Local/UnrealEngine/4.20/DerivedDataCache/Boot.ddc
[2018.08.29-03.12.49:792][  0]LogDerivedDataCache: FDerivedDataBackendGraph:  Pak pak cache file ../../../../../My Files/The Documents/Unreal Projects/Maze_3D/DerivedDataCache/DDC.ddp not found, will not use a pak cache.
[2018.08.29-03.12.49:792][  0]LogDerivedDataCache: Unable to find inner node Pak for hierarchical cache Hierarchy.
[2018.08.29-03.12.49:792][  0]LogDerivedDataCache: FDerivedDataBackendGraph:  CompressedPak pak cache file ../../../../../My Files/The Documents/Unreal Projects/Maze_3D/DerivedDataCache/Compressed.ddp not found, will not use a pak cache.
[2018.08.29-03.12.49:792][  0]LogDerivedDataCache: Unable to find inner node CompressedPak for hierarchical cache Hierarchy.
[2018.08.29-03.12.49:803][  0]LogDerivedDataCache: Display: Pak cache opened for reading ../../../Engine/DerivedDataCache/Compressed.ddp.
[2018.08.29-03.12.49:816][  0]LogDerivedDataCache: Using Local data cache path C:/Users/User/AppData/Local/UnrealEngine/Common/DerivedDataCache: Writable
[2018.08.29-03.12.49:816][  0]LogDerivedDataCache: Shared data cache path not found in *engine.ini, will not use an Shared cache.
[2018.08.29-03.12.49:816][  0]LogDerivedDataCache: Unable to find inner node Shared for hierarchical cache Hierarchy.
[2018.08.29-03.12.49:832][  0]LogMaterial: Verifying Global Shaders for PCD3D_SM5
[2018.08.29-03.12.49:834][  0]LogSlate: Using FreeType 2.6.0
[2018.08.29-03.12.49:834][  0]LogSlate: SlateFontServices - WITH_FREETYPE: 1, WITH_HARFBUZZ: 1
[2018.08.29-03.12.49:913][  0]LogAssetRegistry: FAssetRegistry took 0.0259 seconds to start up
[2018.08.29-03.12.50:200][  0]LogInit: Selected Device Profile: [Windows]
[2018.08.29-03.12.50:315][  0]LogSimplygon: Simplygon DLL not present - disabling.
[2018.08.29-03.12.50:318][  0]LogMeshReduction: Using SimplygonSwarm for distributed automatic mesh merging
[2018.08.29-03.12.50:318][  0]LogMeshReduction: Using ProxyLODMeshReduction for automatic mesh merging
[2018.08.29-03.12.50:318][  0]LogMeshReduction: Using QuadricMeshReduction for automatic static mesh reduction
[2018.08.29-03.12.50:318][  0]LogMeshReduction: No automatic skeletal mesh reduction module available
[2018.08.29-03.12.50:340][  0]LogNetVersion: Maze_3D 1.0.0, NetCL: 4212847, EngineNetVer: 5, GameNetVer: 0 (Checksum: 1160223804)
[2018.08.29-03.12.50:855][  0]LogPackageLocalizationCache: Processed 11 localized package path(s) for 2 prioritized culture(s) in 0.109623 seconds
[2018.08.29-03.12.50:862][  0]LogUObjectArray: 38425 objects as part of root set at end of initial load.
[2018.08.29-03.12.50:862][  0]LogUObjectAllocator: 6690864 out of 0 bytes used by permanent object pool.
[2018.08.29-03.12.50:862][  0]LogUObjectArray: CloseDisregardForGC: 0/0 objects in disregard for GC pool
[2018.08.29-03.12.51:776][  0]LogTcpMessaging: Initializing TcpMessaging bridge
[2018.08.29-03.12.51:790][  0]LogUdpMessaging: Initializing bridge on interface 0.0.0.0:0 to multicast group 230.0.0.1:6666.
[2018.08.29-03.12.52:179][  0]SourceControl: Source control is disabled
[2018.08.29-03.12.52:179][  0]SourceControl: Source control is disabled
[2018.08.29-03.12.52:181][  0]SourceControl: Source control is disabled
[2018.08.29-03.12.52:182][  0]SourceControl: Source control is disabled
[2018.08.29-03.12.52:358][  0]LogAndroidPermission: UAndroidPermissionCallbackProxy::GetInstance
[2018.08.29-03.12.52:409][  0]LogOcInput: OculusInput pre-init called
[2018.08.29-03.12.52:464][  0]LogEngine: Initializing Engine...
[2018.08.29-03.12.52:465][  0]LogHMD: Failed to initialize OpenVR with code 110
[2018.08.29-03.12.52:466][  0]LogStats: UGameplayTagsManager::ConstructGameplayTagTree: ImportINI prefixes -  0.000 s
[2018.08.29-03.12.52:466][  0]LogStats: UGameplayTagsManager::ConstructGameplayTagTree: Construct from data asset -  0.000 s
[2018.08.29-03.12.52:466][  0]LogStats: UGameplayTagsManager::ConstructGameplayTagTree: ImportINI -  0.000 s
[2018.08.29-03.12.52:466][  0]LogStats: UGameplayTagsManager::ConstructGameplayTagTree: GameplayTagTreeChangedEvent.Broadcast -  0.000 s
[2018.08.29-03.12.52:652][  0]LogInit: Initializing FReadOnlyCVARCache
[2018.08.29-03.12.52:661][  0]LogAIModule: Creating AISystem for world Untitled
[2018.08.29-03.12.52:711][  0]LogInit: XAudio2 using 'VX2370 SERIES (NVIDIA High Definition Audio)' : 2 channels at 48 kHz using 16 bits per sample (channel mask 0x3)
[2018.08.29-03.12.52:779][  0]LogInit: FAudioDevice initialized.
[2018.08.29-03.12.52:779][  0]LogNetVersion: Set ProjectVersion to 1.0.0.0. Version Checksum will be recalculated on next use.
[2018.08.29-03.12.52:906][  0]LogDerivedDataCache: Saved boot cache 0.13s 74MB C:/Users/User/AppData/Local/UnrealEngine/4.20/DerivedDataCache/Boot.ddc.
[2018.08.29-03.12.52:914][  0]LogInit: Texture streaming: Enabled
[2018.08.29-03.12.52:930][  0]LogEngineSessionManager: EngineSessionManager initialized
[2018.08.29-03.12.52:930][  0]LogEngineSessionManager: EngineSessionManager sent abnormal shutdown report. Type=Crashed, SessionId={A0F26247-4144-F8DF-23F1-A597F1B9AD76}
[2018.08.29-03.12.52:939][  0]LogInit: Transaction tracking system initialized
[2018.08.29-03.12.52:956][  0]BlueprintLog: New page: Editor Load
[2018.08.29-03.12.53:080][  0]LocalizationService: Localization service is disabled
[2018.08.29-03.12.53:337][  0]LogCook: Display: Max memory allowance for cook 16384mb min free memory 0mb
[2018.08.29-03.12.53:337][  0]LogCook: Display: Mobile HDR setting 1
[2018.08.29-03.12.53:337][  0]LogGameplayTags: Display: UGameplayTagsManager::DoneAddingNativeTags. DelegateIsBound: 0
[2018.08.29-03.12.53:337][  0]LogStats: UGameplayTagsManager::ConstructGameplayTagTree: ImportINI prefixes -  0.000 s
[2018.08.29-03.12.53:337][  0]LogStats: UGameplayTagsManager::ConstructGameplayTagTree: Construct from data asset -  0.000 s
[2018.08.29-03.12.53:337][  0]LogStats: UGameplayTagsManager::ConstructGameplayTagTree: ImportINI -  0.000 s
[2018.08.29-03.12.53:337][  0]LogStats: UGameplayTagsManager::ConstructGameplayTagTree: GameplayTagTreeChangedEvent.Broadcast -  0.000 s
[2018.08.29-03.12.53:440][  0]LogFileCache: Scanning file cache for directory 'D:/My Files/The Documents/Unreal Projects/Maze_3D/Content/' took 0.02s
[2018.08.29-03.12.53:440][  0]SourceControl: Source control is disabled
[2018.08.29-03.12.53:440][  0]Cmd: MAP LOAD FILE="../../../../../My Files/The Documents/Unreal Projects/Maze_3D/Content/Maps/MainMenu.umap" TEMPLATE=0 SHOWPROGRESS=1 FEATURELEVEL=3
[2018.08.29-03.12.53:441][  0]LightingResults: New page: Lighting Build
[2018.08.29-03.12.53:442][  0]MapCheck: New page: Map Check
[2018.08.29-03.12.53:442][  0]LightingResults: New page: Lighting Build
[2018.08.29-03.12.53:488][  0]LogAIModule: Creating AISystem for world MainMenu
[2018.08.29-03.12.53:489][  0]LogEditorServer: Finished looking for orphan Actors (0.000 secs)
[2018.08.29-03.12.53:509][  0]Cmd: MAP CHECKDEP NOCLEARLOG
[2018.08.29-03.12.53:575][  0]MapCheck: Map check complete: 0 Error(s), 0 Warning(s), took 66.039ms to complete.
[2018.08.29-03.12.53:575][  0]LogFileHelpers: Loading map 'MainMenu' took 0.134
[2018.08.29-03.12.53:684][  0]LogSlate: Updating window title bar state: overlay mode, drag disabled, window buttons hidden, title bar hidden
[2018.08.29-03.12.53:691][  0]LogSlate: Updating window title bar state: overlay mode, drag disabled, window buttons hidden, title bar hidden
[2018.08.29-03.12.53:697][  0]LogSlate: Updating window title bar state: overlay mode, drag disabled, window buttons hidden, title bar hidden
[2018.08.29-03.12.53:704][  0]LogSlate: Updating window title bar state: overlay mode, drag disabled, window buttons hidden, title bar hidden
[2018.08.29-03.12.53:708][  0]LogCollectionManager: Loaded 0 collections in 0.001052 seconds
[2018.08.29-03.12.53:753][  0]LogFileCache: Scanning file cache for directory 'D:/My Files/The Documents/Unreal Projects/Maze_3D/Saved/Collections/' took 0.01s
[2018.08.29-03.12.53:753][  0]LogFileCache: Scanning file cache for directory 'D:/My Files/The Documents/Unreal Projects/Maze_3D/Content/Developers/User/Collections/' took 0.01s
[2018.08.29-03.12.53:753][  0]LogFileCache: Scanning file cache for directory 'D:/My Files/The Documents/Unreal Projects/Maze_3D/Content/Collections/' took 0.01s
[2018.08.29-03.12.53:753][  0]LogCollectionManager: Rebuilt the GUID cache for 0 collections in 0.000000 seconds
[2018.08.29-03.12.53:761][  0]LogContentBrowser: Native class hierarchy populated in 0.0084 seconds. Added 2581 classes and 605 folders.
[2018.08.29-03.12.53:766][  0]LogContentBrowser: Native class hierarchy updated for 'WidgetCarousel' in 0.0004 seconds. Added 0 classes and 0 folders.
[2018.08.29-03.12.53:825][  0]LogContentBrowser: Native class hierarchy updated for 'AddContentDialog' in 0.0004 seconds. Added 0 classes and 0 folders.
[2018.08.29-03.12.53:855][  0]LogContentBrowser: Native class hierarchy updated for 'SceneOutliner' in 0.0004 seconds. Added 1 classes and 2 folders.
[2018.08.29-03.12.53:870][  0]LogSlate: Took 0.000254 seconds to synchronously load lazily loaded font '../../../Engine/Content/Slate/Fonts/Roboto-Regular.ttf' (155K)
[2018.08.29-03.12.53:871][  0]LogSlate: Took 0.000199 seconds to synchronously load lazily loaded font '../../../Engine/Content/Slate/Fonts/Roboto-Bold.ttf' (160K)
[2018.08.29-03.12.53:877][  0]LogSlate: Took 0.000248 seconds to synchronously load lazily loaded font '../../../Engine/Content/Editor/Slate/Fonts/FontAwesome.ttf' (139K)
[2018.08.29-03.12.53:948][  0]LogRenderer: Reallocating scene render targets to support 1196x548 Format 10 NumSamples 1 (Frame:1).
[2018.08.29-03.12.54:066][  0]LogContentBrowser: Native class hierarchy updated for 'HierarchicalLODOutliner' in 0.0004 seconds. Added 0 classes and 0 folders.
[2018.08.29-03.12.54:066][  0]LogLoad: (Engine Initialization) Total time: 8.27 seconds
[2018.08.29-03.12.54:066][  0]LogLoad: (Engine Initialization) Total Blueprint compile time: 0.00 seconds
[2018.08.29-03.12.54:103][  0]LogContentStreaming: Texture pool size now 3000 MB
[2018.08.29-03.12.54:142][  0]LogRenderer: Reallocating scene render targets to support 1196x564 Format 10 NumSamples 1 (Frame:3).
[2018.08.29-03.12.54:158][  0]LogSlate: Took 0.000233 seconds to synchronously load lazily loaded font '../../../Engine/Content/Slate/Fonts/Roboto-Light.ttf' (167K)
[2018.08.29-03.12.54:179][  1]LogAssetRegistry: Asset discovery search completed in 4.2881 seconds
[2018.08.29-03.12.54:181][  1]LogCollectionManager: Rebuilt the object cache for 0 collections in 0.000000 seconds (found 0 objects)
[2018.08.29-03.12.54:181][  1]LogCollectionManager: Fixed up redirectors for 0 collections in 0.000069 seconds (updated 0 objects)
[2018.08.29-03.12.55:509][  5]LogSlate: Took 0.000300 seconds to synchronously load lazily loaded font '../../../Engine/Content/Slate/Fonts/Roboto-Light.ttf' (167K)
[2018.08.29-03.12.57:911][ 13]LogSlate: FSceneViewport::OnFocusLost() reason 0
[2018.08.29-03.12.58:215][ 13]LogAssetEditorManager: Opening Asset editor for Blueprint /Game/Blueprints/Objects/Tile.Tile
[2018.08.29-03.12.58:638][ 13]LogContentBrowser: Native class hierarchy updated for 'BlueprintGraph' in 0.0008 seconds. Added 116 classes and 0 folders.
[2018.08.29-03.12.59:377][ 13]LogAssetEditorManager: Opening Asset editor for Blueprint /Game/Blueprints/Objects/Exit_RoomBP.Exit_RoomBP
[2018.08.29-03.12.59:660][ 13]LogAssetEditorManager: Opening Asset editor for Blueprint /Game/Blueprints/Objects/CielingLight.CielingLight
[2018.08.29-03.12.59:953][ 13]LogSlate: Took 0.000253 seconds to synchronously load lazily loaded font '../../../Engine/Content/Slate/Fonts/Roboto-BoldCondensed.ttf' (158K)
[2018.08.29-03.13.02:866][361]LogSlate: Window 'CielingLight' being destroyed
[2018.08.29-03.13.02:870][361]LogSlate: Window 'CielingLight' being destroyed
[2018.08.29-03.13.02:933][361]LogActorComponent: UnregisterComponent: (/Engine/Transient.EditorFloorComp) Not registered. Aborting.
[2018.08.29-03.13.02:995][361]LogActorComponent: UnregisterComponent: (/Engine/Transient.EditorFloorComp) Not registered. Aborting.
[2018.08.29-03.13.03:878][460]LogSlate: FSceneViewport::OnFocusLost() reason 0
[2018.08.29-03.13.04:440][525]Candidate modules for hot reload:
[2018.08.29-03.13.04:440][525]  Maze_3D
[2018.08.29-03.13.04:440][525]Launching UnrealBuildTool... [D:/Epic Games/UE_4.20/Engine/Binaries/DotNET/UnrealBuildTool.exe  -ModuleWithSuffix=Maze_3D,6889 Win64 Development -TargetType=Editor -Project="../../../../../My Files/The Documents/Unreal Projects/Maze_3D/Maze_3D.uproject" -canskiplink "D:/My Files/The Documents/Unreal Projects/Maze_3D/Maze_3D.uproject" ]
[2018.08.29-03.13.04:444][525]Warning: Starting HotReload took  0.0s.
[2018.08.29-03.13.10:808][289]CompilerResultsLog: New page: Compilation - Aug 28, 2018, 1:13:10 PM
[2018.08.29-03.13.10:808][289]CompilerResultsLog: Compiling game modules for hot reload
[2018.08.29-03.13.10:808][289]CompilerResultsLog: Building 3 actions with 8 processes...
[2018.08.29-03.13.10:808][289]CompilerResultsLog:   Maze.cpp
[2018.08.29-03.13.10:808][289]CompilerResultsLog:   UE4Editor-Maze_3D-6889.lib
[2018.08.29-03.13.10:808][289]CompilerResultsLog:      Creating library D:\My Files\The Documents\Unreal Projects\Maze_3D\Intermediate\Build\Win64\UE4Editor\Development\Maze_3D\UE4Editor-Maze_3D-6889.lib and object D:\My Files\The Documents\Unreal Projects\Maze_3D\Intermediate\Build\Win64\UE4Editor\Development\Maze_3D\UE4Editor-Maze_3D-6889.exp
[2018.08.29-03.13.10:808][289]CompilerResultsLog:   UE4Editor-Maze_3D-6889.dll
[2018.08.29-03.13.10:808][289]CompilerResultsLog:      Creating library D:\My Files\The Documents\Unreal Projects\Maze_3D\Intermediate\Build\Win64\UE4Editor\Development\Maze_3D\UE4Editor-Maze_3D-6889.suppressed.lib and object D:\My Files\The Documents\Unreal Projects\Maze_3D\Intermediate\Build\Win64\UE4Editor\Development\Maze_3D\UE4Editor-Maze_3D-6889.suppressed.exp
[2018.08.29-03.13.10:808][289]CompilerResultsLog: Total build time: 6.09 seconds (Parallel executor: 4.53 seconds)
[2018.08.29-03.13.10:808][289]LogMainFrame: MainFrame: Module compiling took 6.376 seconds
[2018.08.29-03.13.10:905][289]LogContentBrowser: Native class hierarchy updated for 'Maze_3D' in 0.0004 seconds. Added 9 classes and 2 folders.
[2018.08.29-03.13.10:908][289]Display: HotReload successful (10 functions remapped  0 scriptstructs remapped)
[2018.08.29-03.13.11:305][289]LogContentBrowser: Native class hierarchy populated in 0.0084 seconds. Added 2582 classes and 607 folders.
[2018.08.29-03.13.11:306][289]Display: HotReload took  6.9s.
[2018.08.29-03.13.16:976][969]LogTemp: Repeating last play command: Selected Viewport
[2018.08.29-03.13.16:991][969]LogBlueprintUserMessages: Early PlayInEditor Detection: Level '/Game/Maps/MainMenu.MainMenu:PersistentLevel' has LevelScriptBlueprint '/Game/Maps/MainMenu.MainMenu:PersistentLevel.MainMenu' with GeneratedClass '/Game/Maps/MainMenu.MainMenu_C' with ClassGeneratedBy '/Game/Maps/MainMenu.MainMenu:PersistentLevel.MainMenu'
[2018.08.29-03.13.16:991][969]LogPlayLevel: PlayLevel: No blueprints needed recompiling
[2018.08.29-03.13.17:003][969]PIE: New page: PIE session: MainMenu (Aug 28, 2018, 1:13:17 PM)
[2018.08.29-03.13.17:003][969]LogPlayLevel: Creating play world package: /Game/Maps/UEDPIE_0_MainMenu
[2018.08.29-03.13.17:004][969]LogPlayLevel: PIE: StaticDuplicateObject took: (0.001190s)
[2018.08.29-03.13.17:005][969]LogAIModule: Creating AISystem for world MainMenu
[2018.08.29-03.13.17:005][969]LogPlayLevel: PIE: World Init took: (0.001078s)
[2018.08.29-03.13.17:006][969]LogPlayLevel: PIE: Created PIE world by copying editor world from /Game/Maps/MainMenu.MainMenu to /Game/Maps/UEDPIE_0_MainMenu.MainMenu (0.002420s)
[2018.08.29-03.13.17:063][969]LogInit: XAudio2 using 'VX2370 SERIES (NVIDIA High Definition Audio)' : 2 channels at 48 kHz using 16 bits per sample (channel mask 0x3)
[2018.08.29-03.13.17:069][969]LogInit: FAudioDevice initialized.
[2018.08.29-03.13.17:111][969]LogLoad: Game class is 'Maze_3D_MenuMode'
[2018.08.29-03.13.17:113][969]LogWorld: Bringing World /Game/Maps/UEDPIE_0_MainMenu.MainMenu up for play (max tick rate 0) at 2018.08.28-20.13.17
[2018.08.29-03.13.17:113][969]LogWorld: Bringing up level for play took: 0.000378
[2018.08.29-03.13.17:154][969]LogContentBrowser: Native class hierarchy updated for 'MovieSceneCapture' in 0.0008 seconds. Added 10 classes and 0 folders.
[2018.08.29-03.13.17:157][969]PIE: Play in editor start time for /Game/Maps/UEDPIE_0_MainMenu 0.194
[2018.08.29-03.13.17:157][969]LogBlueprintUserMessages: Late PlayInEditor Detection: Level '/Game/Maps/MainMenu.MainMenu:PersistentLevel' has LevelScriptBlueprint '/Game/Maps/MainMenu.MainMenu:PersistentLevel.MainMenu' with GeneratedClass '/Game/Maps/MainMenu.MainMenu_C' with ClassGeneratedBy '/Game/Maps/MainMenu.MainMenu:PersistentLevel.MainMenu'
[2018.08.29-03.13.18:510][126]LogSlate: FSceneViewport::OnFocusLost() reason 0
[2018.08.29-03.13.18:678][146]LogNet: Browse: /Game/Maps/Maze
[2018.08.29-03.13.18:678][146]LogLoad: LoadMap: /Game/Maps/Maze
[2018.08.29-03.13.19:107][146]LogAIModule: Creating AISystem for world Maze
[2018.08.29-03.13.19:107][146]LogLoad: Game class is 'Maze_3D_GameMode'
[2018.08.29-03.13.19:110][146]LogWorld: Bringing World /Game/Maps/UEDPIE_0_Maze.Maze up for play (max tick rate 0) at 2018.08.28-20.13.19
[2018.08.29-03.13.19:110][146]LogWorld: Bringing up level for play took: 0.001962
[2018.08.29-03.13.19:110][146]LogGameMode: FindPlayerStart: PATHS NOT DEFINED or NO PLAYERSTART with positive rating
[2018.08.29-03.13.19:150][146]LogLoad: Took 0.471012 seconds to LoadMap(/Game/Maps/Maze)
[2018.08.29-03.13.32:618][ 48]LogSlate: FSceneViewport::OnFocusLost() reason 2
[2018.08.29-03.14.14:726][820]LogSlate: FSceneViewport::OnFocusLost() reason 0
[2018.08.29-03.14.14:799][826]LogBlueprintUserMessages: Early EndPlayMap Detection: Level '/Game/Maps/MainMenu.MainMenu:PersistentLevel' has LevelScriptBlueprint '/Game/Maps/MainMenu.MainMenu:PersistentLevel.MainMenu' with GeneratedClass '/Game/Maps/MainMenu.MainMenu_C' with ClassGeneratedBy '/Game/Maps/MainMenu.MainMenu:PersistentLevel.MainMenu'
[2018.08.29-03.14.14:799][826]LogSlate: Updating window title bar state: overlay mode, drag disabled, window buttons hidden, title bar hidden
[2018.08.29-03.14.14:839][826]LogPlayLevel: Display: Shutting down PIE online subsystems
[2018.08.29-03.14.14:839][826]LogBlueprintUserMessages: Late EndPlayMap Detection: Level '/Game/Maps/MainMenu.MainMenu:PersistentLevel' has LevelScriptBlueprint '/Game/Maps/MainMenu.MainMenu:PersistentLevel.MainMenu' with GeneratedClass '/Game/Maps/MainMenu.MainMenu_C' with ClassGeneratedBy '/Game/Maps/MainMenu.MainMenu:PersistentLevel.MainMenu'
[2018.08.29-03.14.14:863][826]LogSlate: Updating window title bar state: overlay mode, drag disabled, window buttons hidden, title bar hidden
[2018.08.29-03.14.14:902][830]LogPlayLevel: Display: Destroying online subsystem :Context_4
[2018.08.29-03.14.39:229][ 58]Candidate modules for hot reload:
[2018.08.29-03.14.39:230][ 58]  Maze_3D
[2018.08.29-03.14.39:230][ 58]Launching UnrealBuildTool... [D:/Epic Games/UE_4.20/Engine/Binaries/DotNET/UnrealBuildTool.exe  -ModuleWithSuffix=Maze_3D,9293 Win64 Development -TargetType=Editor -Project="../../../../../My Files/The Documents/Unreal Projects/Maze_3D/Maze_3D.uproject" -canskiplink "D:/My Files/The Documents/Unreal Projects/Maze_3D/Maze_3D.uproject" ]
[2018.08.29-03.14.39:233][ 58]Warning: Starting HotReload took  0.0s.
[2018.08.29-03.14.42:981][505]CompilerResultsLog: New page: Compilation - Aug 28, 2018, 1:14:42 PM
[2018.08.29-03.14.42:981][505]CompilerResultsLog: Compiling game modules for hot reload
[2018.08.29-03.14.42:981][505]CompilerResultsLog: Building 3 actions with 8 processes...
[2018.08.29-03.14.42:981][505]CompilerResultsLog:   Maze.cpp
[2018.08.29-03.14.42:981][505]CompilerResultsLog:   UE4Editor-Maze_3D-9293.lib
[2018.08.29-03.14.42:981][505]CompilerResultsLog:      Creating library D:\My Files\The Documents\Unreal Projects\Maze_3D\Intermediate\Build\Win64\UE4Editor\Development\Maze_3D\UE4Editor-Maze_3D-9293.lib and object D:\My Files\The Documents\Unreal Projects\Maze_3D\Intermediate\Build\Win64\UE4Editor\Development\Maze_3D\UE4Editor-Maze_3D-9293.exp
[2018.08.29-03.14.42:981][505]CompilerResultsLog:   UE4Editor-Maze_3D-9293.dll
[2018.08.29-03.14.42:981][505]CompilerResultsLog:      Creating library D:\My Files\The Documents\Unreal Projects\Maze_3D\Intermediate\Build\Win64\UE4Editor\Development\Maze_3D\UE4Editor-Maze_3D-9293.suppressed.lib and object D:\My Files\The Documents\Unreal Projects\Maze_3D\Intermediate\Build\Win64\UE4Editor\Development\Maze_3D\UE4Editor-Maze_3D-9293.suppressed.exp
[2018.08.29-03.14.42:981][505]CompilerResultsLog: Total build time: 3.48 seconds (Parallel executor: 2.02 seconds)
[2018.08.29-03.14.42:981][505]LogMainFrame: MainFrame: Module compiling took 3.762 seconds
[2018.08.29-03.14.43:027][505]LogContentBrowser: Native class hierarchy updated for 'Maze_3D' in 0.0005 seconds. Added 9 classes and 2 folders.
[2018.08.29-03.14.43:031][505]Display: HotReload successful (10 functions remapped  0 scriptstructs remapped)
[2018.08.29-03.14.43:343][505]LogContentBrowser: Native class hierarchy populated in 0.0090 seconds. Added 2582 classes and 607 folders.
[2018.08.29-03.14.43:343][505]Display: HotReload took  4.1s.
[2018.08.29-03.14.44:829][683]LogTemp: Repeating last play command: Selected Viewport
[2018.08.29-03.14.44:844][683]LogBlueprintUserMessages: Early PlayInEditor Detection: Level '/Game/Maps/MainMenu.MainMenu:PersistentLevel' has LevelScriptBlueprint '/Game/Maps/MainMenu.MainMenu:PersistentLevel.MainMenu' with GeneratedClass '/Game/Maps/MainMenu.MainMenu_C' with ClassGeneratedBy '/Game/Maps/MainMenu.MainMenu:PersistentLevel.MainMenu'
[2018.08.29-03.14.44:844][683]LogPlayLevel: PlayLevel: No blueprints needed recompiling
[2018.08.29-03.14.44:844][683]PIE: New page: PIE session: MainMenu (Aug 28, 2018, 1:14:44 PM)
[2018.08.29-03.14.44:844][683]LogPlayLevel: Creating play world package: /Game/Maps/UEDPIE_0_MainMenu
[2018.08.29-03.14.44:846][683]LogPlayLevel: PIE: StaticDuplicateObject took: (0.001301s)
[2018.08.29-03.14.44:846][683]LogAIModule: Creating AISystem for world MainMenu
[2018.08.29-03.14.44:846][683]LogPlayLevel: PIE: World Init took: (0.000566s)
[2018.08.29-03.14.44:846][683]LogPlayLevel: PIE: Created PIE world by copying editor world from /Game/Maps/MainMenu.MainMenu to /Game/Maps/UEDPIE_0_MainMenu.MainMenu (0.002053s)
[2018.08.29-03.14.44:903][683]LogInit: XAudio2 using 'VX2370 SERIES (NVIDIA High Definition Audio)' : 2 channels at 48 kHz using 16 bits per sample (channel mask 0x3)
[2018.08.29-03.14.44:910][683]LogInit: FAudioDevice initialized.
[2018.08.29-03.14.44:941][683]LogLoad: Game class is 'Maze_3D_MenuMode'
[2018.08.29-03.14.44:942][683]LogWorld: Bringing World /Game/Maps/UEDPIE_0_MainMenu.MainMenu up for play (max tick rate 0) at 2018.08.28-20.14.44
[2018.08.29-03.14.44:942][683]LogWorld: Bringing up level for play took: 0.000328
[2018.08.29-03.14.44:955][683]PIE: Play in editor start time for /Game/Maps/UEDPIE_0_MainMenu -0.008
[2018.08.29-03.14.44:956][683]LogBlueprintUserMessages: Late PlayInEditor Detection: Level '/Game/Maps/MainMenu.MainMenu:PersistentLevel' has LevelScriptBlueprint '/Game/Maps/MainMenu.MainMenu:PersistentLevel.MainMenu' with GeneratedClass '/Game/Maps/MainMenu.MainMenu_C' with ClassGeneratedBy '/Game/Maps/MainMenu.MainMenu:PersistentLevel.MainMenu'
[2018.08.29-03.14.45:661][767]LogSlate: FSceneViewport::OnFocusLost() reason 0
[2018.08.29-03.14.45:745][777]LogNet: Browse: /Game/Maps/Maze
[2018.08.29-03.14.45:745][777]LogLoad: LoadMap: /Game/Maps/Maze
[2018.08.29-03.14.45:836][777]LogAIModule: Creating AISystem for world Maze
[2018.08.29-03.14.45:837][777]LogLoad: Game class is 'Maze_3D_GameMode'
[2018.08.29-03.14.45:839][777]LogWorld: Bringing World /Game/Maps/UEDPIE_0_Maze.Maze up for play (max tick rate 0) at 2018.08.28-20.14.45
[2018.08.29-03.14.45:839][777]LogWorld: Bringing up level for play took: 0.001534
[2018.08.29-03.14.45:839][777]LogGameMode: FindPlayerStart: PATHS NOT DEFINED or NO PLAYERSTART with positive rating
[2018.08.29-03.14.45:874][777]LogLoad: Took 0.129143 seconds to LoadMap(/Game/Maps/Maze)
[2018.08.29-03.15.27:551][592]LogSlate: FSceneViewport::OnFocusLost() reason 2
[2018.08.29-03.16.02:301][ 23]LogBlueprintUserMessages: Early EndPlayMap Detection: Level '/Game/Maps/MainMenu.MainMenu:PersistentLevel' has LevelScriptBlueprint '/Game/Maps/MainMenu.MainMenu:PersistentLevel.MainMenu' with GeneratedClass '/Game/Maps/MainMenu.MainMenu_C' with ClassGeneratedBy '/Game/Maps/MainMenu.MainMenu:PersistentLevel.MainMenu'
[2018.08.29-03.16.02:302][ 23]LogSlate: Updating window title bar state: overlay mode, drag disabled, window buttons hidden, title bar hidden
[2018.08.29-03.16.02:357][ 23]LogPlayLevel: Display: Shutting down PIE online subsystems
[2018.08.29-03.16.02:358][ 23]LogBlueprintUserMessages: Late EndPlayMap Detection: Level '/Game/Maps/MainMenu.MainMenu:PersistentLevel' has LevelScriptBlueprint '/Game/Maps/MainMenu.MainMenu:PersistentLevel.MainMenu' with GeneratedClass '/Game/Maps/MainMenu.MainMenu_C' with ClassGeneratedBy '/Game/Maps/MainMenu.MainMenu:PersistentLevel.MainMenu'
[2018.08.29-03.16.02:384][ 23]LogSlate: Updating window title bar state: overlay mode, drag disabled, window buttons hidden, title bar hidden
[2018.08.29-03.16.02:404][ 25]LogPlayLevel: Display: Destroying online subsystem :Context_5
[2018.08.29-03.16.34:231][525]LogSlate: FSceneViewport::OnFocusLost() reason 0
[2018.08.29-03.16.34:373][539]Candidate modules for hot reload:
[2018.08.29-03.16.34:374][539]  Maze_3D
[2018.08.29-03.16.34:374][539]Launching UnrealBuildTool... [D:/Epic Games/UE_4.20/Engine/Binaries/DotNET/UnrealBuildTool.exe  -ModuleWithSuffix=Maze_3D,8447 Win64 Development -TargetType=Editor -Project="../../../../../My Files/The Documents/Unreal Projects/Maze_3D/Maze_3D.uproject" -canskiplink "D:/My Files/The Documents/Unreal Projects/Maze_3D/Maze_3D.uproject" ]
[2018.08.29-03.16.34:378][539]Warning: Starting HotReload took  0.0s.
[2018.08.29-03.16.38:524][ 37]CompilerResultsLog: New page: Compilation - Aug 28, 2018, 1:16:38 PM
[2018.08.29-03.16.38:524][ 37]CompilerResultsLog: Compiling game modules for hot reload
[2018.08.29-03.16.38:524][ 37]CompilerResultsLog: Building 3 actions with 8 processes...
[2018.08.29-03.16.38:524][ 37]CompilerResultsLog:   Maze.cpp
[2018.08.29-03.16.38:524][ 37]CompilerResultsLog:   UE4Editor-Maze_3D-8447.lib
[2018.08.29-03.16.38:525][ 37]CompilerResultsLog:      Creating library D:\My Files\The Documents\Unreal Projects\Maze_3D\Intermediate\Build\Win64\UE4Editor\Development\Maze_3D\UE4Editor-Maze_3D-8447.lib and object D:\My Files\The Documents\Unreal Projects\Maze_3D\Intermediate\Build\Win64\UE4Editor\Development\Maze_3D\UE4Editor-Maze_3D-8447.exp
[2018.08.29-03.16.38:525][ 37]CompilerResultsLog:   UE4Editor-Maze_3D-8447.dll
[2018.08.29-03.16.38:525][ 37]CompilerResultsLog:      Creating library D:\My Files\The Documents\Unreal Projects\Maze_3D\Intermediate\Build\Win64\UE4Editor\Development\Maze_3D\UE4Editor-Maze_3D-8447.suppressed.lib and object D:\My Files\The Documents\Unreal Projects\Maze_3D\Intermediate\Build\Win64\UE4Editor\Development\Maze_3D\UE4Editor-Maze_3D-8447.suppressed.exp
[2018.08.29-03.16.38:525][ 37]CompilerResultsLog: Total build time: 3.86 seconds (Parallel executor: 2.05 seconds)
[2018.08.29-03.16.38:525][ 37]LogMainFrame: MainFrame: Module compiling took 4.160 seconds
[2018.08.29-03.16.38:572][ 37]LogContentBrowser: Native class hierarchy updated for 'Maze_3D' in 0.0005 seconds. Added 9 classes and 2 folders.
[2018.08.29-03.16.38:575][ 37]Display: HotReload successful (10 functions remapped  0 scriptstructs remapped)
[2018.08.29-03.16.38:875][ 37]LogContentBrowser: Native class hierarchy populated in 0.0088 seconds. Added 2582 classes and 607 folders.
[2018.08.29-03.16.38:875][ 37]Display: HotReload took  4.5s.
[2018.08.29-03.16.41:128][307]LogTemp: Repeating last play command: Selected Viewport
[2018.08.29-03.16.41:143][307]LogBlueprintUserMessages: Early PlayInEditor Detection: Level '/Game/Maps/MainMenu.MainMenu:PersistentLevel' has LevelScriptBlueprint '/Game/Maps/MainMenu.MainMenu:PersistentLevel.MainMenu' with GeneratedClass '/Game/Maps/MainMenu.MainMenu_C' with ClassGeneratedBy '/Game/Maps/MainMenu.MainMenu:PersistentLevel.MainMenu'
[2018.08.29-03.16.41:143][307]LogPlayLevel: PlayLevel: No blueprints needed recompiling
[2018.08.29-03.16.41:143][307]PIE: New page: PIE session: MainMenu (Aug 28, 2018, 1:16:41 PM)
[2018.08.29-03.16.41:143][307]LogPlayLevel: Creating play world package: /Game/Maps/UEDPIE_0_MainMenu
[2018.08.29-03.16.41:144][307]LogPlayLevel: PIE: StaticDuplicateObject took: (0.001095s)
[2018.08.29-03.16.41:145][307]LogAIModule: Creating AISystem for world MainMenu
[2018.08.29-03.16.41:145][307]LogPlayLevel: PIE: World Init took: (0.000698s)
[2018.08.29-03.16.41:145][307]LogPlayLevel: PIE: Created PIE world by copying editor world from /Game/Maps/MainMenu.MainMenu to /Game/Maps/UEDPIE_0_MainMenu.MainMenu (0.001891s)
[2018.08.29-03.16.41:202][307]LogInit: XAudio2 using 'VX2370 SERIES (NVIDIA High Definition Audio)' : 2 channels at 48 kHz using 16 bits per sample (channel mask 0x3)
[2018.08.29-03.16.41:209][307]LogInit: FAudioDevice initialized.
[2018.08.29-03.16.41:237][307]LogLoad: Game class is 'Maze_3D_MenuMode'
[2018.08.29-03.16.41:238][307]LogWorld: Bringing World /Game/Maps/UEDPIE_0_MainMenu.MainMenu up for play (max tick rate 0) at 2018.08.28-20.16.41
[2018.08.29-03.16.41:238][307]LogWorld: Bringing up level for play took: 0.000387
[2018.08.29-03.16.41:252][307]PIE: Play in editor start time for /Game/Maps/UEDPIE_0_MainMenu 0.288
[2018.08.29-03.16.41:252][307]LogBlueprintUserMessages: Late PlayInEditor Detection: Level '/Game/Maps/MainMenu.MainMenu:PersistentLevel' has LevelScriptBlueprint '/Game/Maps/MainMenu.MainMenu:PersistentLevel.MainMenu' with GeneratedClass '/Game/Maps/MainMenu.MainMenu_C' with ClassGeneratedBy '/Game/Maps/MainMenu.MainMenu:PersistentLevel.MainMenu'
[2018.08.29-03.16.42:364][440]LogSlate: FSceneViewport::OnFocusLost() reason 0
[2018.08.29-03.16.42:431][448]LogNet: Browse: /Game/Maps/Maze
[2018.08.29-03.16.42:431][448]LogLoad: LoadMap: /Game/Maps/Maze
[2018.08.29-03.16.42:528][448]LogAIModule: Creating AISystem for world Maze
[2018.08.29-03.16.42:528][448]LogLoad: Game class is 'Maze_3D_GameMode'
[2018.08.29-03.16.42:530][448]LogWorld: Bringing World /Game/Maps/UEDPIE_0_Maze.Maze up for play (max tick rate 0) at 2018.08.28-20.16.42
[2018.08.29-03.16.42:530][448]LogWorld: Bringing up level for play took: 0.001187
[2018.08.29-03.16.42:530][448]LogGameMode: FindPlayerStart: PATHS NOT DEFINED or NO PLAYERSTART with positive rating
[2018.08.29-03.16.43:693][448]LogWindows: Error: === Critical error: ===
[2018.08.29-03.16.43:693][448]LogWindows: Error: 
[2018.08.29-03.16.43:693][448]LogWindows: Error: Fatal error!
[2018.08.29-03.16.43:693][448]LogWindows: Error: 
[2018.08.29-03.16.43:693][448]LogWindows: Error: Unhandled Exception: EXCEPTION_ACCESS_VIOLATION writing address 0x000003fa
[2018.08.29-03.16.43:693][448]LogWindows: Error: 
[2018.08.29-03.16.43:693][448]LogWindows: Error: [Callstack] 0x00007fff7824a200 UE4Editor-Maze_3D-8447.dll!ATile::AddElevator() [d:\my files\the documents\unreal projects\maze_3d\source\maze_3d\tile.cpp:71]
[2018.08.29-03.16.43:693][448]LogWindows: Error: [Callstack] 0x00007fff7824531a UE4Editor-Maze_3D-8447.dll!AMaze::CreateElevator() [d:\my files\the documents\unreal projects\maze_3d\source\maze_3d\maze.cpp:661]
[2018.08.29-03.16.43:693][448]LogWindows: Error: [Callstack] 0x00007fff78244d1d UE4Editor-Maze_3D-8447.dll!AMaze::BuildMaze() [d:\my files\the documents\unreal projects\maze_3d\source\maze_3d\maze.cpp:136]
[2018.08.29-03.16.43:693][448]LogWindows: Error: [Callstack] 0x00007fff5499a702 UE4Editor-Engine.dll!UnknownFunction []
[2018.08.29-03.16.43:693][448]LogWindows: Error: [Callstack] 0x00007fff55cf3759 UE4Editor-Engine.dll!UnknownFunction []
[2018.08.29-03.16.43:693][448]LogWindows: Error: [Callstack] 0x00007fff550b3bf1 UE4Editor-Engine.dll!UnknownFunction []
[2018.08.29-03.16.43:693][448]LogWindows: Error: [Callstack] 0x00007fff55cd7aae UE4Editor-Engine.dll!UnknownFunction []
[2018.08.29-03.16.43:693][448]LogWindows: Error: [Callstack] 0x00007fff55be019d UE4Editor-Engine.dll!UnknownFunction []
[2018.08.29-03.16.43:693][448]LogWindows: Error: [Callstack] 0x00007fff55b71bc3 UE4Editor-Engine.dll!UnknownFunction []
[2018.08.29-03.16.43:693][448]LogWindows: Error: [Callstack] 0x00007fff55c15f0d UE4Editor-Engine.dll!UnknownFunction []
[2018.08.29-03.16.43:693][448]LogWindows: Error: [Callstack] 0x00007fff52fc6e62 UE4Editor-UnrealEd.dll!UnknownFunction []
[2018.08.29-03.16.43:693][448]LogWindows: Error: [Callstack] 0x00007fff538bf0d6 UE4Editor-UnrealEd.dll!UnknownFunction []
[2018.08.29-03.16.43:693][448]LogWindows: Error: [Callstack] 0x00007ff700b95cbd UE4Editor.exe!UnknownFunction []
[2018.08.29-03.16.43:693][448]LogWindows: Error: [Callstack] 0x00007ff700ba5b3c UE4Editor.exe!UnknownFunction []
[2018.08.29-03.16.43:693][448]LogWindows: Error: [Callstack] 0x00007ff700ba5bba UE4Editor.exe!UnknownFunction []
[2018.08.29-03.16.43:693][448]LogWindows: Error: [Callstack] 0x00007ff700bb3dac UE4Editor.exe!UnknownFunction []
[2018.08.29-03.16.43:693][448]LogWindows: Error: [Callstack] 0x00007ff700bb5aaa UE4Editor.exe!UnknownFunction []
[2018.08.29-03.16.43:693][448]LogWindows: Error: [Callstack] 0x00007fffa3f23034 KERNEL32.DLL!UnknownFunction []
[2018.08.29-03.16.43:693][448]LogWindows: Error: [Callstack] 0x00007fffa67f1431 ntdll.dll!UnknownFunction []
[2018.08.29-03.16.43:693][448]LogWindows: Error: 
[2018.08.29-03.16.43:703][448]LogExit: Executing StaticShutdownAfterError
[2018.08.29-03.16.43:706][448]LogWindows: FPlatformMisc::RequestExit(1)
[2018.08.29-03.16.43:717][448]Log file closed, 08/28/18 20:16:43
