Log file open, 08/28/18 19:43:47
LogWindows: Failed to load 'aqProf.dll' (GetLastError=126)
LogWindows: File 'aqProf.dll' does not exist
LogWindows: Failed to load 'VtuneApi.dll' (GetLastError=126)
LogWindows: File 'VtuneApi.dll' does not exist
LogWindows: Failed to load 'VtuneApi32e.dll' (GetLastError=126)
LogWindows: File 'VtuneApi32e.dll' does not exist
LogInit: Display: Running engine for game: Maze_3D
LogPlatformFile: Not using cached read wrapper
LogTaskGraph: Started task graph with 5 named threads and 23 total threads with 3 sets of task threads.
LogStats: Stats thread started at 0.270885
LogD3D11RHI: Loaded GFSDK_Aftermath_Lib.x64.dll
LogICUInternationalization: Display: ICU TimeZone Detection - Raw Offset: -8:00, Platform Override: ''
LogPluginManager: Mounting plugin Paper2D
LogPluginManager: Mounting plugin AISupport
LogPluginManager: Mounting plugin LightPropagationVolume
LogPluginManager: Mounting plugin CLionSourceCodeAccess
LogPluginManager: Mounting plugin CodeLiteSourceCodeAccess
LogPluginManager: Mounting plugin GitSourceControl
LogPluginManager: Mounting plugin KDevelopSourceCodeAccess
LogPluginManager: Mounting plugin NullSourceCodeAccess
LogPluginManager: Mounting plugin PerforceSourceControl
LogPluginManager: Mounting plugin SubversionSourceControl
LogPluginManager: Mounting plugin UObjectPlugin
LogPluginManager: Mounting plugin VisualStudioCodeSourceCodeAccess
LogPluginManager: Mounting plugin VisualStudioSourceCodeAccess
LogPluginManager: Mounting plugin XCodeSourceCodeAccess
LogPluginManager: Mounting plugin AssetManagerEditor
LogPluginManager: Mounting plugin CryptoKeys
LogPluginManager: Mounting plugin DataValidation
LogPluginManager: Mounting plugin FacialAnimation
LogPluginManager: Mounting plugin GameplayTagsEditor
LogPluginManager: Mounting plugin MacGraphicsSwitching
LogPluginManager: Mounting plugin MeshEditor
LogPluginManager: Mounting plugin MobileLauncherProfileWizard
LogPluginManager: Mounting plugin PluginBrowser
LogPluginManager: Mounting plugin SpeedTreeImporter
LogPluginManager: Mounting plugin DatasmithContent
LogPluginManager: Mounting plugin AlembicImporter
LogPluginManager: Mounting plugin AppleImageUtils
LogPluginManager: Mounting plugin AppleVision
LogPluginManager: Mounting plugin BackChannel
LogPluginManager: Mounting plugin CharacterAI
LogPluginManager: Mounting plugin GeometryCache
LogPluginManager: Mounting plugin HTML5Networking
LogPluginManager: Mounting plugin ProxyLODPlugin
LogPluginManager: Mounting plugin MagicLeap
LogPluginManager: Mounting plugin MagicLeapEmulator
LogPluginManager: Mounting plugin MagicLeapMedia
LogPluginManager: Mounting plugin AndroidMedia
LogPluginManager: Mounting plugin AvfMedia
LogPluginManager: Mounting plugin ImgMedia
LogPluginManager: Mounting plugin LinearTimecode
LogPluginManager: Mounting plugin MediaCompositing
LogPluginManager: Mounting plugin MediaPlayerEditor
LogPluginManager: Mounting plugin WmfMedia
LogPluginManager: Mounting plugin TcpMessaging
LogPluginManager: Mounting plugin UdpMessaging
LogPluginManager: Mounting plugin ActorSequence
LogPluginManager: Mounting plugin LevelSequenceEditor
LogPluginManager: Mounting plugin MatineeToLevelSequence
LogPluginManager: Mounting plugin NetcodeUnitTest
LogPluginManager: Mounting plugin NUTUnrealEngine4
LogPluginManager: Mounting plugin OnlineSubsystemGooglePlay
LogPluginManager: Mounting plugin OnlineSubsystemIOS
LogPluginManager: Mounting plugin OnlineSubsystem
LogPluginManager: Mounting plugin OnlineSubsystemNull
LogPluginManager: Mounting plugin OnlineSubsystemUtils
LogPluginManager: Mounting plugin LauncherChunkInstaller
LogPluginManager: Mounting plugin AndroidDeviceProfileSelector
LogPluginManager: Mounting plugin AndroidMoviePlayer
LogPluginManager: Mounting plugin AndroidPermission
LogPluginManager: Mounting plugin AppleMoviePlayer
LogPluginManager: Mounting plugin ArchVisCharacter
LogPluginManager: Mounting plugin AudioCapture
LogPluginManager: Mounting plugin CableComponent
LogPluginManager: Mounting plugin CustomMeshComponent
LogPluginManager: Mounting plugin EditableMesh
LogPluginManager: Mounting plugin ExampleDeviceProfileSelector
LogPluginManager: Mounting plugin GoogleCloudMessaging
LogPluginManager: Mounting plugin ImmediatePhysics
LogPluginManager: Mounting plugin IOSDeviceProfileSelector
LogPluginManager: Mounting plugin LinuxDeviceProfileSelector
LogPluginManager: Mounting plugin LocationServicesBPLibrary
LogPluginManager: Mounting plugin MobilePatchingUtils
LogPluginManager: Mounting plugin OculusVR
LogPluginManager: Plugin shader directory ../../../Engine/Plugins/Runtime/Oculus/OculusVR/Shaders found
LogPluginManager: Mapping shader source directory ../../../Engine/Plugins/Runtime/Oculus/OculusVR/Shaders to virtual directory /Plugin/OculusVR
LogPluginManager: Mounting plugin PhysXVehicles
LogPluginManager: Mounting plugin ProceduralMeshComponent
LogPluginManager: Mounting plugin RuntimePhysXCooking
LogPluginManager: Mounting plugin SteamVR
LogPluginManager: Mounting plugin WindowsMoviePlayer
LogStreaming: Display: Took  0.173s to configure plugins.
LogInit: Using libcurl 7.55.1-DEV
LogInit:  - built for x86_64-pc-win32
LogInit:  - supports SSL with OpenSSL/1.0.2h
LogInit:  - supports HTTP deflate (compression) using libz 1.2.8
LogInit:  - other features:
LogInit:      CURL_VERSION_SSL
LogInit:      CURL_VERSION_LIBZ
LogInit:      CURL_VERSION_IPV6
LogInit:      CURL_VERSION_ASYNCHDNS
LogInit:      CURL_VERSION_LARGEFILE
LogInit:      CURL_VERSION_IDN
LogInit:  CurlRequestOptions (configurable via config and command line):
LogInit:  - bVerifyPeer = false  - Libcurl will NOT verify peer certificate
LogInit:  - bUseHttpProxy = false  - Libcurl will NOT use HTTP proxy
LogInit:  - bDontReuseConnections = false  - Libcurl will reuse connections
LogInit:  - CertBundlePath = nullptr  - Libcurl will use whatever was configured at build time.
LogInit:  - MaxHostConnections = 16  - Libcurl will limit the number of connections to a host
LogInit:  - LocalHostAddr = Default
LogInit:  - BufferSize = 65536
LogInit: WinSock: version 1.1 (2.2), MaxSocks=32767, MaxUdp=65467
LogInit: Build: ++UE4+Release-4.20-CL-4233996
LogInit: Engine Version: 4.20.1-4233996+++UE4+Release-4.20
LogInit: Compatible Engine Version: 4.20.0-4212847+++UE4+Release-4.20
LogInit: Net CL: 4212847
LogInit: OS: Windows 10 (), CPU: Intel(R) Core(TM) i7-6700 CPU @ 3.40GHz, GPU: NVIDIA GeForce GTX 1060 6GB
LogInit: Compiled (64-bit): Jul 26 2018 10:07:30
LogInit: Compiled with Visual C++: 19.13.26129.00
LogInit: Build Configuration: Development
LogInit: Branch Name: ++UE4+Release-4.20
LogInit: Command Line:  
LogInit: Base Directory: D:/Epic Games/UE_4.20/Engine/Binaries/Win64/
LogInit: Installed Engine Build: 1
LogDevObjectVersion: Number of dev versions registered: 20
LogDevObjectVersion:   Dev-Blueprints (B0D832E4-1F89-4F0D-ACCF-7EB736FD4AA2): 10
LogDevObjectVersion:   Dev-Build (E1C64328-A22C-4D53-A36C-8E866417BD8C): 0
LogDevObjectVersion:   Dev-Core (375EC13C-06E4-48FB-B500-84F0262A717E): 2
LogDevObjectVersion:   Dev-Editor (E4B068ED-F494-42E9-A231-DA0B2E46BB41): 24
LogDevObjectVersion:   Dev-Framework (CFFC743F-43B0-4480-9391-14DF171D2073): 34
LogDevObjectVersion:   Dev-Mobile (B02B49B5-BB20-44E9-A304-32B752E40360): 2
LogDevObjectVersion:   Dev-Networking (A4E4105C-59A1-49B5-A7C5-40C4547EDFEE): 0
LogDevObjectVersion:   Dev-Online (39C831C9-5AE6-47DC-9A44-9C173E1C8E7C): 0
LogDevObjectVersion:   Dev-Physics (78F01B33-EBEA-4F98-B9B4-84EACCB95AA2): 0
LogDevObjectVersion:   Dev-Platform (6631380F-2D4D-43E0-8009-CF276956A95A): 0
LogDevObjectVersion:   Dev-Rendering (12F88B9F-8875-4AFC-A67C-D90C383ABD29): 26
LogDevObjectVersion:   Dev-Sequencer (7B5AE74C-D270-4C10-A958-57980B212A5A): 9
LogDevObjectVersion:   Dev-VR (D7296918-1DD6-4BDD-9DE2-64A83CC13884): 2
LogDevObjectVersion:   Dev-LoadTimes (C2A15278-BFE7-4AFE-6C17-90FF531DF755): 1
LogDevObjectVersion:   Private-Geometry (6EACA3D4-40EC-4CC1-B786-8BED09428FC5): 3
LogDevObjectVersion:   Dev-AnimPhys (29E575DD-E0A3-4627-9D10-D276232CDCEA): 17
LogDevObjectVersion:   Dev-ReflectionCapture (6B266CEC-1EC7-4B8F-A30B-E4D90942FC07): 1
LogDevObjectVersion:   Dev-Automation (0DF73D61-A23F-47EA-B727-89E90C41499A): 1
LogDevObjectVersion:   FortniteMain (601D1886-AC64-4F84-AA16-D3DE0DEAC7D6): 12
LogDevObjectVersion:   Dev-Enterprise (9DFFBCD6-494F-0158-E221-12823C92A888): 1
LogStreaming: Display: Took  0.002s to delete old logs.
LogInit: Presizing for max 8388607 objects, including 0 objects not considered by GC, pre-allocating 0 bytes for permanent pool.
LogInit: Object subsystem initialized
[2018.08.29-02.43.47:634][  0]LogInit: Selected Device Profile: [Windows]
[2018.08.29-02.43.47:634][  0]LogInit: Applying CVar settings loaded from the selected device profile: [Windows]
[2018.08.29-02.43.47:644][  0]LogHAL: Display: Platform has ~ 16 GB [17136615424 / 17179869184 / 16], which maps to Larger [LargestMinGB=32, LargerMinGB=12, DefaultMinGB=8, SmallerMinGB=6, SmallestMinGB=0)
[2018.08.29-02.43.47:645][  0]LogInit: Setting Device Profile CVar: [[r.Vulkan.UseRealUBs:1]]
[2018.08.29-02.43.47:645][  0]LogInit: Going up to parent DeviceProfile []
[2018.08.29-02.43.47:645][  0]LogInit: Computer: IRONSIDE
[2018.08.29-02.43.47:645][  0]LogInit: User: User
[2018.08.29-02.43.47:645][  0]LogInit: CPU Page size=4096, Cores=4
[2018.08.29-02.43.47:645][  0]LogInit: High frequency timer resolution =3.328128 MHz
[2018.08.29-02.43.47:645][  0]LogMemory: Memory total: Physical=16.0GB (16GB approx)
[2018.08.29-02.43.47:645][  0]LogMemory: Platform Memory Stats for Windows
[2018.08.29-02.43.47:645][  0]LogMemory: Process Physical Memory: 102.05 MB used, 102.05 MB peak
[2018.08.29-02.43.47:645][  0]LogMemory: Process Virtual Memory: 89.39 MB used, 89.39 MB peak
[2018.08.29-02.43.47:645][  0]LogMemory: Physical Memory: 7089.83 MB used,  9252.92 MB free, 16342.75 MB total
[2018.08.29-02.43.47:645][  0]LogMemory: Virtual Memory: 4638.79 MB used,  9252.92 MB free, 134217728.00 MB total
[2018.08.29-02.43.47:666][  0]LogInit: Using OS detected language (en-US).
[2018.08.29-02.43.47:666][  0]LogInit: Using OS detected locale (en-US).
[2018.08.29-02.43.47:667][  0]LogTextLocalizationManager: No specific localization for 'en-US' exists, so the 'en' localization will be used.
[2018.08.29-02.43.48:036][  0]LogStreaming: Display: Took  0.370s to InitEngineTextLocalization.
[2018.08.29-02.43.48:036][  0]LogInit: Setting process to per monitor DPI aware
[2018.08.29-02.43.48:076][  0]LogSlate: New Slate User Created.  User Index 0, Is Virtual User: 0
[2018.08.29-02.43.48:076][  0]LogSlate: Slate User Registered.  User Index 0, Is Virtual User: 0
[2018.08.29-02.43.48:359][  0]LogHMD: Failed to initialize OpenVR with code 110
[2018.08.29-02.43.48:359][  0]LogD3D11RHI: D3D11 adapters:
[2018.08.29-02.43.48:412][  0]LogD3D11RHI:    0. 'NVIDIA GeForce GTX 1060 6GB' (Feature Level 11_0)
[2018.08.29-02.43.48:412][  0]LogD3D11RHI:       6052/0/8171 MB DedicatedVideo/DedicatedSystem/SharedSystem, Outputs:2, VendorId:0x10de
[2018.08.29-02.43.48:414][  0]LogD3D11RHI:    1. 'Microsoft Basic Render Driver' (Feature Level 11_0)
[2018.08.29-02.43.48:414][  0]LogD3D11RHI:       0/0/8171 MB DedicatedVideo/DedicatedSystem/SharedSystem, Outputs:0, VendorId:0x1414
[2018.08.29-02.43.48:414][  0]LogD3D11RHI: Chosen D3D11 Adapter: 0
[2018.08.29-02.43.48:420][  0]LogD3D11RHI: Creating new Direct3DDevice
[2018.08.29-02.43.48:420][  0]LogD3D11RHI:     GPU DeviceId: 0x1c03 (for the marketing name, search the web for "GPU Device Id")
[2018.08.29-02.43.48:420][  0]LogWindows: EnumDisplayDevices:
[2018.08.29-02.43.48:420][  0]LogWindows:    0. 'NVIDIA GeForce GTX 1060 6GB' (P:1 D:1)
[2018.08.29-02.43.48:420][  0]LogWindows:    1. 'NVIDIA GeForce GTX 1060 6GB' (P:0 D:1)
[2018.08.29-02.43.48:420][  0]LogWindows:    2. 'NVIDIA GeForce GTX 1060 6GB' (P:0 D:0)
[2018.08.29-02.43.48:420][  0]LogWindows:    3. 'NVIDIA GeForce GTX 1060 6GB' (P:0 D:0)
[2018.08.29-02.43.48:420][  0]LogWindows: DebugString: FoundDriverCount:4 
[2018.08.29-02.43.48:420][  0]LogD3D11RHI:     Adapter Name: NVIDIA GeForce GTX 1060 6GB
[2018.08.29-02.43.48:420][  0]LogD3D11RHI:   Driver Version: 398.36 (internal:24.21.13.9836, unified:398.36)
[2018.08.29-02.43.48:420][  0]LogD3D11RHI:      Driver Date: 6-24-2018
[2018.08.29-02.43.48:420][  0]LogRHI: Texture pool is 4236 MB (70% of 6052 MB)
[2018.08.29-02.43.48:454][  0]LogD3D11RHI: Async texture creation enabled
[2018.08.29-02.43.48:471][  0]LogD3D11RHI: GPU Timing Frequency: 1000.000000 (Debug: 2 2)
[2018.08.29-02.43.48:521][  0]LogShaderCompilers: Guid format shader working directory is -15 characters bigger than the processId version (../../../../../My Files/The Documents/Unreal Projects/Maze_3D/Intermediate/Shaders/WorkingDirectory/228/).
[2018.08.29-02.43.48:521][  0]LogShaderCompilers: Cleaned the shader compiler working directory 'C:/Users/User/AppData/Local/Temp/UnrealShaderWorkingDir/57B1376A484F6AC5C6486CA8C0D7BE0E/'.
[2018.08.29-02.43.48:924][  0]LogTemp: Display: Loaded TP AllDesktopTargetPlatform
[2018.08.29-02.43.48:936][  0]LogTemp: Display: Loaded TP MacClientTargetPlatform
[2018.08.29-02.43.48:949][  0]LogTemp: Display: Loaded TP MacNoEditorTargetPlatform
[2018.08.29-02.43.48:961][  0]LogTemp: Display: Loaded TP MacServerTargetPlatform
[2018.08.29-02.43.48:975][  0]LogTemp: Display: Loaded TP MacTargetPlatform
[2018.08.29-02.43.48:987][  0]LogTemp: Display: Loaded TP WindowsClientTargetPlatform
[2018.08.29-02.43.49:000][  0]LogTemp: Display: Loaded TP WindowsNoEditorTargetPlatform
[2018.08.29-02.43.49:012][  0]LogTemp: Display: Loaded TP WindowsServerTargetPlatform
[2018.08.29-02.43.49:018][  0]LogTemp: Display: Loaded TP WindowsTargetPlatform
[2018.08.29-02.43.49:090][  0]LogTemp: Display: Loaded TP AndroidTargetPlatform
[2018.08.29-02.43.49:090][  0]LogTemp: Display: Loaded TP AndroidTargetPlatform
[2018.08.29-02.43.49:090][  0]LogTemp: Display: Loaded TP AndroidTargetPlatform
[2018.08.29-02.43.49:090][  0]LogTemp: Display: Loaded TP AndroidTargetPlatform
[2018.08.29-02.43.49:090][  0]LogTemp: Display: Loaded TP AndroidTargetPlatform
[2018.08.29-02.43.49:090][  0]LogTemp: Display: Loaded TP AndroidTargetPlatform
[2018.08.29-02.43.49:090][  0]LogTemp: Display: Loaded TP AndroidTargetPlatform
[2018.08.29-02.43.49:090][  0]LogTemp: Display: Loaded TP AndroidTargetPlatform
[2018.08.29-02.43.49:090][  0]LogTemp: Display: Loaded TP AndroidTargetPlatform
[2018.08.29-02.43.49:090][  0]LogTemp: Display: Loaded TP AndroidTargetPlatform
[2018.08.29-02.43.49:090][  0]LogTemp: Display: Loaded TP AndroidTargetPlatform
[2018.08.29-02.43.49:090][  0]LogTemp: Display: Loaded TP AndroidTargetPlatform
[2018.08.29-02.43.49:090][  0]LogTemp: Display: Loaded TP AndroidTargetPlatform
[2018.08.29-02.43.49:090][  0]LogTemp: Display: Loaded TP AndroidTargetPlatform
[2018.08.29-02.43.49:090][  0]LogTemp: Display: Loaded TP AndroidTargetPlatform
[2018.08.29-02.43.49:090][  0]LogTemp: Display: Loaded TP AndroidTargetPlatform
[2018.08.29-02.43.49:090][  0]LogTemp: Display: Loaded TP AndroidTargetPlatform
[2018.08.29-02.43.49:090][  0]LogTemp: Display: Loaded TP AndroidTargetPlatform
[2018.08.29-02.43.49:091][  0]LogTemp: Display: Loaded TP HTML5TargetPlatform
[2018.08.29-02.43.49:150][  0]LogTemp: Display: Loaded TP IOSTargetPlatform
[2018.08.29-02.43.49:150][  0]LogTemp: Display: Loaded TP IOSTargetPlatform
[2018.08.29-02.43.49:172][  0]LogTemp: Display: Loaded TP TVOSTargetPlatform
[2018.08.29-02.43.49:172][  0]LogTemp: Display: Loaded TP TVOSTargetPlatform
[2018.08.29-02.43.49:185][  0]LogTemp: Display: Loaded TP LinuxClientTargetPlatform
[2018.08.29-02.43.49:197][  0]LogTemp: Display: Loaded TP LinuxNoEditorTargetPlatform
[2018.08.29-02.43.49:209][  0]LogTemp: Display: Loaded TP LinuxServerTargetPlatform
[2018.08.29-02.43.49:222][  0]LogTemp: Display: Loaded TP LinuxTargetPlatform
[2018.08.29-02.43.49:230][  0]LogTemp: Display: Loaded TP LuminTargetPlatform
[2018.08.29-02.43.49:231][  0]LogTargetPlatformManager: Display: Building Assets For Windows
[2018.08.29-02.43.49:283][  0]LogXGEController: Cleaning working directory: C:/Users/User/AppData/Local/Temp/UnrealXGEWorkingDir/
[2018.08.29-02.43.49:283][  0]LogXGEController: Cannot use XGE Controller as Incredibuild is not installed on this machine.
[2018.08.29-02.43.49:283][  0]LogShaderCompilers: Cannot use XGE Shader Compiler as Incredibuild is not installed on this machine.
[2018.08.29-02.43.49:283][  0]LogShaderCompilers: Display: Using Local Shader Compiler.
[2018.08.29-02.43.49:924][  0]LogDerivedDataCache: Display: Max Cache Size: 512 MB
[2018.08.29-02.43.49:982][  0]LogDerivedDataCache: Loaded boot cache 0.06s 74MB C:/Users/User/AppData/Local/UnrealEngine/4.20/DerivedDataCache/Boot.ddc.
[2018.08.29-02.43.49:983][  0]LogDerivedDataCache: Display: Loaded Boot cache: C:/Users/User/AppData/Local/UnrealEngine/4.20/DerivedDataCache/Boot.ddc
[2018.08.29-02.43.49:983][  0]LogDerivedDataCache: FDerivedDataBackendGraph:  Pak pak cache file ../../../../../My Files/The Documents/Unreal Projects/Maze_3D/DerivedDataCache/DDC.ddp not found, will not use a pak cache.
[2018.08.29-02.43.49:983][  0]LogDerivedDataCache: Unable to find inner node Pak for hierarchical cache Hierarchy.
[2018.08.29-02.43.49:983][  0]LogDerivedDataCache: FDerivedDataBackendGraph:  CompressedPak pak cache file ../../../../../My Files/The Documents/Unreal Projects/Maze_3D/DerivedDataCache/Compressed.ddp not found, will not use a pak cache.
[2018.08.29-02.43.49:983][  0]LogDerivedDataCache: Unable to find inner node CompressedPak for hierarchical cache Hierarchy.
[2018.08.29-02.43.49:995][  0]LogDerivedDataCache: Display: Pak cache opened for reading ../../../Engine/DerivedDataCache/Compressed.ddp.
[2018.08.29-02.43.50:008][  0]LogDerivedDataCache: Using Local data cache path C:/Users/User/AppData/Local/UnrealEngine/Common/DerivedDataCache: Writable
[2018.08.29-02.43.50:008][  0]LogDerivedDataCache: Shared data cache path not found in *engine.ini, will not use an Shared cache.
[2018.08.29-02.43.50:008][  0]LogDerivedDataCache: Unable to find inner node Shared for hierarchical cache Hierarchy.
[2018.08.29-02.43.50:025][  0]LogMaterial: Verifying Global Shaders for PCD3D_SM5
[2018.08.29-02.43.50:026][  0]LogSlate: Using FreeType 2.6.0
[2018.08.29-02.43.50:027][  0]LogSlate: SlateFontServices - WITH_FREETYPE: 1, WITH_HARFBUZZ: 1
[2018.08.29-02.43.50:108][  0]LogAssetRegistry: FAssetRegistry took 0.0262 seconds to start up
[2018.08.29-02.43.50:407][  0]LogInit: Selected Device Profile: [Windows]
[2018.08.29-02.43.50:526][  0]LogSimplygon: Simplygon DLL not present - disabling.
[2018.08.29-02.43.50:528][  0]LogMeshReduction: Using SimplygonSwarm for distributed automatic mesh merging
[2018.08.29-02.43.50:528][  0]LogMeshReduction: Using ProxyLODMeshReduction for automatic mesh merging
[2018.08.29-02.43.50:528][  0]LogMeshReduction: Using QuadricMeshReduction for automatic static mesh reduction
[2018.08.29-02.43.50:528][  0]LogMeshReduction: No automatic skeletal mesh reduction module available
[2018.08.29-02.43.50:551][  0]LogNetVersion: Maze_3D 1.0.0, NetCL: 4212847, EngineNetVer: 5, GameNetVer: 0 (Checksum: 1160223804)
[2018.08.29-02.43.51:107][  0]LogPackageLocalizationCache: Processed 11 localized package path(s) for 2 prioritized culture(s) in 0.119245 seconds
[2018.08.29-02.43.51:115][  0]LogUObjectArray: 38425 objects as part of root set at end of initial load.
[2018.08.29-02.43.51:115][  0]LogUObjectAllocator: 6690864 out of 0 bytes used by permanent object pool.
[2018.08.29-02.43.51:115][  0]LogUObjectArray: CloseDisregardForGC: 0/0 objects in disregard for GC pool
[2018.08.29-02.43.52:034][  0]LogTcpMessaging: Initializing TcpMessaging bridge
[2018.08.29-02.43.52:048][  0]LogUdpMessaging: Initializing bridge on interface 0.0.0.0:0 to multicast group 230.0.0.1:6666.
[2018.08.29-02.43.52:441][  0]SourceControl: Source control is disabled
[2018.08.29-02.43.52:441][  0]SourceControl: Source control is disabled
[2018.08.29-02.43.52:443][  0]SourceControl: Source control is disabled
[2018.08.29-02.43.52:445][  0]SourceControl: Source control is disabled
[2018.08.29-02.43.52:612][  0]LogAndroidPermission: UAndroidPermissionCallbackProxy::GetInstance
[2018.08.29-02.43.52:668][  0]LogOcInput: OculusInput pre-init called
[2018.08.29-02.43.52:721][  0]LogEngine: Initializing Engine...
[2018.08.29-02.43.52:722][  0]LogHMD: Failed to initialize OpenVR with code 110
[2018.08.29-02.43.52:723][  0]LogStats: UGameplayTagsManager::ConstructGameplayTagTree: ImportINI prefixes -  0.000 s
[2018.08.29-02.43.52:723][  0]LogStats: UGameplayTagsManager::ConstructGameplayTagTree: Construct from data asset -  0.000 s
[2018.08.29-02.43.52:724][  0]LogStats: UGameplayTagsManager::ConstructGameplayTagTree: ImportINI -  0.000 s
[2018.08.29-02.43.52:724][  0]LogStats: UGameplayTagsManager::ConstructGameplayTagTree: GameplayTagTreeChangedEvent.Broadcast -  0.000 s
[2018.08.29-02.43.52:926][  0]LogInit: Initializing FReadOnlyCVARCache
[2018.08.29-02.43.52:935][  0]LogAIModule: Creating AISystem for world Untitled
[2018.08.29-02.43.52:977][  0]LogInit: XAudio2 using 'VX2370 SERIES (NVIDIA High Definition Audio)' : 2 channels at 48 kHz using 16 bits per sample (channel mask 0x3)
[2018.08.29-02.43.52:988][  0]LogInit: FAudioDevice initialized.
[2018.08.29-02.43.52:988][  0]LogNetVersion: Set ProjectVersion to 1.0.0.0. Version Checksum will be recalculated on next use.
[2018.08.29-02.43.53:118][  0]LogDerivedDataCache: Saved boot cache 0.13s 74MB C:/Users/User/AppData/Local/UnrealEngine/4.20/DerivedDataCache/Boot.ddc.
[2018.08.29-02.43.53:128][  0]LogInit: Texture streaming: Enabled
[2018.08.29-02.43.53:146][  0]LogEngineSessionManager: EngineSessionManager initialized
[2018.08.29-02.43.53:146][  0]LogEngineSessionManager: EngineSessionManager sent abnormal shutdown report. Type=Crashed, SessionId={98E843BF-46D1-DEBA-C342-BCB433269A87}
[2018.08.29-02.43.53:156][  0]LogInit: Transaction tracking system initialized
[2018.08.29-02.43.53:175][  0]BlueprintLog: New page: Editor Load
[2018.08.29-02.43.53:295][  0]LocalizationService: Localization service is disabled
[2018.08.29-02.43.53:552][  0]LogCook: Display: Max memory allowance for cook 16384mb min free memory 0mb
[2018.08.29-02.43.53:552][  0]LogCook: Display: Mobile HDR setting 1
[2018.08.29-02.43.53:552][  0]LogGameplayTags: Display: UGameplayTagsManager::DoneAddingNativeTags. DelegateIsBound: 0
[2018.08.29-02.43.53:552][  0]LogStats: UGameplayTagsManager::ConstructGameplayTagTree: ImportINI prefixes -  0.000 s
[2018.08.29-02.43.53:552][  0]LogStats: UGameplayTagsManager::ConstructGameplayTagTree: Construct from data asset -  0.000 s
[2018.08.29-02.43.53:552][  0]LogStats: UGameplayTagsManager::ConstructGameplayTagTree: ImportINI -  0.000 s
[2018.08.29-02.43.53:552][  0]LogStats: UGameplayTagsManager::ConstructGameplayTagTree: GameplayTagTreeChangedEvent.Broadcast -  0.000 s
[2018.08.29-02.43.53:659][  0]LogFileCache: Scanning file cache for directory 'D:/My Files/The Documents/Unreal Projects/Maze_3D/Content/' took 0.02s
[2018.08.29-02.43.53:659][  0]SourceControl: Source control is disabled
[2018.08.29-02.43.53:659][  0]Cmd: MAP LOAD FILE="../../../../../My Files/The Documents/Unreal Projects/Maze_3D/Content/Maps/MainMenu.umap" TEMPLATE=0 SHOWPROGRESS=1 FEATURELEVEL=3
[2018.08.29-02.43.53:660][  0]LightingResults: New page: Lighting Build
[2018.08.29-02.43.53:661][  0]MapCheck: New page: Map Check
[2018.08.29-02.43.53:662][  0]LightingResults: New page: Lighting Build
[2018.08.29-02.43.53:713][  0]LogAIModule: Creating AISystem for world MainMenu
[2018.08.29-02.43.53:714][  0]LogEditorServer: Finished looking for orphan Actors (0.000 secs)
[2018.08.29-02.43.53:737][  0]Cmd: MAP CHECKDEP NOCLEARLOG
[2018.08.29-02.43.53:804][  0]MapCheck: Map check complete: 0 Error(s), 0 Warning(s), took 66.339ms to complete.
[2018.08.29-02.43.53:804][  0]LogFileHelpers: Loading map 'MainMenu' took 0.144
[2018.08.29-02.43.53:922][  0]LogSlate: Updating window title bar state: overlay mode, drag disabled, window buttons hidden, title bar hidden
[2018.08.29-02.43.53:930][  0]LogSlate: Updating window title bar state: overlay mode, drag disabled, window buttons hidden, title bar hidden
[2018.08.29-02.43.53:938][  0]LogSlate: Updating window title bar state: overlay mode, drag disabled, window buttons hidden, title bar hidden
[2018.08.29-02.43.53:945][  0]LogSlate: Updating window title bar state: overlay mode, drag disabled, window buttons hidden, title bar hidden
[2018.08.29-02.43.53:951][  0]LogCollectionManager: Loaded 0 collections in 0.001152 seconds
[2018.08.29-02.43.53:996][  0]LogFileCache: Scanning file cache for directory 'D:/My Files/The Documents/Unreal Projects/Maze_3D/Saved/Collections/' took 0.01s
[2018.08.29-02.43.53:996][  0]LogFileCache: Scanning file cache for directory 'D:/My Files/The Documents/Unreal Projects/Maze_3D/Content/Developers/User/Collections/' took 0.01s
[2018.08.29-02.43.53:996][  0]LogFileCache: Scanning file cache for directory 'D:/My Files/The Documents/Unreal Projects/Maze_3D/Content/Collections/' took 0.01s
[2018.08.29-02.43.53:996][  0]LogCollectionManager: Rebuilt the GUID cache for 0 collections in 0.000000 seconds
[2018.08.29-02.43.54:005][  0]LogContentBrowser: Native class hierarchy populated in 0.0089 seconds. Added 2581 classes and 605 folders.
[2018.08.29-02.43.54:009][  0]LogContentBrowser: Native class hierarchy updated for 'WidgetCarousel' in 0.0004 seconds. Added 0 classes and 0 folders.
[2018.08.29-02.43.54:065][  0]LogContentBrowser: Native class hierarchy updated for 'AddContentDialog' in 0.0004 seconds. Added 0 classes and 0 folders.
[2018.08.29-02.43.54:094][  0]LogContentBrowser: Native class hierarchy updated for 'SceneOutliner' in 0.0004 seconds. Added 1 classes and 2 folders.
[2018.08.29-02.43.54:107][  0]LogSlate: Took 0.000256 seconds to synchronously load lazily loaded font '../../../Engine/Content/Slate/Fonts/Roboto-Regular.ttf' (155K)
[2018.08.29-02.43.54:109][  0]LogSlate: Took 0.000419 seconds to synchronously load lazily loaded font '../../../Engine/Content/Slate/Fonts/Roboto-Bold.ttf' (160K)
[2018.08.29-02.43.54:115][  0]LogSlate: Took 0.000278 seconds to synchronously load lazily loaded font '../../../Engine/Content/Editor/Slate/Fonts/FontAwesome.ttf' (139K)
[2018.08.29-02.43.54:193][  0]LogRenderer: Reallocating scene render targets to support 1196x548 Format 10 NumSamples 1 (Frame:1).
[2018.08.29-02.43.54:286][  0]LogContentBrowser: Native class hierarchy updated for 'HierarchicalLODOutliner' in 0.0004 seconds. Added 0 classes and 0 folders.
[2018.08.29-02.43.54:286][  0]LogLoad: (Engine Initialization) Total time: 8.46 seconds
[2018.08.29-02.43.54:286][  0]LogLoad: (Engine Initialization) Total Blueprint compile time: 0.00 seconds
[2018.08.29-02.43.54:296][  0]LogWindowsTextInputMethodSystem: Display: IME system now deactivated.
[2018.08.29-02.43.54:319][  0]LogContentStreaming: Texture pool size now 3000 MB
[2018.08.29-02.43.54:354][  0]LogRenderer: Reallocating scene render targets to support 1196x564 Format 10 NumSamples 1 (Frame:3).
[2018.08.29-02.43.54:369][  0]LogSlate: Took 0.000231 seconds to synchronously load lazily loaded font '../../../Engine/Content/Slate/Fonts/Roboto-Light.ttf' (167K)
[2018.08.29-02.43.54:387][  1]LogAssetRegistry: Asset discovery search completed in 4.3014 seconds
[2018.08.29-02.43.54:388][  1]LogCollectionManager: Rebuilt the object cache for 0 collections in 0.000000 seconds (found 0 objects)
[2018.08.29-02.43.54:388][  1]LogCollectionManager: Fixed up redirectors for 0 collections in 0.000054 seconds (updated 0 objects)
[2018.08.29-02.43.55:337][109]LogSlate: Took 0.000293 seconds to synchronously load lazily loaded font '../../../Engine/Content/Slate/Fonts/Roboto-Light.ttf' (167K)
[2018.08.29-02.43.57:163][328]LogSlate: FSceneViewport::OnFocusLost() reason 0
[2018.08.29-02.43.57:268][338]LogAssetEditorManager: Opening Asset editor for Blueprint /Game/Blueprints/Objects/Tile.Tile
[2018.08.29-02.43.57:685][338]LogContentBrowser: Native class hierarchy updated for 'BlueprintGraph' in 0.0006 seconds. Added 116 classes and 0 folders.
[2018.08.29-02.43.58:416][338]LogSlate: Took 0.000442 seconds to synchronously load lazily loaded font '../../../Engine/Content/Slate/Fonts/Roboto-BoldCondensed.ttf' (158K)
[2018.08.29-02.44.02:578][831]Candidate modules for hot reload:
[2018.08.29-02.44.02:578][831]  Maze_3D
[2018.08.29-02.44.02:578][831]Launching UnrealBuildTool... [D:/Epic Games/UE_4.20/Engine/Binaries/DotNET/UnrealBuildTool.exe  -ModuleWithSuffix=Maze_3D,7888 Win64 Development -TargetType=Editor -Project="../../../../../My Files/The Documents/Unreal Projects/Maze_3D/Maze_3D.uproject" -canskiplink "D:/My Files/The Documents/Unreal Projects/Maze_3D/Maze_3D.uproject" ]
[2018.08.29-02.44.02:582][831]Warning: Starting HotReload took  0.0s.
[2018.08.29-02.44.07:326][400]CompilerResultsLog: New page: Compilation - Aug 28, 2018, 12:44:07 PM
[2018.08.29-02.44.07:326][400]CompilerResultsLog: Compiling game modules for hot reload
[2018.08.29-02.44.07:326][400]CompilerResultsLog: Building 3 actions with 8 processes...
[2018.08.29-02.44.07:326][400]CompilerResultsLog:   Maze.cpp
[2018.08.29-02.44.07:327][400]CompilerResultsLog:   UE4Editor-Maze_3D-7888.lib
[2018.08.29-02.44.07:327][400]CompilerResultsLog:      Creating library D:\My Files\The Documents\Unreal Projects\Maze_3D\Intermediate\Build\Win64\UE4Editor\Development\Maze_3D\UE4Editor-Maze_3D-7888.lib and object D:\My Files\The Documents\Unreal Projects\Maze_3D\Intermediate\Build\Win64\UE4Editor\Development\Maze_3D\UE4Editor-Maze_3D-7888.exp
[2018.08.29-02.44.07:327][400]CompilerResultsLog:   UE4Editor-Maze_3D-7888.dll
[2018.08.29-02.44.07:327][400]CompilerResultsLog:      Creating library D:\My Files\The Documents\Unreal Projects\Maze_3D\Intermediate\Build\Win64\UE4Editor\Development\Maze_3D\UE4Editor-Maze_3D-7888.suppressed.lib and object D:\My Files\The Documents\Unreal Projects\Maze_3D\Intermediate\Build\Win64\UE4Editor\Development\Maze_3D\UE4Editor-Maze_3D-7888.suppressed.exp
[2018.08.29-02.44.07:327][400]CompilerResultsLog: Total build time: 4.44 seconds (Parallel executor: 2.91 seconds)
[2018.08.29-02.44.07:327][400]LogMainFrame: MainFrame: Module compiling took 4.757 seconds
[2018.08.29-02.44.07:381][400]LogContentBrowser: Native class hierarchy updated for 'Maze_3D' in 0.0005 seconds. Added 9 classes and 2 folders.
[2018.08.29-02.44.07:384][400]Display: HotReload successful (10 functions remapped  0 scriptstructs remapped)
[2018.08.29-02.44.07:754][400]LogContentBrowser: Native class hierarchy populated in 0.0090 seconds. Added 2582 classes and 607 folders.
[2018.08.29-02.44.07:755][400]Display: HotReload took  5.2s.
[2018.08.29-02.44.11:662][868]LogTemp: Repeating last play command: Selected Viewport
[2018.08.29-02.44.11:680][868]LogBlueprintUserMessages: Early PlayInEditor Detection: Level '/Game/Maps/MainMenu.MainMenu:PersistentLevel' has LevelScriptBlueprint '/Game/Maps/MainMenu.MainMenu:PersistentLevel.MainMenu' with GeneratedClass '/Game/Maps/MainMenu.MainMenu_C' with ClassGeneratedBy '/Game/Maps/MainMenu.MainMenu:PersistentLevel.MainMenu'
[2018.08.29-02.44.11:680][868]LogPlayLevel: PlayLevel: No blueprints needed recompiling
[2018.08.29-02.44.11:693][868]PIE: New page: PIE session: MainMenu (Aug 28, 2018, 12:44:11 PM)
[2018.08.29-02.44.11:693][868]LogPlayLevel: Creating play world package: /Game/Maps/UEDPIE_0_MainMenu
[2018.08.29-02.44.11:694][868]LogPlayLevel: PIE: StaticDuplicateObject took: (0.001315s)
[2018.08.29-02.44.11:695][868]LogAIModule: Creating AISystem for world MainMenu
[2018.08.29-02.44.11:695][868]LogPlayLevel: PIE: World Init took: (0.000965s)
[2018.08.29-02.44.11:695][868]LogPlayLevel: PIE: Created PIE world by copying editor world from /Game/Maps/MainMenu.MainMenu to /Game/Maps/UEDPIE_0_MainMenu.MainMenu (0.002428s)
[2018.08.29-02.44.11:742][868]LogInit: XAudio2 using 'VX2370 SERIES (NVIDIA High Definition Audio)' : 2 channels at 48 kHz using 16 bits per sample (channel mask 0x3)
[2018.08.29-02.44.11:749][868]LogInit: FAudioDevice initialized.
[2018.08.29-02.44.11:790][868]LogLoad: Game class is 'Maze_3D_MenuMode'
[2018.08.29-02.44.11:791][868]LogWorld: Bringing World /Game/Maps/UEDPIE_0_MainMenu.MainMenu up for play (max tick rate 0) at 2018.08.28-19.44.11
[2018.08.29-02.44.11:792][868]LogWorld: Bringing up level for play took: 0.000396
[2018.08.29-02.44.11:829][868]LogContentBrowser: Native class hierarchy updated for 'MovieSceneCapture' in 0.0004 seconds. Added 10 classes and 0 folders.
[2018.08.29-02.44.11:831][868]PIE: Play in editor start time for /Game/Maps/UEDPIE_0_MainMenu 0.868
[2018.08.29-02.44.11:832][868]LogBlueprintUserMessages: Late PlayInEditor Detection: Level '/Game/Maps/MainMenu.MainMenu:PersistentLevel' has LevelScriptBlueprint '/Game/Maps/MainMenu.MainMenu:PersistentLevel.MainMenu' with GeneratedClass '/Game/Maps/MainMenu.MainMenu_C' with ClassGeneratedBy '/Game/Maps/MainMenu.MainMenu:PersistentLevel.MainMenu'
[2018.08.29-02.44.12:941][998]LogSlate: FSceneViewport::OnFocusLost() reason 0
[2018.08.29-02.44.13:051][ 11]LogNet: Browse: /Game/Maps/Maze
[2018.08.29-02.44.13:051][ 11]LogLoad: LoadMap: /Game/Maps/Maze
[2018.08.29-02.44.13:489][ 11]LogAIModule: Creating AISystem for world Maze
[2018.08.29-02.44.13:489][ 11]LogLoad: Game class is 'Maze_3D_GameMode'
[2018.08.29-02.44.13:492][ 11]LogWorld: Bringing World /Game/Maps/UEDPIE_0_Maze.Maze up for play (max tick rate 0) at 2018.08.28-19.44.13
[2018.08.29-02.44.13:492][ 11]LogWorld: Bringing up level for play took: 0.001638
[2018.08.29-02.44.13:492][ 11]LogGameMode: FindPlayerStart: PATHS NOT DEFINED or NO PLAYERSTART with positive rating
[2018.08.29-02.44.13:521][ 11]LogLoad: Took 0.470385 seconds to LoadMap(/Game/Maps/Maze)
[2018.08.29-02.44.25:317][275]LogBlueprintUserMessages: Early EndPlayMap Detection: Level '/Game/Maps/MainMenu.MainMenu:PersistentLevel' has LevelScriptBlueprint '/Game/Maps/MainMenu.MainMenu:PersistentLevel.MainMenu' with GeneratedClass '/Game/Maps/MainMenu.MainMenu_C' with ClassGeneratedBy '/Game/Maps/MainMenu.MainMenu:PersistentLevel.MainMenu'
[2018.08.29-02.44.25:317][275]LogSlate: Updating window title bar state: overlay mode, drag disabled, window buttons hidden, title bar hidden
[2018.08.29-02.44.25:364][275]LogPlayLevel: Display: Shutting down PIE online subsystems
[2018.08.29-02.44.25:364][275]LogBlueprintUserMessages: Late EndPlayMap Detection: Level '/Game/Maps/MainMenu.MainMenu:PersistentLevel' has LevelScriptBlueprint '/Game/Maps/MainMenu.MainMenu:PersistentLevel.MainMenu' with GeneratedClass '/Game/Maps/MainMenu.MainMenu_C' with ClassGeneratedBy '/Game/Maps/MainMenu.MainMenu:PersistentLevel.MainMenu'
[2018.08.29-02.44.25:395][275]LogSlate: Updating window title bar state: overlay mode, drag disabled, window buttons hidden, title bar hidden
[2018.08.29-02.44.25:424][278]LogPlayLevel: Display: Destroying online subsystem :Context_2
[2018.08.29-02.47.47:019][192]LogSlate: FSceneViewport::OnFocusLost() reason 0
[2018.08.29-02.47.47:109][201]Candidate modules for hot reload:
[2018.08.29-02.47.47:109][201]  Maze_3D
[2018.08.29-02.47.47:109][201]Launching UnrealBuildTool... [D:/Epic Games/UE_4.20/Engine/Binaries/DotNET/UnrealBuildTool.exe  -ModuleWithSuffix=Maze_3D,1921 Win64 Development -TargetType=Editor -Project="../../../../../My Files/The Documents/Unreal Projects/Maze_3D/Maze_3D.uproject" -canskiplink "D:/My Files/The Documents/Unreal Projects/Maze_3D/Maze_3D.uproject" ]
[2018.08.29-02.47.47:113][201]Warning: Starting HotReload took  0.0s.
[2018.08.29-02.47.51:061][675]CompilerResultsLog: New page: Compilation - Aug 28, 2018, 12:47:51 PM
[2018.08.29-02.47.51:062][675]CompilerResultsLog: Compiling game modules for hot reload
[2018.08.29-02.47.51:062][675]CompilerResultsLog: Building 3 actions with 8 processes...
[2018.08.29-02.47.51:062][675]CompilerResultsLog:   Maze.cpp
[2018.08.29-02.47.51:062][675]CompilerResultsLog:   UE4Editor-Maze_3D-1921.lib
[2018.08.29-02.47.51:062][675]CompilerResultsLog:      Creating library D:\My Files\The Documents\Unreal Projects\Maze_3D\Intermediate\Build\Win64\UE4Editor\Development\Maze_3D\UE4Editor-Maze_3D-1921.lib and object D:\My Files\The Documents\Unreal Projects\Maze_3D\Intermediate\Build\Win64\UE4Editor\Development\Maze_3D\UE4Editor-Maze_3D-1921.exp
[2018.08.29-02.47.51:062][675]CompilerResultsLog:   UE4Editor-Maze_3D-1921.dll
[2018.08.29-02.47.51:062][675]CompilerResultsLog:      Creating library D:\My Files\The Documents\Unreal Projects\Maze_3D\Intermediate\Build\Win64\UE4Editor\Development\Maze_3D\UE4Editor-Maze_3D-1921.suppressed.lib and object D:\My Files\The Documents\Unreal Projects\Maze_3D\Intermediate\Build\Win64\UE4Editor\Development\Maze_3D\UE4Editor-Maze_3D-1921.suppressed.exp
[2018.08.29-02.47.51:062][675]CompilerResultsLog: Total build time: 3.64 seconds (Parallel executor: 2.15 seconds)
[2018.08.29-02.47.51:062][675]LogMainFrame: MainFrame: Module compiling took 3.961 seconds
[2018.08.29-02.47.51:119][675]LogContentBrowser: Native class hierarchy updated for 'Maze_3D' in 0.0005 seconds. Added 9 classes and 2 folders.
[2018.08.29-02.47.51:124][675]Display: HotReload successful (10 functions remapped  0 scriptstructs remapped)
[2018.08.29-02.47.51:446][675]LogContentBrowser: Native class hierarchy populated in 0.0098 seconds. Added 2582 classes and 607 folders.
[2018.08.29-02.47.51:447][675]Display: HotReload took  4.4s.
[2018.08.29-02.47.56:992][340]LogTemp: Repeating last play command: Selected Viewport
[2018.08.29-02.47.57:010][340]LogBlueprintUserMessages: Early PlayInEditor Detection: Level '/Game/Maps/MainMenu.MainMenu:PersistentLevel' has LevelScriptBlueprint '/Game/Maps/MainMenu.MainMenu:PersistentLevel.MainMenu' with GeneratedClass '/Game/Maps/MainMenu.MainMenu_C' with ClassGeneratedBy '/Game/Maps/MainMenu.MainMenu:PersistentLevel.MainMenu'
[2018.08.29-02.47.57:010][340]LogPlayLevel: PlayLevel: No blueprints needed recompiling
[2018.08.29-02.47.57:010][340]PIE: New page: PIE session: MainMenu (Aug 28, 2018, 12:47:57 PM)
[2018.08.29-02.47.57:010][340]LogPlayLevel: Creating play world package: /Game/Maps/UEDPIE_0_MainMenu
[2018.08.29-02.47.57:012][340]LogPlayLevel: PIE: StaticDuplicateObject took: (0.001405s)
[2018.08.29-02.47.57:016][340]LogAIModule: Creating AISystem for world MainMenu
[2018.08.29-02.47.57:017][340]LogPlayLevel: PIE: World Init took: (0.004533s)
[2018.08.29-02.47.57:017][340]LogPlayLevel: PIE: Created PIE world by copying editor world from /Game/Maps/MainMenu.MainMenu to /Game/Maps/UEDPIE_0_MainMenu.MainMenu (0.006099s)
[2018.08.29-02.47.57:081][340]LogInit: XAudio2 using 'VX2370 SERIES (NVIDIA High Definition Audio)' : 2 channels at 48 kHz using 16 bits per sample (channel mask 0x3)
[2018.08.29-02.47.57:088][340]LogInit: FAudioDevice initialized.
[2018.08.29-02.47.57:120][340]LogLoad: Game class is 'Maze_3D_MenuMode'
[2018.08.29-02.47.57:121][340]LogWorld: Bringing World /Game/Maps/UEDPIE_0_MainMenu.MainMenu up for play (max tick rate 0) at 2018.08.28-19.47.57
[2018.08.29-02.47.57:121][340]LogWorld: Bringing up level for play took: 0.000400
[2018.08.29-02.47.57:135][340]PIE: Play in editor start time for /Game/Maps/UEDPIE_0_MainMenu 0.172
[2018.08.29-02.47.57:135][340]LogBlueprintUserMessages: Late PlayInEditor Detection: Level '/Game/Maps/MainMenu.MainMenu:PersistentLevel' has LevelScriptBlueprint '/Game/Maps/MainMenu.MainMenu:PersistentLevel.MainMenu' with GeneratedClass '/Game/Maps/MainMenu.MainMenu_C' with ClassGeneratedBy '/Game/Maps/MainMenu.MainMenu:PersistentLevel.MainMenu'
[2018.08.29-02.47.58:145][460]LogSlate: FSceneViewport::OnFocusLost() reason 0
[2018.08.29-02.47.58:221][469]LogNet: Browse: /Game/Maps/Maze
[2018.08.29-02.47.58:221][469]LogLoad: LoadMap: /Game/Maps/Maze
[2018.08.29-02.47.58:321][469]LogAIModule: Creating AISystem for world Maze
[2018.08.29-02.47.58:321][469]LogLoad: Game class is 'Maze_3D_GameMode'
[2018.08.29-02.47.58:323][469]LogWorld: Bringing World /Game/Maps/UEDPIE_0_Maze.Maze up for play (max tick rate 0) at 2018.08.28-19.47.58
[2018.08.29-02.47.58:323][469]LogWorld: Bringing up level for play took: 0.001413
[2018.08.29-02.47.58:323][469]LogGameMode: FindPlayerStart: PATHS NOT DEFINED or NO PLAYERSTART with positive rating
[2018.08.29-02.47.58:359][469]LogLoad: Took 0.137550 seconds to LoadMap(/Game/Maps/Maze)
[2018.08.29-02.48.48:890][858]LogBlueprintUserMessages: Early EndPlayMap Detection: Level '/Game/Maps/MainMenu.MainMenu:PersistentLevel' has LevelScriptBlueprint '/Game/Maps/MainMenu.MainMenu:PersistentLevel.MainMenu' with GeneratedClass '/Game/Maps/MainMenu.MainMenu_C' with ClassGeneratedBy '/Game/Maps/MainMenu.MainMenu:PersistentLevel.MainMenu'
[2018.08.29-02.48.48:891][858]LogSlate: Updating window title bar state: overlay mode, drag disabled, window buttons hidden, title bar hidden
[2018.08.29-02.48.48:947][858]LogPlayLevel: Display: Shutting down PIE online subsystems
[2018.08.29-02.48.48:947][858]LogBlueprintUserMessages: Late EndPlayMap Detection: Level '/Game/Maps/MainMenu.MainMenu:PersistentLevel' has LevelScriptBlueprint '/Game/Maps/MainMenu.MainMenu:PersistentLevel.MainMenu' with GeneratedClass '/Game/Maps/MainMenu.MainMenu_C' with ClassGeneratedBy '/Game/Maps/MainMenu.MainMenu:PersistentLevel.MainMenu'
[2018.08.29-02.48.48:978][858]LogSlate: Updating window title bar state: overlay mode, drag disabled, window buttons hidden, title bar hidden
[2018.08.29-02.48.48:996][859]LogPlayLevel: Display: Destroying online subsystem :Context_3
[2018.08.29-02.48.51:169][119]LogSlate: FSceneViewport::OnFocusLost() reason 0
[2018.08.29-02.48.51:363][131]LogSlate: Took 0.000242 seconds to synchronously load lazily loaded font '../../../Engine/Content/Slate/Fonts/Roboto-Italic.ttf' (157K)
[2018.08.29-02.49.35:606][401]LogAssetEditorManager: Opening Asset editor for Blueprint /Game/Blueprints/Objects/Exit_RoomBP.Exit_RoomBP
[2018.08.29-02.52.00:177][450]LogAssetEditorManager: Opening Asset editor for Blueprint /Game/Blueprints/Objects/CielingLight.CielingLight
[2018.08.29-02.53.10:968][289]BlueprintLog: New page: Compile Tile
[2018.08.29-02.53.12:535][426]Cmd: OBJ SAVEPACKAGE PACKAGE="/Game/Blueprints/Objects/Tile" FILE="../../../../../My Files/The Documents/Unreal Projects/Maze_3D/Content/Blueprints/Objects/Tile.uasset" SILENT=true
[2018.08.29-02.53.12:585][426]LogSavePackage: Moving '../../../../../My Files/The Documents/Unreal Projects/Maze_3D/Saved/Tile1DB20CE0431721AB5B24359BDE13770E.tmp' to '../../../../../My Files/The Documents/Unreal Projects/Maze_3D/Content/Blueprints/Objects/Tile.uasset'
[2018.08.29-02.53.15:580][734]LogTemp: Repeating last play command: Selected Viewport
[2018.08.29-02.53.15:604][734]LogBlueprintUserMessages: Early PlayInEditor Detection: Level '/Game/Maps/MainMenu.MainMenu:PersistentLevel' has LevelScriptBlueprint '/Game/Maps/MainMenu.MainMenu:PersistentLevel.MainMenu' with GeneratedClass '/Game/Maps/MainMenu.MainMenu_C' with ClassGeneratedBy '/Game/Maps/MainMenu.MainMenu:PersistentLevel.MainMenu'
[2018.08.29-02.53.15:605][734]LogPlayLevel: PlayLevel: No blueprints needed recompiling
[2018.08.29-02.53.15:605][734]PIE: New page: PIE session: MainMenu (Aug 28, 2018, 12:53:15 PM)
[2018.08.29-02.53.15:605][734]LogPlayLevel: Creating play world package: /Game/Maps/UEDPIE_0_MainMenu
[2018.08.29-02.53.15:606][734]LogPlayLevel: PIE: StaticDuplicateObject took: (0.001195s)
[2018.08.29-02.53.15:607][734]LogAIModule: Creating AISystem for world MainMenu
[2018.08.29-02.53.15:607][734]LogPlayLevel: PIE: World Init took: (0.000691s)
[2018.08.29-02.53.15:607][734]LogPlayLevel: PIE: Created PIE world by copying editor world from /Game/Maps/MainMenu.MainMenu to /Game/Maps/UEDPIE_0_MainMenu.MainMenu (0.002034s)
[2018.08.29-02.53.15:645][734]LogInit: XAudio2 using 'VX2370 SERIES (NVIDIA High Definition Audio)' : 2 channels at 48 kHz using 16 bits per sample (channel mask 0x3)
[2018.08.29-02.53.15:652][734]LogInit: FAudioDevice initialized.
[2018.08.29-02.53.15:683][734]LogLoad: Game class is 'Maze_3D_MenuMode'
[2018.08.29-02.53.15:684][734]LogWorld: Bringing World /Game/Maps/UEDPIE_0_MainMenu.MainMenu up for play (max tick rate 0) at 2018.08.28-19.53.15
[2018.08.29-02.53.15:684][734]LogWorld: Bringing up level for play took: 0.000376
[2018.08.29-02.53.15:698][734]PIE: Play in editor start time for /Game/Maps/UEDPIE_0_MainMenu 0.734
[2018.08.29-02.53.15:698][734]LogBlueprintUserMessages: Late PlayInEditor Detection: Level '/Game/Maps/MainMenu.MainMenu:PersistentLevel' has LevelScriptBlueprint '/Game/Maps/MainMenu.MainMenu:PersistentLevel.MainMenu' with GeneratedClass '/Game/Maps/MainMenu.MainMenu_C' with ClassGeneratedBy '/Game/Maps/MainMenu.MainMenu:PersistentLevel.MainMenu'
[2018.08.29-02.53.16:797][843]LogSlate: FSceneViewport::OnFocusLost() reason 0
[2018.08.29-02.53.16:915][855]LogNet: Browse: /Game/Maps/Maze
[2018.08.29-02.53.16:915][855]LogLoad: LoadMap: /Game/Maps/Maze
[2018.08.29-02.53.17:004][855]LogAIModule: Creating AISystem for world Maze
[2018.08.29-02.53.17:004][855]LogLoad: Game class is 'Maze_3D_GameMode'
[2018.08.29-02.53.17:006][855]LogWorld: Bringing World /Game/Maps/UEDPIE_0_Maze.Maze up for play (max tick rate 0) at 2018.08.28-19.53.17
[2018.08.29-02.53.17:006][855]LogWorld: Bringing up level for play took: 0.001180
[2018.08.29-02.53.17:007][855]LogGameMode: FindPlayerStart: PATHS NOT DEFINED or NO PLAYERSTART with positive rating
[2018.08.29-02.53.17:041][855]LogLoad: Took 0.126874 seconds to LoadMap(/Game/Maps/Maze)
[2018.08.29-02.53.58:829][629]LogSlate: FSceneViewport::OnFocusLost() reason 2
[2018.08.29-02.54.26:653][523]LogBlueprintUserMessages: Early EndPlayMap Detection: Level '/Game/Maps/MainMenu.MainMenu:PersistentLevel' has LevelScriptBlueprint '/Game/Maps/MainMenu.MainMenu:PersistentLevel.MainMenu' with GeneratedClass '/Game/Maps/MainMenu.MainMenu_C' with ClassGeneratedBy '/Game/Maps/MainMenu.MainMenu:PersistentLevel.MainMenu'
[2018.08.29-02.54.26:653][523]LogSlate: Updating window title bar state: overlay mode, drag disabled, window buttons hidden, title bar hidden
[2018.08.29-02.54.26:692][523]LogPlayLevel: Display: Shutting down PIE online subsystems
[2018.08.29-02.54.26:692][523]LogBlueprintUserMessages: Late EndPlayMap Detection: Level '/Game/Maps/MainMenu.MainMenu:PersistentLevel' has LevelScriptBlueprint '/Game/Maps/MainMenu.MainMenu:PersistentLevel.MainMenu' with GeneratedClass '/Game/Maps/MainMenu.MainMenu_C' with ClassGeneratedBy '/Game/Maps/MainMenu.MainMenu:PersistentLevel.MainMenu'
[2018.08.29-02.54.26:727][523]LogSlate: Updating window title bar state: overlay mode, drag disabled, window buttons hidden, title bar hidden
[2018.08.29-02.54.26:761][525]LogPlayLevel: Display: Destroying online subsystem :Context_14
[2018.08.29-02.54.30:802][973]LogSlate: FSceneViewport::OnFocusLost() reason 0
[2018.08.29-02.58.06:008][719]Candidate modules for hot reload:
[2018.08.29-02.58.06:008][719]  Maze_3D
[2018.08.29-02.58.06:008][719]Launching UnrealBuildTool... [D:/Epic Games/UE_4.20/Engine/Binaries/DotNET/UnrealBuildTool.exe  -ModuleWithSuffix=Maze_3D,7647 Win64 Development -TargetType=Editor -Project="../../../../../My Files/The Documents/Unreal Projects/Maze_3D/Maze_3D.uproject" -canskiplink "D:/My Files/The Documents/Unreal Projects/Maze_3D/Maze_3D.uproject" ]
[2018.08.29-02.58.06:012][719]Warning: Starting HotReload took  0.0s.
[2018.08.29-02.58.11:312][345]CompilerResultsLog: New page: Compilation - Aug 28, 2018, 12:58:11 PM
[2018.08.29-02.58.11:312][345]CompilerResultsLog: Compiling game modules for hot reload
[2018.08.29-02.58.11:312][345]CompilerResultsLog: Building 3 actions with 8 processes...
[2018.08.29-02.58.11:312][345]CompilerResultsLog:   Maze.cpp
[2018.08.29-02.58.11:312][345]CompilerResultsLog:   UE4Editor-Maze_3D-7647.lib
[2018.08.29-02.58.11:312][345]CompilerResultsLog:      Creating library D:\My Files\The Documents\Unreal Projects\Maze_3D\Intermediate\Build\Win64\UE4Editor\Development\Maze_3D\UE4Editor-Maze_3D-7647.lib and object D:\My Files\The Documents\Unreal Projects\Maze_3D\Intermediate\Build\Win64\UE4Editor\Development\Maze_3D\UE4Editor-Maze_3D-7647.exp
[2018.08.29-02.58.11:312][345]CompilerResultsLog:   UE4Editor-Maze_3D-7647.dll
[2018.08.29-02.58.11:312][345]CompilerResultsLog:      Creating library D:\My Files\The Documents\Unreal Projects\Maze_3D\Intermediate\Build\Win64\UE4Editor\Development\Maze_3D\UE4Editor-Maze_3D-7647.suppressed.lib and object D:\My Files\The Documents\Unreal Projects\Maze_3D\Intermediate\Build\Win64\UE4Editor\Development\Maze_3D\UE4Editor-Maze_3D-7647.suppressed.exp
[2018.08.29-02.58.11:312][345]CompilerResultsLog: Total build time: 4.87 seconds (Parallel executor: 3.37 seconds)
[2018.08.29-02.58.11:312][345]LogMainFrame: MainFrame: Module compiling took 5.312 seconds
[2018.08.29-02.58.11:380][345]LogContentBrowser: Native class hierarchy updated for 'Maze_3D' in 0.0005 seconds. Added 9 classes and 2 folders.
[2018.08.29-02.58.11:384][345]Display: HotReload successful (10 functions remapped  0 scriptstructs remapped)
[2018.08.29-02.58.11:705][345]LogContentBrowser: Native class hierarchy populated in 0.0087 seconds. Added 2582 classes and 607 folders.
[2018.08.29-02.58.11:705][345]Display: HotReload took  5.7s.
[2018.08.29-02.58.14:111][633]LogTemp: Repeating last play command: Selected Viewport
[2018.08.29-02.58.14:138][633]LogBlueprintUserMessages: Early PlayInEditor Detection: Level '/Game/Maps/MainMenu.MainMenu:PersistentLevel' has LevelScriptBlueprint '/Game/Maps/MainMenu.MainMenu:PersistentLevel.MainMenu' with GeneratedClass '/Game/Maps/MainMenu.MainMenu_C' with ClassGeneratedBy '/Game/Maps/MainMenu.MainMenu:PersistentLevel.MainMenu'
[2018.08.29-02.58.14:138][633]LogPlayLevel: PlayLevel: No blueprints needed recompiling
[2018.08.29-02.58.14:138][633]PIE: New page: PIE session: MainMenu (Aug 28, 2018, 12:58:14 PM)
[2018.08.29-02.58.14:138][633]LogPlayLevel: Creating play world package: /Game/Maps/UEDPIE_0_MainMenu
[2018.08.29-02.58.14:139][633]LogPlayLevel: PIE: StaticDuplicateObject took: (0.001257s)
[2018.08.29-02.58.14:140][633]LogAIModule: Creating AISystem for world MainMenu
[2018.08.29-02.58.14:140][633]LogPlayLevel: PIE: World Init took: (0.000687s)
[2018.08.29-02.58.14:140][633]LogPlayLevel: PIE: Created PIE world by copying editor world from /Game/Maps/MainMenu.MainMenu to /Game/Maps/UEDPIE_0_MainMenu.MainMenu (0.002054s)
[2018.08.29-02.58.14:194][633]LogInit: XAudio2 using 'VX2370 SERIES (NVIDIA High Definition Audio)' : 2 channels at 48 kHz using 16 bits per sample (channel mask 0x3)
[2018.08.29-02.58.14:202][633]LogInit: FAudioDevice initialized.
[2018.08.29-02.58.14:235][633]LogLoad: Game class is 'Maze_3D_MenuMode'
[2018.08.29-02.58.14:237][633]LogWorld: Bringing World /Game/Maps/UEDPIE_0_MainMenu.MainMenu up for play (max tick rate 0) at 2018.08.28-19.58.14
[2018.08.29-02.58.14:237][633]LogWorld: Bringing up level for play took: 0.000471
[2018.08.29-02.58.14:251][633]PIE: Play in editor start time for /Game/Maps/UEDPIE_0_MainMenu -0.713
[2018.08.29-02.58.14:251][633]LogBlueprintUserMessages: Late PlayInEditor Detection: Level '/Game/Maps/MainMenu.MainMenu:PersistentLevel' has LevelScriptBlueprint '/Game/Maps/MainMenu.MainMenu:PersistentLevel.MainMenu' with GeneratedClass '/Game/Maps/MainMenu.MainMenu_C' with ClassGeneratedBy '/Game/Maps/MainMenu.MainMenu:PersistentLevel.MainMenu'
[2018.08.29-02.58.15:366][763]LogSlate: FSceneViewport::OnFocusLost() reason 0
[2018.08.29-02.58.15:508][780]LogNet: Browse: /Game/Maps/Maze
[2018.08.29-02.58.15:508][780]LogLoad: LoadMap: /Game/Maps/Maze
[2018.08.29-02.58.15:605][780]LogAIModule: Creating AISystem for world Maze
[2018.08.29-02.58.15:605][780]LogLoad: Game class is 'Maze_3D_GameMode'
[2018.08.29-02.58.15:607][780]LogWorld: Bringing World /Game/Maps/UEDPIE_0_Maze.Maze up for play (max tick rate 0) at 2018.08.28-19.58.15
[2018.08.29-02.58.15:607][780]LogWorld: Bringing up level for play took: 0.001321
[2018.08.29-02.58.15:607][780]LogGameMode: FindPlayerStart: PATHS NOT DEFINED or NO PLAYERSTART with positive rating
[2018.08.29-02.58.15:644][780]LogLoad: Took 0.134888 seconds to LoadMap(/Game/Maps/Maze)
[2018.08.29-02.59.13:392][423]LogSlate: FSceneViewport::OnFocusLost() reason 2
[2018.08.29-02.59.29:111][375]LogSlate: FSceneViewport::OnFocusLost() reason 0
[2018.08.29-03.00.15:902][583]LogSlate: FSceneViewport::OnFocusLost() reason 0
[2018.08.29-03.00.23:095][947]LogSlate: FSceneViewport::OnFocusLost() reason 0
[2018.08.29-03.00.53:729][831]LogSlate: FSceneViewport::OnFocusLost() reason 2
[2018.08.29-03.01.45:669][142]LogSlate: FSceneViewport::OnFocusLost() reason 0
[2018.08.29-03.01.45:753][149]LogBlueprintUserMessages: Early EndPlayMap Detection: Level '/Game/Maps/MainMenu.MainMenu:PersistentLevel' has LevelScriptBlueprint '/Game/Maps/MainMenu.MainMenu:PersistentLevel.MainMenu' with GeneratedClass '/Game/Maps/MainMenu.MainMenu_C' with ClassGeneratedBy '/Game/Maps/MainMenu.MainMenu:PersistentLevel.MainMenu'
[2018.08.29-03.01.45:754][149]LogSlate: Updating window title bar state: overlay mode, drag disabled, window buttons hidden, title bar hidden
[2018.08.29-03.01.45:796][149]LogPlayLevel: Display: Shutting down PIE online subsystems
[2018.08.29-03.01.45:797][149]LogBlueprintUserMessages: Late EndPlayMap Detection: Level '/Game/Maps/MainMenu.MainMenu:PersistentLevel' has LevelScriptBlueprint '/Game/Maps/MainMenu.MainMenu:PersistentLevel.MainMenu' with GeneratedClass '/Game/Maps/MainMenu.MainMenu_C' with ClassGeneratedBy '/Game/Maps/MainMenu.MainMenu:PersistentLevel.MainMenu'
[2018.08.29-03.01.45:836][149]LogSlate: Updating window title bar state: overlay mode, drag disabled, window buttons hidden, title bar hidden
[2018.08.29-03.01.45:853][150]LogPlayLevel: Display: Destroying online subsystem :Context_15
[2018.08.29-03.01.52:753][974]LogTemp: Repeating last play command: Selected Viewport
[2018.08.29-03.01.52:778][974]LogBlueprintUserMessages: Early PlayInEditor Detection: Level '/Game/Maps/MainMenu.MainMenu:PersistentLevel' has LevelScriptBlueprint '/Game/Maps/MainMenu.MainMenu:PersistentLevel.MainMenu' with GeneratedClass '/Game/Maps/MainMenu.MainMenu_C' with ClassGeneratedBy '/Game/Maps/MainMenu.MainMenu:PersistentLevel.MainMenu'
[2018.08.29-03.01.52:778][974]LogPlayLevel: PlayLevel: No blueprints needed recompiling
[2018.08.29-03.01.52:778][974]PIE: New page: PIE session: MainMenu (Aug 28, 2018, 1:01:52 PM)
[2018.08.29-03.01.52:779][974]LogPlayLevel: Creating play world package: /Game/Maps/UEDPIE_0_MainMenu
[2018.08.29-03.01.52:780][974]LogPlayLevel: PIE: StaticDuplicateObject took: (0.001308s)
[2018.08.29-03.01.52:780][974]LogAIModule: Creating AISystem for world MainMenu
[2018.08.29-03.01.52:780][974]LogPlayLevel: PIE: World Init took: (0.000577s)
[2018.08.29-03.01.52:781][974]LogPlayLevel: PIE: Created PIE world by copying editor world from /Game/Maps/MainMenu.MainMenu to /Game/Maps/UEDPIE_0_MainMenu.MainMenu (0.001995s)
[2018.08.29-03.01.52:820][974]LogInit: XAudio2 using 'VX2370 SERIES (NVIDIA High Definition Audio)' : 2 channels at 48 kHz using 16 bits per sample (channel mask 0x3)
[2018.08.29-03.01.52:828][974]LogInit: FAudioDevice initialized.
[2018.08.29-03.01.52:862][974]LogLoad: Game class is 'Maze_3D_MenuMode'
[2018.08.29-03.01.52:863][974]LogWorld: Bringing World /Game/Maps/UEDPIE_0_MainMenu.MainMenu up for play (max tick rate 0) at 2018.08.28-20.01.52
[2018.08.29-03.01.52:863][974]LogWorld: Bringing up level for play took: 0.000386
[2018.08.29-03.01.52:877][974]PIE: Play in editor start time for /Game/Maps/UEDPIE_0_MainMenu -0.087
[2018.08.29-03.01.52:877][974]LogBlueprintUserMessages: Late PlayInEditor Detection: Level '/Game/Maps/MainMenu.MainMenu:PersistentLevel' has LevelScriptBlueprint '/Game/Maps/MainMenu.MainMenu:PersistentLevel.MainMenu' with GeneratedClass '/Game/Maps/MainMenu.MainMenu_C' with ClassGeneratedBy '/Game/Maps/MainMenu.MainMenu:PersistentLevel.MainMenu'
[2018.08.29-03.01.53:754][ 78]LogSlate: FSceneViewport::OnFocusLost() reason 0
[2018.08.29-03.01.53:830][ 87]LogNet: Browse: /Game/Maps/Maze
[2018.08.29-03.01.53:830][ 87]LogLoad: LoadMap: /Game/Maps/Maze
[2018.08.29-03.01.53:923][ 87]LogAIModule: Creating AISystem for world Maze
[2018.08.29-03.01.53:924][ 87]LogLoad: Game class is 'Maze_3D_GameMode'
[2018.08.29-03.01.53:925][ 87]LogWorld: Bringing World /Game/Maps/UEDPIE_0_Maze.Maze up for play (max tick rate 0) at 2018.08.28-20.01.53
[2018.08.29-03.01.53:925][ 87]LogWorld: Bringing up level for play took: 0.001277
[2018.08.29-03.01.53:926][ 87]LogGameMode: FindPlayerStart: PATHS NOT DEFINED or NO PLAYERSTART with positive rating
[2018.08.29-03.01.53:961][ 87]LogLoad: Took 0.130724 seconds to LoadMap(/Game/Maps/Maze)
[2018.08.29-03.02.38:665][878]LogBlueprintUserMessages: Early EndPlayMap Detection: Level '/Game/Maps/MainMenu.MainMenu:PersistentLevel' has LevelScriptBlueprint '/Game/Maps/MainMenu.MainMenu:PersistentLevel.MainMenu' with GeneratedClass '/Game/Maps/MainMenu.MainMenu_C' with ClassGeneratedBy '/Game/Maps/MainMenu.MainMenu:PersistentLevel.MainMenu'
[2018.08.29-03.02.38:665][878]LogSlate: Updating window title bar state: overlay mode, drag disabled, window buttons hidden, title bar hidden
[2018.08.29-03.02.38:724][878]LogPlayLevel: Display: Shutting down PIE online subsystems
[2018.08.29-03.02.38:724][878]LogBlueprintUserMessages: Late EndPlayMap Detection: Level '/Game/Maps/MainMenu.MainMenu:PersistentLevel' has LevelScriptBlueprint '/Game/Maps/MainMenu.MainMenu:PersistentLevel.MainMenu' with GeneratedClass '/Game/Maps/MainMenu.MainMenu_C' with ClassGeneratedBy '/Game/Maps/MainMenu.MainMenu:PersistentLevel.MainMenu'
[2018.08.29-03.02.38:762][878]LogSlate: Updating window title bar state: overlay mode, drag disabled, window buttons hidden, title bar hidden
[2018.08.29-03.02.38:785][879]LogPlayLevel: Display: Destroying online subsystem :Context_17
[2018.08.29-03.08.44:715][852]LogSlate: FSceneViewport::OnFocusLost() reason 0
[2018.08.29-03.08.44:831][852]Candidate modules for hot reload:
[2018.08.29-03.08.44:831][852]  Maze_3D
[2018.08.29-03.08.44:831][852]Launching UnrealBuildTool... [D:/Epic Games/UE_4.20/Engine/Binaries/DotNET/UnrealBuildTool.exe  -ModuleWithSuffix=Maze_3D,1742 Win64 Development -TargetType=Editor -Project="../../../../../My Files/The Documents/Unreal Projects/Maze_3D/Maze_3D.uproject" -canskiplink "D:/My Files/The Documents/Unreal Projects/Maze_3D/Maze_3D.uproject" ]
[2018.08.29-03.08.44:835][852]Warning: Starting HotReload took  0.0s.
[2018.08.29-03.08.51:771][675]CompilerResultsLog: New page: Compilation - Aug 28, 2018, 1:08:51 PM
[2018.08.29-03.08.51:771][675]CompilerResultsLog: Compiling game modules for hot reload
[2018.08.29-03.08.51:771][675]CompilerResultsLog: Building 3 actions with 8 processes...
[2018.08.29-03.08.51:771][675]CompilerResultsLog:   Maze.cpp
[2018.08.29-03.08.51:771][675]CompilerResultsLog:   UE4Editor-Maze_3D-1742.lib
[2018.08.29-03.08.51:771][675]CompilerResultsLog:      Creating library D:\My Files\The Documents\Unreal Projects\Maze_3D\Intermediate\Build\Win64\UE4Editor\Development\Maze_3D\UE4Editor-Maze_3D-1742.lib and object D:\My Files\The Documents\Unreal Projects\Maze_3D\Intermediate\Build\Win64\UE4Editor\Development\Maze_3D\UE4Editor-Maze_3D-1742.exp
[2018.08.29-03.08.51:771][675]CompilerResultsLog:   UE4Editor-Maze_3D-1742.dll
[2018.08.29-03.08.51:771][675]CompilerResultsLog:      Creating library D:\My Files\The Documents\Unreal Projects\Maze_3D\Intermediate\Build\Win64\UE4Editor\Development\Maze_3D\UE4Editor-Maze_3D-1742.suppressed.lib and object D:\My Files\The Documents\Unreal Projects\Maze_3D\Intermediate\Build\Win64\UE4Editor\Development\Maze_3D\UE4Editor-Maze_3D-1742.suppressed.exp
[2018.08.29-03.08.51:771][675]CompilerResultsLog: Total build time: 6.48 seconds (Parallel executor: 4.92 seconds)
[2018.08.29-03.08.51:771][675]LogMainFrame: MainFrame: Module compiling took 6.949 seconds
[2018.08.29-03.08.51:844][675]LogContentBrowser: Native class hierarchy updated for 'Maze_3D' in 0.0006 seconds. Added 9 classes and 2 folders.
[2018.08.29-03.08.51:849][675]Display: HotReload successful (10 functions remapped  0 scriptstructs remapped)
[2018.08.29-03.08.52:190][675]LogContentBrowser: Native class hierarchy populated in 0.0093 seconds. Added 2582 classes and 607 folders.
[2018.08.29-03.08.52:190][675]Display: HotReload took  7.4s.
[2018.08.29-03.08.53:554][837]LogTemp: Repeating last play command: Selected Viewport
[2018.08.29-03.08.53:581][837]LogBlueprintUserMessages: Early PlayInEditor Detection: Level '/Game/Maps/MainMenu.MainMenu:PersistentLevel' has LevelScriptBlueprint '/Game/Maps/MainMenu.MainMenu:PersistentLevel.MainMenu' with GeneratedClass '/Game/Maps/MainMenu.MainMenu_C' with ClassGeneratedBy '/Game/Maps/MainMenu.MainMenu:PersistentLevel.MainMenu'
[2018.08.29-03.08.53:581][837]LogPlayLevel: PlayLevel: No blueprints needed recompiling
[2018.08.29-03.08.53:581][837]PIE: New page: PIE session: MainMenu (Aug 28, 2018, 1:08:53 PM)
[2018.08.29-03.08.53:581][837]LogPlayLevel: Creating play world package: /Game/Maps/UEDPIE_0_MainMenu
[2018.08.29-03.08.53:583][837]LogPlayLevel: PIE: StaticDuplicateObject took: (0.001711s)
[2018.08.29-03.08.53:584][837]LogAIModule: Creating AISystem for world MainMenu
[2018.08.29-03.08.53:584][837]LogPlayLevel: PIE: World Init took: (0.001107s)
[2018.08.29-03.08.53:584][837]LogPlayLevel: PIE: Created PIE world by copying editor world from /Game/Maps/MainMenu.MainMenu to /Game/Maps/UEDPIE_0_MainMenu.MainMenu (0.003017s)
[2018.08.29-03.08.53:649][837]LogInit: XAudio2 using 'VX2370 SERIES (NVIDIA High Definition Audio)' : 2 channels at 48 kHz using 16 bits per sample (channel mask 0x3)
[2018.08.29-03.08.53:656][837]LogInit: FAudioDevice initialized.
[2018.08.29-03.08.53:686][837]LogLoad: Game class is 'Maze_3D_MenuMode'
[2018.08.29-03.08.53:687][837]LogWorld: Bringing World /Game/Maps/UEDPIE_0_MainMenu.MainMenu up for play (max tick rate 0) at 2018.08.28-20.08.53
[2018.08.29-03.08.53:687][837]LogWorld: Bringing up level for play took: 0.000411
[2018.08.29-03.08.53:701][837]PIE: Play in editor start time for /Game/Maps/UEDPIE_0_MainMenu 0.738
[2018.08.29-03.08.53:701][837]LogBlueprintUserMessages: Late PlayInEditor Detection: Level '/Game/Maps/MainMenu.MainMenu:PersistentLevel' has LevelScriptBlueprint '/Game/Maps/MainMenu.MainMenu:PersistentLevel.MainMenu' with GeneratedClass '/Game/Maps/MainMenu.MainMenu_C' with ClassGeneratedBy '/Game/Maps/MainMenu.MainMenu:PersistentLevel.MainMenu'
[2018.08.29-03.08.54:968][987]LogSlate: FSceneViewport::OnFocusLost() reason 0
[2018.08.29-03.08.55:027][994]LogNet: Browse: /Game/Maps/Maze
[2018.08.29-03.08.55:027][994]LogLoad: LoadMap: /Game/Maps/Maze
[2018.08.29-03.08.55:136][994]LogAIModule: Creating AISystem for world Maze
[2018.08.29-03.08.55:137][994]LogLoad: Game class is 'Maze_3D_GameMode'
[2018.08.29-03.08.55:139][994]LogWorld: Bringing World /Game/Maps/UEDPIE_0_Maze.Maze up for play (max tick rate 0) at 2018.08.28-20.08.55
[2018.08.29-03.08.55:139][994]LogWorld: Bringing up level for play took: 0.001367
[2018.08.29-03.08.55:139][994]LogGameMode: FindPlayerStart: PATHS NOT DEFINED or NO PLAYERSTART with positive rating
[2018.08.29-03.08.56:263][994]LogWindows: Error: === Critical error: ===
[2018.08.29-03.08.56:263][994]LogWindows: Error: 
[2018.08.29-03.08.56:263][994]LogWindows: Error: Fatal error!
[2018.08.29-03.08.56:263][994]LogWindows: Error: 
[2018.08.29-03.08.56:263][994]LogWindows: Error: Unhandled Exception: EXCEPTION_ACCESS_VIOLATION writing address 0x000003fa
[2018.08.29-03.08.56:263][994]LogWindows: Error: 
[2018.08.29-03.08.56:263][994]LogWindows: Error: [Callstack] 0x00007fff7e0ca1e0 UE4Editor-Maze_3D-1742.dll!ATile::AddElevator() [d:\my files\the documents\unreal projects\maze_3d\source\maze_3d\tile.cpp:71]
[2018.08.29-03.08.56:263][994]LogWindows: Error: [Callstack] 0x00007fff7e0c5309 UE4Editor-Maze_3D-1742.dll!AMaze::CreateElevator() [d:\my files\the documents\unreal projects\maze_3d\source\maze_3d\maze.cpp:661]
[2018.08.29-03.08.56:263][994]LogWindows: Error: [Callstack] 0x00007fff7e0c460f UE4Editor-Maze_3D-1742.dll!AMaze::BuildMaze() [d:\my files\the documents\unreal projects\maze_3d\source\maze_3d\maze.cpp:114]
[2018.08.29-03.08.56:263][994]LogWindows: Error: [Callstack] 0x00007fff5499a702 UE4Editor-Engine.dll!UnknownFunction []
[2018.08.29-03.08.56:263][994]LogWindows: Error: [Callstack] 0x00007fff55cf3759 UE4Editor-Engine.dll!UnknownFunction []
[2018.08.29-03.08.56:263][994]LogWindows: Error: [Callstack] 0x00007fff550b3bf1 UE4Editor-Engine.dll!UnknownFunction []
[2018.08.29-03.08.56:263][994]LogWindows: Error: [Callstack] 0x00007fff55cd7aae UE4Editor-Engine.dll!UnknownFunction []
[2018.08.29-03.08.56:263][994]LogWindows: Error: [Callstack] 0x00007fff55be019d UE4Editor-Engine.dll!UnknownFunction []
[2018.08.29-03.08.56:263][994]LogWindows: Error: [Callstack] 0x00007fff55b71bc3 UE4Editor-Engine.dll!UnknownFunction []
[2018.08.29-03.08.56:263][994]LogWindows: Error: [Callstack] 0x00007fff55c15f0d UE4Editor-Engine.dll!UnknownFunction []
[2018.08.29-03.08.56:263][994]LogWindows: Error: [Callstack] 0x00007fff52fc6e62 UE4Editor-UnrealEd.dll!UnknownFunction []
[2018.08.29-03.08.56:263][994]LogWindows: Error: [Callstack] 0x00007fff538bf0d6 UE4Editor-UnrealEd.dll!UnknownFunction []
[2018.08.29-03.08.56:263][994]LogWindows: Error: [Callstack] 0x00007ff700b95cbd UE4Editor.exe!UnknownFunction []
[2018.08.29-03.08.56:263][994]LogWindows: Error: [Callstack] 0x00007ff700ba5b3c UE4Editor.exe!UnknownFunction []
[2018.08.29-03.08.56:263][994]LogWindows: Error: [Callstack] 0x00007ff700ba5bba UE4Editor.exe!UnknownFunction []
[2018.08.29-03.08.56:264][994]LogWindows: Error: [Callstack] 0x00007ff700bb3dac UE4Editor.exe!UnknownFunction []
[2018.08.29-03.08.56:264][994]LogWindows: Error: [Callstack] 0x00007ff700bb5aaa UE4Editor.exe!UnknownFunction []
[2018.08.29-03.08.56:264][994]LogWindows: Error: [Callstack] 0x00007fffa3f23034 KERNEL32.DLL!UnknownFunction []
[2018.08.29-03.08.56:264][994]LogWindows: Error: [Callstack] 0x00007fffa67f1431 ntdll.dll!UnknownFunction []
[2018.08.29-03.08.56:264][994]LogWindows: Error: 
[2018.08.29-03.08.56:274][994]LogExit: Executing StaticShutdownAfterError
[2018.08.29-03.08.56:277][994]LogWindows: FPlatformMisc::RequestExit(1)
[2018.08.29-03.08.56:287][994]Log file closed, 08/28/18 20:08:56
